{"numFailedTestSuites":10,"numFailedTests":47,"numPassedTestSuites":0,"numPassedTests":0,"numPendingTestSuites":0,"numPendingTests":0,"numRuntimeErrorTestSuites":0,"numTodoTests":0,"numTotalTestSuites":10,"numTotalTests":47,"openHandles":[],"snapshot":{"added":0,"didUpdate":false,"failure":false,"filesAdded":0,"filesRemoved":0,"filesRemovedList":[],"filesUnmatched":0,"filesUpdated":0,"matched":0,"total":0,"unchecked":0,"uncheckedKeysByFile":[],"unmatched":0,"updated":0},"startTime":1781771133264,"success":false,"testResults":[{"assertionResults":[{"ancestorTitles":["Profile Tests"],"duration":1,"failureDetails":[{"name":"WebDriverError","remoteStacktrace":"\tchromedriver!GetHandleVerifier [0x7ff72eda3fa5+14925]\n\tchromedriver!GetHandleVerifier [0x7ff72eda4000+14980]\n\tchromedriver!(No symbol) [0x7ff72e8e793d]\n\tchromedriver!(No symbol) [0x7ff72e8e44ce]\n\tchromedriver!(No symbol) [0x7ff72e8d4711]\n\tchromedriver!(No symbol) [0x7ff72e8d657f]\n\tchromedriver!(No symbol) [0x7ff72e8d4cb3]\n\tchromedriver!(No symbol) [0x7ff72e8d447b]\n\tchromedriver!(No symbol) [0x7ff72e8d4131]\n\tchromedriver!(No symbol) [0x7ff72e8d1e01]\n\tchromedriver!(No symbol) [0x7ff72e8d2562]\n\tchromedriver!(No symbol) [0x7ff72e8ebbe6]\n\tchromedriver!(No symbol) [0x7ff72e9901c4]\n\tchromedriver!(No symbol) [0x7ff72e96a3ca]\n\tchromedriver!(No symbol) [0x7ff72e98f39b]\n\tchromedriver!(No symbol) [0x7ff72e93401c]\n\tchromedriver!(No symbol) [0x7ff72e934f43]\n\tchromedriver!GetHandleVerifier [0x7ff72f387591+5f7f11]\n\tchromedriver!GetHandleVerifier [0x7ff72f381902+5f2282]\n\tchromedriver!GetHandleVerifier [0x7ff72f3a7115+617a95]\n\tchromedriver!GetHandleVerifier [0x7ff72edc1dce+3274e]\n\tchromedriver!GetHandleVerifier [0x7ff72edca82c+3b1ac]\n\tchromedriver!GetHandleVerifier [0x7ff72edad744+1e0c4]\n\tchromedriver!GetHandleVerifier [0x7ff72edad8d4+1e254]\n\tchromedriver!GetHandleVerifier [0x7ff72ed91447+1dc7]\n\tKERNEL32!BaseThreadInitThunk [0x7fff92bae957+17]\n\tntdll!RtlUserThreadStart [0x7fff939a7c1c+2c]\n"}],"failureMessages":["WebDriverError: unknown error: net::ERR_CONNECTION_REFUSED\n  (Session info: chrome=149.0.7827.103)\n    at Object.throwDecodedError (C:\\Users\\then9\\Downloads\\PROJECT PDD\\collabroom-tests\\selenium\\node_modules\\selenium-webdriver\\lib\\error.js:523:15)\n    at parseHttpResponse (C:\\Users\\then9\\Downloads\\PROJECT PDD\\collabroom-tests\\selenium\\node_modules\\selenium-webdriver\\lib\\http.js:526:13)\n    at Executor.execute (C:\\Users\\then9\\Downloads\\PROJECT PDD\\collabroom-tests\\selenium\\node_modules\\selenium-webdriver\\lib\\http.js:458:28)\n    at processTicksAndRejections (node:internal/process/task_queues:104:5)\n    at Driver.execute (C:\\Users\\then9\\Downloads\\PROJECT PDD\\collabroom-tests\\selenium\\node_modules\\selenium-webdriver\\lib\\webdriver.js:745:17)\n    at login (C:\\Users\\then9\\Downloads\\PROJECT PDD\\collabroom-tests\\selenium\\helpers\\auth.js:26:3)\n    at loginAsCreator (C:\\Users\\then9\\Downloads\\PROJECT PDD\\collabroom-tests\\selenium\\helpers\\auth.js:45:3)\n    at Object.<anonymous> (C:\\Users\\then9\\Downloads\\PROJECT PDD\\collabroom-tests\\selenium\\tests\\profile.test.js:10:5)"],"fullName":"Profile Tests TC_PROF_001: /profile body visible","invocations":1,"location":null,"numPassingAsserts":0,"retryReasons":[],"status":"failed","title":"TC_PROF_001: /profile body visible"},{"ancestorTitles":["Profile Tests"],"duration":0,"failureDetails":[{"name":"WebDriverError","remoteStacktrace":"\tchromedriver!GetHandleVerifier [0x7ff72eda3fa5+14925]\n\tchromedriver!GetHandleVerifier [0x7ff72eda4000+14980]\n\tchromedriver!(No symbol) [0x7ff72e8e793d]\n\tchromedriver!(No symbol) [0x7ff72e8e44ce]\n\tchromedriver!(No symbol) [0x7ff72e8d4711]\n\tchromedriver!(No symbol) [0x7ff72e8d657f]\n\tchromedriver!(No symbol) [0x7ff72e8d4cb3]\n\tchromedriver!(No symbol) [0x7ff72e8d447b]\n\tchromedriver!(No symbol) [0x7ff72e8d4131]\n\tchromedriver!(No symbol) [0x7ff72e8d1e01]\n\tchromedriver!(No symbol) [0x7ff72e8d2562]\n\tchromedriver!(No symbol) [0x7ff72e8ebbe6]\n\tchromedriver!(No symbol) [0x7ff72e9901c4]\n\tchromedriver!(No symbol) [0x7ff72e96a3ca]\n\tchromedriver!(No symbol) [0x7ff72e98f39b]\n\tchromedriver!(No symbol) [0x7ff72e93401c]\n\tchromedriver!(No symbol) [0x7ff72e934f43]\n\tchromedriver!GetHandleVerifier [0x7ff72f387591+5f7f11]\n\tchromedriver!GetHandleVerifier [0x7ff72f381902+5f2282]\n\tchromedriver!GetHandleVerifier [0x7ff72f3a7115+617a95]\n\tchromedriver!GetHandleVerifier [0x7ff72edc1dce+3274e]\n\tchromedriver!GetHandleVerifier [0x7ff72edca82c+3b1ac]\n\tchromedriver!GetHandleVerifier [0x7ff72edad744+1e0c4]\n\tchromedriver!GetHandleVerifier [0x7ff72edad8d4+1e254]\n\tchromedriver!GetHandleVerifier [0x7ff72ed91447+1dc7]\n\tKERNEL32!BaseThreadInitThunk [0x7fff92bae957+17]\n\tntdll!RtlUserThreadStart [0x7fff939a7c1c+2c]\n"}],"failureMessages":["WebDriverError: unknown error: net::ERR_CONNECTION_REFUSED\n  (Session info: chrome=149.0.7827.103)\n    at Object.throwDecodedError (C:\\Users\\then9\\Downloads\\PROJECT PDD\\collabroom-tests\\selenium\\node_modules\\selenium-webdriver\\lib\\error.js:523:15)\n    at parseHttpResponse (C:\\Users\\then9\\Downloads\\PROJECT PDD\\collabroom-tests\\selenium\\node_modules\\selenium-webdriver\\lib\\http.js:526:13)\n    at Executor.execute (C:\\Users\\then9\\Downloads\\PROJECT PDD\\collabroom-tests\\selenium\\node_modules\\selenium-webdriver\\lib\\http.js:458:28)\n    at processTicksAndRejections (node:internal/process/task_queues:104:5)\n    at Driver.execute (C:\\Users\\then9\\Downloads\\PROJECT PDD\\collabroom-tests\\selenium\\node_modules\\selenium-webdriver\\lib\\webdriver.js:745:17)\n    at login (C:\\Users\\then9\\Downloads\\PROJECT PDD\\collabroom-tests\\selenium\\helpers\\auth.js:26:3)\n    at loginAsCreator (C:\\Users\\then9\\Downloads\\PROJECT PDD\\collabroom-tests\\selenium\\helpers\\auth.js:45:3)\n    at Object.<anonymous> (C:\\Users\\then9\\Downloads\\PROJECT PDD\\collabroom-tests\\selenium\\tests\\profile.test.js:10:5)"],"fullName":"Profile Tests TC_PROF_002: [data-testid=\"avatar\"] visible","invocations":1,"location":null,"numPassingAsserts":0,"retryReasons":[],"status":"failed","title":"TC_PROF_002: [data-testid=\"avatar\"] visible"},{"ancestorTitles":["Profile Tests"],"duration":0,"failureDetails":[{"name":"WebDriverError","remoteStacktrace":"\tchromedriver!GetHandleVerifier [0x7ff72eda3fa5+14925]\n\tchromedriver!GetHandleVerifier [0x7ff72eda4000+14980]\n\tchromedriver!(No symbol) [0x7ff72e8e793d]\n\tchromedriver!(No symbol) [0x7ff72e8e44ce]\n\tchromedriver!(No symbol) [0x7ff72e8d4711]\n\tchromedriver!(No symbol) [0x7ff72e8d657f]\n\tchromedriver!(No symbol) [0x7ff72e8d4cb3]\n\tchromedriver!(No symbol) [0x7ff72e8d447b]\n\tchromedriver!(No symbol) [0x7ff72e8d4131]\n\tchromedriver!(No symbol) [0x7ff72e8d1e01]\n\tchromedriver!(No symbol) [0x7ff72e8d2562]\n\tchromedriver!(No symbol) [0x7ff72e8ebbe6]\n\tchromedriver!(No symbol) [0x7ff72e9901c4]\n\tchromedriver!(No symbol) [0x7ff72e96a3ca]\n\tchromedriver!(No symbol) [0x7ff72e98f39b]\n\tchromedriver!(No symbol) [0x7ff72e93401c]\n\tchromedriver!(No symbol) [0x7ff72e934f43]\n\tchromedriver!GetHandleVerifier [0x7ff72f387591+5f7f11]\n\tchromedriver!GetHandleVerifier [0x7ff72f381902+5f2282]\n\tchromedriver!GetHandleVerifier [0x7ff72f3a7115+617a95]\n\tchromedriver!GetHandleVerifier [0x7ff72edc1dce+3274e]\n\tchromedriver!GetHandleVerifier [0x7ff72edca82c+3b1ac]\n\tchromedriver!GetHandleVerifier [0x7ff72edad744+1e0c4]\n\tchromedriver!GetHandleVerifier [0x7ff72edad8d4+1e254]\n\tchromedriver!GetHandleVerifier [0x7ff72ed91447+1dc7]\n\tKERNEL32!BaseThreadInitThunk [0x7fff92bae957+17]\n\tntdll!RtlUserThreadStart [0x7fff939a7c1c+2c]\n"}],"failureMessages":["WebDriverError: unknown error: net::ERR_CONNECTION_REFUSED\n  (Session info: chrome=149.0.7827.103)\n    at Object.throwDecodedError (C:\\Users\\then9\\Downloads\\PROJECT PDD\\collabroom-tests\\selenium\\node_modules\\selenium-webdriver\\lib\\error.js:523:15)\n    at parseHttpResponse (C:\\Users\\then9\\Downloads\\PROJECT PDD\\collabroom-tests\\selenium\\node_modules\\selenium-webdriver\\lib\\http.js:526:13)\n    at Executor.execute (C:\\Users\\then9\\Downloads\\PROJECT PDD\\collabroom-tests\\selenium\\node_modules\\selenium-webdriver\\lib\\http.js:458:28)\n    at processTicksAndRejections (node:internal/process/task_queues:104:5)\n    at Driver.execute (C:\\Users\\then9\\Downloads\\PROJECT PDD\\collabroom-tests\\selenium\\node_modules\\selenium-webdriver\\lib\\webdriver.js:745:17)\n    at login (C:\\Users\\then9\\Downloads\\PROJECT PDD\\collabroom-tests\\selenium\\helpers\\auth.js:26:3)\n    at loginAsCreator (C:\\Users\\then9\\Downloads\\PROJECT PDD\\collabroom-tests\\selenium\\helpers\\auth.js:45:3)\n    at Object.<anonymous> (C:\\Users\\then9\\Downloads\\PROJECT PDD\\collabroom-tests\\selenium\\tests\\profile.test.js:10:5)"],"fullName":"Profile Tests TC_PROF_003: profile name or \"@\" handle visible","invocations":1,"location":null,"numPassingAsserts":0,"retryReasons":[],"status":"failed","title":"TC_PROF_003: profile name or \"@\" handle visible"},{"ancestorTitles":["Profile Tests"],"duration":0,"failureDetails":[{"name":"WebDriverError","remoteStacktrace":"\tchromedriver!GetHandleVerifier [0x7ff72eda3fa5+14925]\n\tchromedriver!GetHandleVerifier [0x7ff72eda4000+14980]\n\tchromedriver!(No symbol) [0x7ff72e8e793d]\n\tchromedriver!(No symbol) [0x7ff72e8e44ce]\n\tchromedriver!(No symbol) [0x7ff72e8d4711]\n\tchromedriver!(No symbol) [0x7ff72e8d657f]\n\tchromedriver!(No symbol) [0x7ff72e8d4cb3]\n\tchromedriver!(No symbol) [0x7ff72e8d447b]\n\tchromedriver!(No symbol) [0x7ff72e8d4131]\n\tchromedriver!(No symbol) [0x7ff72e8d1e01]\n\tchromedriver!(No symbol) [0x7ff72e8d2562]\n\tchromedriver!(No symbol) [0x7ff72e8ebbe6]\n\tchromedriver!(No symbol) [0x7ff72e9901c4]\n\tchromedriver!(No symbol) [0x7ff72e96a3ca]\n\tchromedriver!(No symbol) [0x7ff72e98f39b]\n\tchromedriver!(No symbol) [0x7ff72e93401c]\n\tchromedriver!(No symbol) [0x7ff72e934f43]\n\tchromedriver!GetHandleVerifier [0x7ff72f387591+5f7f11]\n\tchromedriver!GetHandleVerifier [0x7ff72f381902+5f2282]\n\tchromedriver!GetHandleVerifier [0x7ff72f3a7115+617a95]\n\tchromedriver!GetHandleVerifier [0x7ff72edc1dce+3274e]\n\tchromedriver!GetHandleVerifier [0x7ff72edca82c+3b1ac]\n\tchromedriver!GetHandleVerifier [0x7ff72edad744+1e0c4]\n\tchromedriver!GetHandleVerifier [0x7ff72edad8d4+1e254]\n\tchromedriver!GetHandleVerifier [0x7ff72ed91447+1dc7]\n\tKERNEL32!BaseThreadInitThunk [0x7fff92bae957+17]\n\tntdll!RtlUserThreadStart [0x7fff939a7c1c+2c]\n"}],"failureMessages":["WebDriverError: unknown error: net::ERR_CONNECTION_REFUSED\n  (Session info: chrome=149.0.7827.103)\n    at Object.throwDecodedError (C:\\Users\\then9\\Downloads\\PROJECT PDD\\collabroom-tests\\selenium\\node_modules\\selenium-webdriver\\lib\\error.js:523:15)\n    at parseHttpResponse (C:\\Users\\then9\\Downloads\\PROJECT PDD\\collabroom-tests\\selenium\\node_modules\\selenium-webdriver\\lib\\http.js:526:13)\n    at Executor.execute (C:\\Users\\then9\\Downloads\\PROJECT PDD\\collabroom-tests\\selenium\\node_modules\\selenium-webdriver\\lib\\http.js:458:28)\n    at processTicksAndRejections (node:internal/process/task_queues:104:5)\n    at Driver.execute (C:\\Users\\then9\\Downloads\\PROJECT PDD\\collabroom-tests\\selenium\\node_modules\\selenium-webdriver\\lib\\webdriver.js:745:17)\n    at login (C:\\Users\\then9\\Downloads\\PROJECT PDD\\collabroom-tests\\selenium\\helpers\\auth.js:26:3)\n    at loginAsCreator (C:\\Users\\then9\\Downloads\\PROJECT PDD\\collabroom-tests\\selenium\\helpers\\auth.js:45:3)\n    at Object.<anonymous> (C:\\Users\\then9\\Downloads\\PROJECT PDD\\collabroom-tests\\selenium\\tests\\profile.test.js:10:5)"],"fullName":"Profile Tests TC_PROF_004: text \"Edit\" visible","invocations":1,"location":null,"numPassingAsserts":0,"retryReasons":[],"status":"failed","title":"TC_PROF_004: text \"Edit\" visible"},{"ancestorTitles":["Profile Tests"],"duration":0,"failureDetails":[{"name":"WebDriverError","remoteStacktrace":"\tchromedriver!GetHandleVerifier [0x7ff72eda3fa5+14925]\n\tchromedriver!GetHandleVerifier [0x7ff72eda4000+14980]\n\tchromedriver!(No symbol) [0x7ff72e8e793d]\n\tchromedriver!(No symbol) [0x7ff72e8e44ce]\n\tchromedriver!(No symbol) [0x7ff72e8d4711]\n\tchromedriver!(No symbol) [0x7ff72e8d657f]\n\tchromedriver!(No symbol) [0x7ff72e8d4cb3]\n\tchromedriver!(No symbol) [0x7ff72e8d447b]\n\tchromedriver!(No symbol) [0x7ff72e8d4131]\n\tchromedriver!(No symbol) [0x7ff72e8d1e01]\n\tchromedriver!(No symbol) [0x7ff72e8d2562]\n\tchromedriver!(No symbol) [0x7ff72e8ebbe6]\n\tchromedriver!(No symbol) [0x7ff72e9901c4]\n\tchromedriver!(No symbol) [0x7ff72e96a3ca]\n\tchromedriver!(No symbol) [0x7ff72e98f39b]\n\tchromedriver!(No symbol) [0x7ff72e93401c]\n\tchromedriver!(No symbol) [0x7ff72e934f43]\n\tchromedriver!GetHandleVerifier [0x7ff72f387591+5f7f11]\n\tchromedriver!GetHandleVerifier [0x7ff72f381902+5f2282]\n\tchromedriver!GetHandleVerifier [0x7ff72f3a7115+617a95]\n\tchromedriver!GetHandleVerifier [0x7ff72edc1dce+3274e]\n\tchromedriver!GetHandleVerifier [0x7ff72edca82c+3b1ac]\n\tchromedriver!GetHandleVerifier [0x7ff72edad744+1e0c4]\n\tchromedriver!GetHandleVerifier [0x7ff72edad8d4+1e254]\n\tchromedriver!GetHandleVerifier [0x7ff72ed91447+1dc7]\n\tKERNEL32!BaseThreadInitThunk [0x7fff92bae957+17]\n\tntdll!RtlUserThreadStart [0x7fff939a7c1c+2c]\n"}],"failureMessages":["WebDriverError: unknown error: net::ERR_CONNECTION_REFUSED\n  (Session info: chrome=149.0.7827.103)\n    at Object.throwDecodedError (C:\\Users\\then9\\Downloads\\PROJECT PDD\\collabroom-tests\\selenium\\node_modules\\selenium-webdriver\\lib\\error.js:523:15)\n    at parseHttpResponse (C:\\Users\\then9\\Downloads\\PROJECT PDD\\collabroom-tests\\selenium\\node_modules\\selenium-webdriver\\lib\\http.js:526:13)\n    at Executor.execute (C:\\Users\\then9\\Downloads\\PROJECT PDD\\collabroom-tests\\selenium\\node_modules\\selenium-webdriver\\lib\\http.js:458:28)\n    at processTicksAndRejections (node:internal/process/task_queues:104:5)\n    at Driver.execute (C:\\Users\\then9\\Downloads\\PROJECT PDD\\collabroom-tests\\selenium\\node_modules\\selenium-webdriver\\lib\\webdriver.js:745:17)\n    at login (C:\\Users\\then9\\Downloads\\PROJECT PDD\\collabroom-tests\\selenium\\helpers\\auth.js:26:3)\n    at loginAsCreator (C:\\Users\\then9\\Downloads\\PROJECT PDD\\collabroom-tests\\selenium\\helpers\\auth.js:45:3)\n    at Object.<anonymous> (C:\\Users\\then9\\Downloads\\PROJECT PDD\\collabroom-tests\\selenium\\tests\\profile.test.js:10:5)"],"fullName":"Profile Tests TC_PROF_005: text \"Instagram\" or \"YouTube\" or \"Social\" visible","invocations":1,"location":null,"numPassingAsserts":0,"retryReasons":[],"status":"failed","title":"TC_PROF_005: text \"Instagram\" or \"YouTube\" or \"Social\" visible"},{"ancestorTitles":["Profile Tests"],"duration":0,"failureDetails":[{"name":"WebDriverError","remoteStacktrace":"\tchromedriver!GetHandleVerifier [0x7ff72eda3fa5+14925]\n\tchromedriver!GetHandleVerifier [0x7ff72eda4000+14980]\n\tchromedriver!(No symbol) [0x7ff72e8e793d]\n\tchromedriver!(No symbol) [0x7ff72e8e44ce]\n\tchromedriver!(No symbol) [0x7ff72e8d4711]\n\tchromedriver!(No symbol) [0x7ff72e8d657f]\n\tchromedriver!(No symbol) [0x7ff72e8d4cb3]\n\tchromedriver!(No symbol) [0x7ff72e8d447b]\n\tchromedriver!(No symbol) [0x7ff72e8d4131]\n\tchromedriver!(No symbol) [0x7ff72e8d1e01]\n\tchromedriver!(No symbol) [0x7ff72e8d2562]\n\tchromedriver!(No symbol) [0x7ff72e8ebbe6]\n\tchromedriver!(No symbol) [0x7ff72e9901c4]\n\tchromedriver!(No symbol) [0x7ff72e96a3ca]\n\tchromedriver!(No symbol) [0x7ff72e98f39b]\n\tchromedriver!(No symbol) [0x7ff72e93401c]\n\tchromedriver!(No symbol) [0x7ff72e934f43]\n\tchromedriver!GetHandleVerifier [0x7ff72f387591+5f7f11]\n\tchromedriver!GetHandleVerifier [0x7ff72f381902+5f2282]\n\tchromedriver!GetHandleVerifier [0x7ff72f3a7115+617a95]\n\tchromedriver!GetHandleVerifier [0x7ff72edc1dce+3274e]\n\tchromedriver!GetHandleVerifier [0x7ff72edca82c+3b1ac]\n\tchromedriver!GetHandleVerifier [0x7ff72edad744+1e0c4]\n\tchromedriver!GetHandleVerifier [0x7ff72edad8d4+1e254]\n\tchromedriver!GetHandleVerifier [0x7ff72ed91447+1dc7]\n\tKERNEL32!BaseThreadInitThunk [0x7fff92bae957+17]\n\tntdll!RtlUserThreadStart [0x7fff939a7c1c+2c]\n"}],"failureMessages":["WebDriverError: unknown error: net::ERR_CONNECTION_REFUSED\n  (Session info: chrome=149.0.7827.103)\n    at Object.throwDecodedError (C:\\Users\\then9\\Downloads\\PROJECT PDD\\collabroom-tests\\selenium\\node_modules\\selenium-webdriver\\lib\\error.js:523:15)\n    at parseHttpResponse (C:\\Users\\then9\\Downloads\\PROJECT PDD\\collabroom-tests\\selenium\\node_modules\\selenium-webdriver\\lib\\http.js:526:13)\n    at Executor.execute (C:\\Users\\then9\\Downloads\\PROJECT PDD\\collabroom-tests\\selenium\\node_modules\\selenium-webdriver\\lib\\http.js:458:28)\n    at processTicksAndRejections (node:internal/process/task_queues:104:5)\n    at Driver.execute (C:\\Users\\then9\\Downloads\\PROJECT PDD\\collabroom-tests\\selenium\\node_modules\\selenium-webdriver\\lib\\webdriver.js:745:17)\n    at login (C:\\Users\\then9\\Downloads\\PROJECT PDD\\collabroom-tests\\selenium\\helpers\\auth.js:26:3)\n    at loginAsCreator (C:\\Users\\then9\\Downloads\\PROJECT PDD\\collabroom-tests\\selenium\\helpers\\auth.js:45:3)\n    at Object.<anonymous> (C:\\Users\\then9\\Downloads\\PROJECT PDD\\collabroom-tests\\selenium\\tests\\profile.test.js:10:5)"],"fullName":"Profile Tests TC_PROF_006: [data-testid=\"completeness-bar\"] visible","invocations":1,"location":null,"numPassingAsserts":0,"retryReasons":[],"status":"failed","title":"TC_PROF_006: [data-testid=\"completeness-bar\"] visible"}],"endTime":1781771143994,"message":"  ● Profile Tests › TC_PROF_001: /profile body visible\n\n    WebDriverError: unknown error: net::ERR_CONNECTION_REFUSED\n      (Session info: chrome=149.0.7827.103)\n\n    \u001b[0m \u001b[90m 24 |\u001b[39m\n     \u001b[90m 25 |\u001b[39m \u001b[36masync\u001b[39m \u001b[36mfunction\u001b[39m login(driver\u001b[33m,\u001b[39m email\u001b[33m,\u001b[39m password) {\n    \u001b[31m\u001b[1m>\u001b[22m\u001b[39m\u001b[90m 26 |\u001b[39m   \u001b[36mawait\u001b[39m driver\u001b[33m.\u001b[39m\u001b[36mget\u001b[39m(testData\u001b[33m.\u001b[39m\u001b[33mBASE_URL\u001b[39m \u001b[33m+\u001b[39m \u001b[32m'/'\u001b[39m)\u001b[33m;\u001b[39m\n     \u001b[90m    |\u001b[39m   \u001b[31m\u001b[1m^\u001b[22m\u001b[39m\n     \u001b[90m 27 |\u001b[39m   \u001b[36mawait\u001b[39m driver\u001b[33m.\u001b[39msleep(\u001b[35m500\u001b[39m)\u001b[33m;\u001b[39m\n     \u001b[90m 28 |\u001b[39m   \u001b[36mawait\u001b[39m driver\u001b[33m.\u001b[39mexecuteScript(\u001b[32m`localStorage.clear(); sessionStorage.clear();`\u001b[39m)\u001b[33m;\u001b[39m\n     \u001b[90m 29 |\u001b[39m   \u001b[36mawait\u001b[39m driver\u001b[33m.\u001b[39m\u001b[36mget\u001b[39m(testData\u001b[33m.\u001b[39m\u001b[33mBASE_URL\u001b[39m \u001b[33m+\u001b[39m \u001b[32m'/#/login'\u001b[39m)\u001b[33m;\u001b[39m\u001b[0m\n\n      at Object.throwDecodedError (node_modules/selenium-webdriver/lib/error.js:523:15)\n      at parseHttpResponse (node_modules/selenium-webdriver/lib/http.js:526:13)\n      at Executor.execute (node_modules/selenium-webdriver/lib/http.js:458:28)\n      at Driver.execute (node_modules/selenium-webdriver/lib/webdriver.js:745:17)\n      at login (helpers/auth.js:26:3)\n      at loginAsCreator (helpers/auth.js:45:3)\n      at Object.<anonymous> (tests/profile.test.js:10:5)\n\n  ● Profile Tests › TC_PROF_002: [data-testid=\"avatar\"] visible\n\n    WebDriverError: unknown error: net::ERR_CONNECTION_REFUSED\n      (Session info: chrome=149.0.7827.103)\n\n    \u001b[0m \u001b[90m 24 |\u001b[39m\n     \u001b[90m 25 |\u001b[39m \u001b[36masync\u001b[39m \u001b[36mfunction\u001b[39m login(driver\u001b[33m,\u001b[39m email\u001b[33m,\u001b[39m password) {\n    \u001b[31m\u001b[1m>\u001b[22m\u001b[39m\u001b[90m 26 |\u001b[39m   \u001b[36mawait\u001b[39m driver\u001b[33m.\u001b[39m\u001b[36mget\u001b[39m(testData\u001b[33m.\u001b[39m\u001b[33mBASE_URL\u001b[39m \u001b[33m+\u001b[39m \u001b[32m'/'\u001b[39m)\u001b[33m;\u001b[39m\n     \u001b[90m    |\u001b[39m   \u001b[31m\u001b[1m^\u001b[22m\u001b[39m\n     \u001b[90m 27 |\u001b[39m   \u001b[36mawait\u001b[39m driver\u001b[33m.\u001b[39msleep(\u001b[35m500\u001b[39m)\u001b[33m;\u001b[39m\n     \u001b[90m 28 |\u001b[39m   \u001b[36mawait\u001b[39m driver\u001b[33m.\u001b[39mexecuteScript(\u001b[32m`localStorage.clear(); sessionStorage.clear();`\u001b[39m)\u001b[33m;\u001b[39m\n     \u001b[90m 29 |\u001b[39m   \u001b[36mawait\u001b[39m driver\u001b[33m.\u001b[39m\u001b[36mget\u001b[39m(testData\u001b[33m.\u001b[39m\u001b[33mBASE_URL\u001b[39m \u001b[33m+\u001b[39m \u001b[32m'/#/login'\u001b[39m)\u001b[33m;\u001b[39m\u001b[0m\n\n      at Object.throwDecodedError (node_modules/selenium-webdriver/lib/error.js:523:15)\n      at parseHttpResponse (node_modules/selenium-webdriver/lib/http.js:526:13)\n      at Executor.execute (node_modules/selenium-webdriver/lib/http.js:458:28)\n      at Driver.execute (node_modules/selenium-webdriver/lib/webdriver.js:745:17)\n      at login (helpers/auth.js:26:3)\n      at loginAsCreator (helpers/auth.js:45:3)\n      at Object.<anonymous> (tests/profile.test.js:10:5)\n\n  ● Profile Tests › TC_PROF_003: profile name or \"@\" handle visible\n\n    WebDriverError: unknown error: net::ERR_CONNECTION_REFUSED\n      (Session info: chrome=149.0.7827.103)\n\n    \u001b[0m \u001b[90m 24 |\u001b[39m\n     \u001b[90m 25 |\u001b[39m \u001b[36masync\u001b[39m \u001b[36mfunction\u001b[39m login(driver\u001b[33m,\u001b[39m email\u001b[33m,\u001b[39m password) {\n    \u001b[31m\u001b[1m>\u001b[22m\u001b[39m\u001b[90m 26 |\u001b[39m   \u001b[36mawait\u001b[39m driver\u001b[33m.\u001b[39m\u001b[36mget\u001b[39m(testData\u001b[33m.\u001b[39m\u001b[33mBASE_URL\u001b[39m \u001b[33m+\u001b[39m \u001b[32m'/'\u001b[39m)\u001b[33m;\u001b[39m\n     \u001b[90m    |\u001b[39m   \u001b[31m\u001b[1m^\u001b[22m\u001b[39m\n     \u001b[90m 27 |\u001b[39m   \u001b[36mawait\u001b[39m driver\u001b[33m.\u001b[39msleep(\u001b[35m500\u001b[39m)\u001b[33m;\u001b[39m\n     \u001b[90m 28 |\u001b[39m   \u001b[36mawait\u001b[39m driver\u001b[33m.\u001b[39mexecuteScript(\u001b[32m`localStorage.clear(); sessionStorage.clear();`\u001b[39m)\u001b[33m;\u001b[39m\n     \u001b[90m 29 |\u001b[39m   \u001b[36mawait\u001b[39m driver\u001b[33m.\u001b[39m\u001b[36mget\u001b[39m(testData\u001b[33m.\u001b[39m\u001b[33mBASE_URL\u001b[39m \u001b[33m+\u001b[39m \u001b[32m'/#/login'\u001b[39m)\u001b[33m;\u001b[39m\u001b[0m\n\n      at Object.throwDecodedError (node_modules/selenium-webdriver/lib/error.js:523:15)\n      at parseHttpResponse (node_modules/selenium-webdriver/lib/http.js:526:13)\n      at Executor.execute (node_modules/selenium-webdriver/lib/http.js:458:28)\n      at Driver.execute (node_modules/selenium-webdriver/lib/webdriver.js:745:17)\n      at login (helpers/auth.js:26:3)\n      at loginAsCreator (helpers/auth.js:45:3)\n      at Object.<anonymous> (tests/profile.test.js:10:5)\n\n  ● Profile Tests › TC_PROF_004: text \"Edit\" visible\n\n    WebDriverError: unknown error: net::ERR_CONNECTION_REFUSED\n      (Session info: chrome=149.0.7827.103)\n\n    \u001b[0m \u001b[90m 24 |\u001b[39m\n     \u001b[90m 25 |\u001b[39m \u001b[36masync\u001b[39m \u001b[36mfunction\u001b[39m login(driver\u001b[33m,\u001b[39m email\u001b[33m,\u001b[39m password) {\n    \u001b[31m\u001b[1m>\u001b[22m\u001b[39m\u001b[90m 26 |\u001b[39m   \u001b[36mawait\u001b[39m driver\u001b[33m.\u001b[39m\u001b[36mget\u001b[39m(testData\u001b[33m.\u001b[39m\u001b[33mBASE_URL\u001b[39m \u001b[33m+\u001b[39m \u001b[32m'/'\u001b[39m)\u001b[33m;\u001b[39m\n     \u001b[90m    |\u001b[39m   \u001b[31m\u001b[1m^\u001b[22m\u001b[39m\n     \u001b[90m 27 |\u001b[39m   \u001b[36mawait\u001b[39m driver\u001b[33m.\u001b[39msleep(\u001b[35m500\u001b[39m)\u001b[33m;\u001b[39m\n     \u001b[90m 28 |\u001b[39m   \u001b[36mawait\u001b[39m driver\u001b[33m.\u001b[39mexecuteScript(\u001b[32m`localStorage.clear(); sessionStorage.clear();`\u001b[39m)\u001b[33m;\u001b[39m\n     \u001b[90m 29 |\u001b[39m   \u001b[36mawait\u001b[39m driver\u001b[33m.\u001b[39m\u001b[36mget\u001b[39m(testData\u001b[33m.\u001b[39m\u001b[33mBASE_URL\u001b[39m \u001b[33m+\u001b[39m \u001b[32m'/#/login'\u001b[39m)\u001b[33m;\u001b[39m\u001b[0m\n\n      at Object.throwDecodedError (node_modules/selenium-webdriver/lib/error.js:523:15)\n      at parseHttpResponse (node_modules/selenium-webdriver/lib/http.js:526:13)\n      at Executor.execute (node_modules/selenium-webdriver/lib/http.js:458:28)\n      at Driver.execute (node_modules/selenium-webdriver/lib/webdriver.js:745:17)\n      at login (helpers/auth.js:26:3)\n      at loginAsCreator (helpers/auth.js:45:3)\n      at Object.<anonymous> (tests/profile.test.js:10:5)\n\n  ● Profile Tests › TC_PROF_005: text \"Instagram\" or \"YouTube\" or \"Social\" visible\n\n    WebDriverError: unknown error: net::ERR_CONNECTION_REFUSED\n      (Session info: chrome=149.0.7827.103)\n\n    \u001b[0m \u001b[90m 24 |\u001b[39m\n     \u001b[90m 25 |\u001b[39m \u001b[36masync\u001b[39m \u001b[36mfunction\u001b[39m login(driver\u001b[33m,\u001b[39m email\u001b[33m,\u001b[39m password) {\n    \u001b[31m\u001b[1m>\u001b[22m\u001b[39m\u001b[90m 26 |\u001b[39m   \u001b[36mawait\u001b[39m driver\u001b[33m.\u001b[39m\u001b[36mget\u001b[39m(testData\u001b[33m.\u001b[39m\u001b[33mBASE_URL\u001b[39m \u001b[33m+\u001b[39m \u001b[32m'/'\u001b[39m)\u001b[33m;\u001b[39m\n     \u001b[90m    |\u001b[39m   \u001b[31m\u001b[1m^\u001b[22m\u001b[39m\n     \u001b[90m 27 |\u001b[39m   \u001b[36mawait\u001b[39m driver\u001b[33m.\u001b[39msleep(\u001b[35m500\u001b[39m)\u001b[33m;\u001b[39m\n     \u001b[90m 28 |\u001b[39m   \u001b[36mawait\u001b[39m driver\u001b[33m.\u001b[39mexecuteScript(\u001b[32m`localStorage.clear(); sessionStorage.clear();`\u001b[39m)\u001b[33m;\u001b[39m\n     \u001b[90m 29 |\u001b[39m   \u001b[36mawait\u001b[39m driver\u001b[33m.\u001b[39m\u001b[36mget\u001b[39m(testData\u001b[33m.\u001b[39m\u001b[33mBASE_URL\u001b[39m \u001b[33m+\u001b[39m \u001b[32m'/#/login'\u001b[39m)\u001b[33m;\u001b[39m\u001b[0m\n\n      at Object.throwDecodedError (node_modules/selenium-webdriver/lib/error.js:523:15)\n      at parseHttpResponse (node_modules/selenium-webdriver/lib/http.js:526:13)\n      at Executor.execute (node_modules/selenium-webdriver/lib/http.js:458:28)\n      at Driver.execute (node_modules/selenium-webdriver/lib/webdriver.js:745:17)\n      at login (helpers/auth.js:26:3)\n      at loginAsCreator (helpers/auth.js:45:3)\n      at Object.<anonymous> (tests/profile.test.js:10:5)\n\n  ● Profile Tests › TC_PROF_006: [data-testid=\"completeness-bar\"] visible\n\n    WebDriverError: unknown error: net::ERR_CONNECTION_REFUSED\n      (Session info: chrome=149.0.7827.103)\n\n    \u001b[0m \u001b[90m 24 |\u001b[39m\n     \u001b[90m 25 |\u001b[39m \u001b[36masync\u001b[39m \u001b[36mfunction\u001b[39m login(driver\u001b[33m,\u001b[39m email\u001b[33m,\u001b[39m password) {\n    \u001b[31m\u001b[1m>\u001b[22m\u001b[39m\u001b[90m 26 |\u001b[39m   \u001b[36mawait\u001b[39m driver\u001b[33m.\u001b[39m\u001b[36mget\u001b[39m(testData\u001b[33m.\u001b[39m\u001b[33mBASE_URL\u001b[39m \u001b[33m+\u001b[39m \u001b[32m'/'\u001b[39m)\u001b[33m;\u001b[39m\n     \u001b[90m    |\u001b[39m   \u001b[31m\u001b[1m^\u001b[22m\u001b[39m\n     \u001b[90m 27 |\u001b[39m   \u001b[36mawait\u001b[39m driver\u001b[33m.\u001b[39msleep(\u001b[35m500\u001b[39m)\u001b[33m;\u001b[39m\n     \u001b[90m 28 |\u001b[39m   \u001b[36mawait\u001b[39m driver\u001b[33m.\u001b[39mexecuteScript(\u001b[32m`localStorage.clear(); sessionStorage.clear();`\u001b[39m)\u001b[33m;\u001b[39m\n     \u001b[90m 29 |\u001b[39m   \u001b[36mawait\u001b[39m driver\u001b[33m.\u001b[39m\u001b[36mget\u001b[39m(testData\u001b[33m.\u001b[39m\u001b[33mBASE_URL\u001b[39m \u001b[33m+\u001b[39m \u001b[32m'/#/login'\u001b[39m)\u001b[33m;\u001b[39m\u001b[0m\n\n      at Object.throwDecodedError (node_modules/selenium-webdriver/lib/error.js:523:15)\n      at parseHttpResponse (node_modules/selenium-webdriver/lib/http.js:526:13)\n      at Executor.execute (node_modules/selenium-webdriver/lib/http.js:458:28)\n      at Driver.execute (node_modules/selenium-webdriver/lib/webdriver.js:745:17)\n      at login (helpers/auth.js:26:3)\n      at loginAsCreator (helpers/auth.js:45:3)\n      at Object.<anonymous> (tests/profile.test.js:10:5)\n","name":"C:\\Users\\then9\\Downloads\\PROJECT PDD\\collabroom-tests\\selenium\\tests\\profile.test.js","startTime":1781771133341,"status":"failed","summary":""},{"assertionResults":[{"ancestorTitles":["Inbox Tests"],"duration":0,"failureDetails":[{"name":"WebDriverError","remoteStacktrace":"\tchromedriver!GetHandleVerifier [0x7ff72eda3fa5+14925]\n\tchromedriver!GetHandleVerifier [0x7ff72eda4000+14980]\n\tchromedriver!(No symbol) [0x7ff72e8e793d]\n\tchromedriver!(No symbol) [0x7ff72e8e44ce]\n\tchromedriver!(No symbol) [0x7ff72e8d4711]\n\tchromedriver!(No symbol) [0x7ff72e8d657f]\n\tchromedriver!(No symbol) [0x7ff72e8d4cb3]\n\tchromedriver!(No symbol) [0x7ff72e8d447b]\n\tchromedriver!(No symbol) [0x7ff72e8d4131]\n\tchromedriver!(No symbol) [0x7ff72e8d1e01]\n\tchromedriver!(No symbol) [0x7ff72e8d2562]\n\tchromedriver!(No symbol) [0x7ff72e8ebbe6]\n\tchromedriver!(No symbol) [0x7ff72e9901c4]\n\tchromedriver!(No symbol) [0x7ff72e96a3ca]\n\tchromedriver!(No symbol) [0x7ff72e98f39b]\n\tchromedriver!(No symbol) [0x7ff72e93401c]\n\tchromedriver!(No symbol) [0x7ff72e934f43]\n\tchromedriver!GetHandleVerifier [0x7ff72f387591+5f7f11]\n\tchromedriver!GetHandleVerifier [0x7ff72f381902+5f2282]\n\tchromedriver!GetHandleVerifier [0x7ff72f3a7115+617a95]\n\tchromedriver!GetHandleVerifier [0x7ff72edc1dce+3274e]\n\tchromedriver!GetHandleVerifier [0x7ff72edca82c+3b1ac]\n\tchromedriver!GetHandleVerifier [0x7ff72edad744+1e0c4]\n\tchromedriver!GetHandleVerifier [0x7ff72edad8d4+1e254]\n\tchromedriver!GetHandleVerifier [0x7ff72ed91447+1dc7]\n\tKERNEL32!BaseThreadInitThunk [0x7fff92bae957+17]\n\tntdll!RtlUserThreadStart [0x7fff939a7c1c+2c]\n"}],"failureMessages":["WebDriverError: unknown error: net::ERR_CONNECTION_REFUSED\n  (Session info: chrome=149.0.7827.103)\n    at Object.throwDecodedError (C:\\Users\\then9\\Downloads\\PROJECT PDD\\collabroom-tests\\selenium\\node_modules\\selenium-webdriver\\lib\\error.js:523:15)\n    at parseHttpResponse (C:\\Users\\then9\\Downloads\\PROJECT PDD\\collabroom-tests\\selenium\\node_modules\\selenium-webdriver\\lib\\http.js:526:13)\n    at Executor.execute (C:\\Users\\then9\\Downloads\\PROJECT PDD\\collabroom-tests\\selenium\\node_modules\\selenium-webdriver\\lib\\http.js:458:28)\n    at processTicksAndRejections (node:internal/process/task_queues:104:5)\n    at Driver.execute (C:\\Users\\then9\\Downloads\\PROJECT PDD\\collabroom-tests\\selenium\\node_modules\\selenium-webdriver\\lib\\webdriver.js:745:17)\n    at login (C:\\Users\\then9\\Downloads\\PROJECT PDD\\collabroom-tests\\selenium\\helpers\\auth.js:26:3)\n    at loginAsCreator (C:\\Users\\then9\\Downloads\\PROJECT PDD\\collabroom-tests\\selenium\\helpers\\auth.js:45:3)\n    at Object.<anonymous> (C:\\Users\\then9\\Downloads\\PROJECT PDD\\collabroom-tests\\selenium\\tests\\inbox.test.js:11:5)"],"fullName":"Inbox Tests TC_INBX_001: /inbox body visible","invocations":1,"location":null,"numPassingAsserts":0,"retryReasons":[],"status":"failed","title":"TC_INBX_001: /inbox body visible"},{"ancestorTitles":["Inbox Tests"],"duration":0,"failureDetails":[{"name":"WebDriverError","remoteStacktrace":"\tchromedriver!GetHandleVerifier [0x7ff72eda3fa5+14925]\n\tchromedriver!GetHandleVerifier [0x7ff72eda4000+14980]\n\tchromedriver!(No symbol) [0x7ff72e8e793d]\n\tchromedriver!(No symbol) [0x7ff72e8e44ce]\n\tchromedriver!(No symbol) [0x7ff72e8d4711]\n\tchromedriver!(No symbol) [0x7ff72e8d657f]\n\tchromedriver!(No symbol) [0x7ff72e8d4cb3]\n\tchromedriver!(No symbol) [0x7ff72e8d447b]\n\tchromedriver!(No symbol) [0x7ff72e8d4131]\n\tchromedriver!(No symbol) [0x7ff72e8d1e01]\n\tchromedriver!(No symbol) [0x7ff72e8d2562]\n\tchromedriver!(No symbol) [0x7ff72e8ebbe6]\n\tchromedriver!(No symbol) [0x7ff72e9901c4]\n\tchromedriver!(No symbol) [0x7ff72e96a3ca]\n\tchromedriver!(No symbol) [0x7ff72e98f39b]\n\tchromedriver!(No symbol) [0x7ff72e93401c]\n\tchromedriver!(No symbol) [0x7ff72e934f43]\n\tchromedriver!GetHandleVerifier [0x7ff72f387591+5f7f11]\n\tchromedriver!GetHandleVerifier [0x7ff72f381902+5f2282]\n\tchromedriver!GetHandleVerifier [0x7ff72f3a7115+617a95]\n\tchromedriver!GetHandleVerifier [0x7ff72edc1dce+3274e]\n\tchromedriver!GetHandleVerifier [0x7ff72edca82c+3b1ac]\n\tchromedriver!GetHandleVerifier [0x7ff72edad744+1e0c4]\n\tchromedriver!GetHandleVerifier [0x7ff72edad8d4+1e254]\n\tchromedriver!GetHandleVerifier [0x7ff72ed91447+1dc7]\n\tKERNEL32!BaseThreadInitThunk [0x7fff92bae957+17]\n\tntdll!RtlUserThreadStart [0x7fff939a7c1c+2c]\n"}],"failureMessages":["WebDriverError: unknown error: net::ERR_CONNECTION_REFUSED\n  (Session info: chrome=149.0.7827.103)\n    at Object.throwDecodedError (C:\\Users\\then9\\Downloads\\PROJECT PDD\\collabroom-tests\\selenium\\node_modules\\selenium-webdriver\\lib\\error.js:523:15)\n    at parseHttpResponse (C:\\Users\\then9\\Downloads\\PROJECT PDD\\collabroom-tests\\selenium\\node_modules\\selenium-webdriver\\lib\\http.js:526:13)\n    at Executor.execute (C:\\Users\\then9\\Downloads\\PROJECT PDD\\collabroom-tests\\selenium\\node_modules\\selenium-webdriver\\lib\\http.js:458:28)\n    at processTicksAndRejections (node:internal/process/task_queues:104:5)\n    at Driver.execute (C:\\Users\\then9\\Downloads\\PROJECT PDD\\collabroom-tests\\selenium\\node_modules\\selenium-webdriver\\lib\\webdriver.js:745:17)\n    at login (C:\\Users\\then9\\Downloads\\PROJECT PDD\\collabroom-tests\\selenium\\helpers\\auth.js:26:3)\n    at loginAsCreator (C:\\Users\\then9\\Downloads\\PROJECT PDD\\collabroom-tests\\selenium\\helpers\\auth.js:45:3)\n    at Object.<anonymous> (C:\\Users\\then9\\Downloads\\PROJECT PDD\\collabroom-tests\\selenium\\tests\\inbox.test.js:11:5)"],"fullName":"Inbox Tests TC_INBX_002: conversation list items visible (count > 0)","invocations":1,"location":null,"numPassingAsserts":0,"retryReasons":[],"status":"failed","title":"TC_INBX_002: conversation list items visible (count > 0)"},{"ancestorTitles":["Inbox Tests"],"duration":0,"failureDetails":[{"name":"WebDriverError","remoteStacktrace":"\tchromedriver!GetHandleVerifier [0x7ff72eda3fa5+14925]\n\tchromedriver!GetHandleVerifier [0x7ff72eda4000+14980]\n\tchromedriver!(No symbol) [0x7ff72e8e793d]\n\tchromedriver!(No symbol) [0x7ff72e8e44ce]\n\tchromedriver!(No symbol) [0x7ff72e8d4711]\n\tchromedriver!(No symbol) [0x7ff72e8d657f]\n\tchromedriver!(No symbol) [0x7ff72e8d4cb3]\n\tchromedriver!(No symbol) [0x7ff72e8d447b]\n\tchromedriver!(No symbol) [0x7ff72e8d4131]\n\tchromedriver!(No symbol) [0x7ff72e8d1e01]\n\tchromedriver!(No symbol) [0x7ff72e8d2562]\n\tchromedriver!(No symbol) [0x7ff72e8ebbe6]\n\tchromedriver!(No symbol) [0x7ff72e9901c4]\n\tchromedriver!(No symbol) [0x7ff72e96a3ca]\n\tchromedriver!(No symbol) [0x7ff72e98f39b]\n\tchromedriver!(No symbol) [0x7ff72e93401c]\n\tchromedriver!(No symbol) [0x7ff72e934f43]\n\tchromedriver!GetHandleVerifier [0x7ff72f387591+5f7f11]\n\tchromedriver!GetHandleVerifier [0x7ff72f381902+5f2282]\n\tchromedriver!GetHandleVerifier [0x7ff72f3a7115+617a95]\n\tchromedriver!GetHandleVerifier [0x7ff72edc1dce+3274e]\n\tchromedriver!GetHandleVerifier [0x7ff72edca82c+3b1ac]\n\tchromedriver!GetHandleVerifier [0x7ff72edad744+1e0c4]\n\tchromedriver!GetHandleVerifier [0x7ff72edad8d4+1e254]\n\tchromedriver!GetHandleVerifier [0x7ff72ed91447+1dc7]\n\tKERNEL32!BaseThreadInitThunk [0x7fff92bae957+17]\n\tntdll!RtlUserThreadStart [0x7fff939a7c1c+2c]\n"}],"failureMessages":["WebDriverError: unknown error: net::ERR_CONNECTION_REFUSED\n  (Session info: chrome=149.0.7827.103)\n    at Object.throwDecodedError (C:\\Users\\then9\\Downloads\\PROJECT PDD\\collabroom-tests\\selenium\\node_modules\\selenium-webdriver\\lib\\error.js:523:15)\n    at parseHttpResponse (C:\\Users\\then9\\Downloads\\PROJECT PDD\\collabroom-tests\\selenium\\node_modules\\selenium-webdriver\\lib\\http.js:526:13)\n    at Executor.execute (C:\\Users\\then9\\Downloads\\PROJECT PDD\\collabroom-tests\\selenium\\node_modules\\selenium-webdriver\\lib\\http.js:458:28)\n    at processTicksAndRejections (node:internal/process/task_queues:104:5)\n    at Driver.execute (C:\\Users\\then9\\Downloads\\PROJECT PDD\\collabroom-tests\\selenium\\node_modules\\selenium-webdriver\\lib\\webdriver.js:745:17)\n    at login (C:\\Users\\then9\\Downloads\\PROJECT PDD\\collabroom-tests\\selenium\\helpers\\auth.js:26:3)\n    at loginAsCreator (C:\\Users\\then9\\Downloads\\PROJECT PDD\\collabroom-tests\\selenium\\helpers\\auth.js:45:3)\n    at Object.<anonymous> (C:\\Users\\then9\\Downloads\\PROJECT PDD\\collabroom-tests\\selenium\\tests\\inbox.test.js:11:5)"],"fullName":"Inbox Tests TC_INBX_003: clicking first conversation → message input/textarea appears","invocations":1,"location":null,"numPassingAsserts":0,"retryReasons":[],"status":"failed","title":"TC_INBX_003: clicking first conversation → message input/textarea appears"}],"endTime":1781771149327,"message":"  ● Inbox Tests › TC_INBX_001: /inbox body visible\n\n    WebDriverError: unknown error: net::ERR_CONNECTION_REFUSED\n      (Session info: chrome=149.0.7827.103)\n\n    \u001b[0m \u001b[90m 24 |\u001b[39m\n     \u001b[90m 25 |\u001b[39m \u001b[36masync\u001b[39m \u001b[36mfunction\u001b[39m login(driver\u001b[33m,\u001b[39m email\u001b[33m,\u001b[39m password) {\n    \u001b[31m\u001b[1m>\u001b[22m\u001b[39m\u001b[90m 26 |\u001b[39m   \u001b[36mawait\u001b[39m driver\u001b[33m.\u001b[39m\u001b[36mget\u001b[39m(testData\u001b[33m.\u001b[39m\u001b[33mBASE_URL\u001b[39m \u001b[33m+\u001b[39m \u001b[32m'/'\u001b[39m)\u001b[33m;\u001b[39m\n     \u001b[90m    |\u001b[39m   \u001b[31m\u001b[1m^\u001b[22m\u001b[39m\n     \u001b[90m 27 |\u001b[39m   \u001b[36mawait\u001b[39m driver\u001b[33m.\u001b[39msleep(\u001b[35m500\u001b[39m)\u001b[33m;\u001b[39m\n     \u001b[90m 28 |\u001b[39m   \u001b[36mawait\u001b[39m driver\u001b[33m.\u001b[39mexecuteScript(\u001b[32m`localStorage.clear(); sessionStorage.clear();`\u001b[39m)\u001b[33m;\u001b[39m\n     \u001b[90m 29 |\u001b[39m   \u001b[36mawait\u001b[39m driver\u001b[33m.\u001b[39m\u001b[36mget\u001b[39m(testData\u001b[33m.\u001b[39m\u001b[33mBASE_URL\u001b[39m \u001b[33m+\u001b[39m \u001b[32m'/#/login'\u001b[39m)\u001b[33m;\u001b[39m\u001b[0m\n\n      at Object.throwDecodedError (node_modules/selenium-webdriver/lib/error.js:523:15)\n      at parseHttpResponse (node_modules/selenium-webdriver/lib/http.js:526:13)\n      at Executor.execute (node_modules/selenium-webdriver/lib/http.js:458:28)\n      at Driver.execute (node_modules/selenium-webdriver/lib/webdriver.js:745:17)\n      at login (helpers/auth.js:26:3)\n      at loginAsCreator (helpers/auth.js:45:3)\n      at Object.<anonymous> (tests/inbox.test.js:11:5)\n\n  ● Inbox Tests › TC_INBX_002: conversation list items visible (count > 0)\n\n    WebDriverError: unknown error: net::ERR_CONNECTION_REFUSED\n      (Session info: chrome=149.0.7827.103)\n\n    \u001b[0m \u001b[90m 24 |\u001b[39m\n     \u001b[90m 25 |\u001b[39m \u001b[36masync\u001b[39m \u001b[36mfunction\u001b[39m login(driver\u001b[33m,\u001b[39m email\u001b[33m,\u001b[39m password) {\n    \u001b[31m\u001b[1m>\u001b[22m\u001b[39m\u001b[90m 26 |\u001b[39m   \u001b[36mawait\u001b[39m driver\u001b[33m.\u001b[39m\u001b[36mget\u001b[39m(testData\u001b[33m.\u001b[39m\u001b[33mBASE_URL\u001b[39m \u001b[33m+\u001b[39m \u001b[32m'/'\u001b[39m)\u001b[33m;\u001b[39m\n     \u001b[90m    |\u001b[39m   \u001b[31m\u001b[1m^\u001b[22m\u001b[39m\n     \u001b[90m 27 |\u001b[39m   \u001b[36mawait\u001b[39m driver\u001b[33m.\u001b[39msleep(\u001b[35m500\u001b[39m)\u001b[33m;\u001b[39m\n     \u001b[90m 28 |\u001b[39m   \u001b[36mawait\u001b[39m driver\u001b[33m.\u001b[39mexecuteScript(\u001b[32m`localStorage.clear(); sessionStorage.clear();`\u001b[39m)\u001b[33m;\u001b[39m\n     \u001b[90m 29 |\u001b[39m   \u001b[36mawait\u001b[39m driver\u001b[33m.\u001b[39m\u001b[36mget\u001b[39m(testData\u001b[33m.\u001b[39m\u001b[33mBASE_URL\u001b[39m \u001b[33m+\u001b[39m \u001b[32m'/#/login'\u001b[39m)\u001b[33m;\u001b[39m\u001b[0m\n\n      at Object.throwDecodedError (node_modules/selenium-webdriver/lib/error.js:523:15)\n      at parseHttpResponse (node_modules/selenium-webdriver/lib/http.js:526:13)\n      at Executor.execute (node_modules/selenium-webdriver/lib/http.js:458:28)\n      at Driver.execute (node_modules/selenium-webdriver/lib/webdriver.js:745:17)\n      at login (helpers/auth.js:26:3)\n      at loginAsCreator (helpers/auth.js:45:3)\n      at Object.<anonymous> (tests/inbox.test.js:11:5)\n\n  ● Inbox Tests › TC_INBX_003: clicking first conversation → message input/textarea appears\n\n    WebDriverError: unknown error: net::ERR_CONNECTION_REFUSED\n      (Session info: chrome=149.0.7827.103)\n\n    \u001b[0m \u001b[90m 24 |\u001b[39m\n     \u001b[90m 25 |\u001b[39m \u001b[36masync\u001b[39m \u001b[36mfunction\u001b[39m login(driver\u001b[33m,\u001b[39m email\u001b[33m,\u001b[39m password) {\n    \u001b[31m\u001b[1m>\u001b[22m\u001b[39m\u001b[90m 26 |\u001b[39m   \u001b[36mawait\u001b[39m driver\u001b[33m.\u001b[39m\u001b[36mget\u001b[39m(testData\u001b[33m.\u001b[39m\u001b[33mBASE_URL\u001b[39m \u001b[33m+\u001b[39m \u001b[32m'/'\u001b[39m)\u001b[33m;\u001b[39m\n     \u001b[90m    |\u001b[39m   \u001b[31m\u001b[1m^\u001b[22m\u001b[39m\n     \u001b[90m 27 |\u001b[39m   \u001b[36mawait\u001b[39m driver\u001b[33m.\u001b[39msleep(\u001b[35m500\u001b[39m)\u001b[33m;\u001b[39m\n     \u001b[90m 28 |\u001b[39m   \u001b[36mawait\u001b[39m driver\u001b[33m.\u001b[39mexecuteScript(\u001b[32m`localStorage.clear(); sessionStorage.clear();`\u001b[39m)\u001b[33m;\u001b[39m\n     \u001b[90m 29 |\u001b[39m   \u001b[36mawait\u001b[39m driver\u001b[33m.\u001b[39m\u001b[36mget\u001b[39m(testData\u001b[33m.\u001b[39m\u001b[33mBASE_URL\u001b[39m \u001b[33m+\u001b[39m \u001b[32m'/#/login'\u001b[39m)\u001b[33m;\u001b[39m\u001b[0m\n\n      at Object.throwDecodedError (node_modules/selenium-webdriver/lib/error.js:523:15)\n      at parseHttpResponse (node_modules/selenium-webdriver/lib/http.js:526:13)\n      at Executor.execute (node_modules/selenium-webdriver/lib/http.js:458:28)\n      at Driver.execute (node_modules/selenium-webdriver/lib/webdriver.js:745:17)\n      at login (helpers/auth.js:26:3)\n      at loginAsCreator (helpers/auth.js:45:3)\n      at Object.<anonymous> (tests/inbox.test.js:11:5)\n","name":"C:\\Users\\then9\\Downloads\\PROJECT PDD\\collabroom-tests\\selenium\\tests\\inbox.test.js","startTime":1781771144002,"status":"failed","summary":""},{"assertionResults":[{"ancestorTitles":["Campaigns Tests"],"duration":0,"failureDetails":[{"name":"WebDriverError","remoteStacktrace":"\tchromedriver!GetHandleVerifier [0x7ff72eda3fa5+14925]\n\tchromedriver!GetHandleVerifier [0x7ff72eda4000+14980]\n\tchromedriver!(No symbol) [0x7ff72e8e793d]\n\tchromedriver!(No symbol) [0x7ff72e8e44ce]\n\tchromedriver!(No symbol) [0x7ff72e8d4711]\n\tchromedriver!(No symbol) [0x7ff72e8d657f]\n\tchromedriver!(No symbol) [0x7ff72e8d4cb3]\n\tchromedriver!(No symbol) [0x7ff72e8d447b]\n\tchromedriver!(No symbol) [0x7ff72e8d4131]\n\tchromedriver!(No symbol) [0x7ff72e8d1e01]\n\tchromedriver!(No symbol) [0x7ff72e8d2562]\n\tchromedriver!(No symbol) [0x7ff72e8ebbe6]\n\tchromedriver!(No symbol) [0x7ff72e9901c4]\n\tchromedriver!(No symbol) [0x7ff72e96a3ca]\n\tchromedriver!(No symbol) [0x7ff72e98f39b]\n\tchromedriver!(No symbol) [0x7ff72e93401c]\n\tchromedriver!(No symbol) [0x7ff72e934f43]\n\tchromedriver!GetHandleVerifier [0x7ff72f387591+5f7f11]\n\tchromedriver!GetHandleVerifier [0x7ff72f381902+5f2282]\n\tchromedriver!GetHandleVerifier [0x7ff72f3a7115+617a95]\n\tchromedriver!GetHandleVerifier [0x7ff72edc1dce+3274e]\n\tchromedriver!GetHandleVerifier [0x7ff72edca82c+3b1ac]\n\tchromedriver!GetHandleVerifier [0x7ff72edad744+1e0c4]\n\tchromedriver!GetHandleVerifier [0x7ff72edad8d4+1e254]\n\tchromedriver!GetHandleVerifier [0x7ff72ed91447+1dc7]\n\tKERNEL32!BaseThreadInitThunk [0x7fff92bae957+17]\n\tntdll!RtlUserThreadStart [0x7fff939a7c1c+2c]\n"}],"failureMessages":["WebDriverError: unknown error: net::ERR_CONNECTION_REFUSED\n  (Session info: chrome=149.0.7827.103)\n    at Object.throwDecodedError (C:\\Users\\then9\\Downloads\\PROJECT PDD\\collabroom-tests\\selenium\\node_modules\\selenium-webdriver\\lib\\error.js:523:15)\n    at parseHttpResponse (C:\\Users\\then9\\Downloads\\PROJECT PDD\\collabroom-tests\\selenium\\node_modules\\selenium-webdriver\\lib\\http.js:526:13)\n    at Executor.execute (C:\\Users\\then9\\Downloads\\PROJECT PDD\\collabroom-tests\\selenium\\node_modules\\selenium-webdriver\\lib\\http.js:458:28)\n    at processTicksAndRejections (node:internal/process/task_queues:104:5)\n    at Driver.execute (C:\\Users\\then9\\Downloads\\PROJECT PDD\\collabroom-tests\\selenium\\node_modules\\selenium-webdriver\\lib\\webdriver.js:745:17)\n    at login (C:\\Users\\then9\\Downloads\\PROJECT PDD\\collabroom-tests\\selenium\\helpers\\auth.js:26:3)\n    at loginAsCreator (C:\\Users\\then9\\Downloads\\PROJECT PDD\\collabroom-tests\\selenium\\helpers\\auth.js:45:3)\n    at Object.<anonymous> (C:\\Users\\then9\\Downloads\\PROJECT PDD\\collabroom-tests\\selenium\\tests\\campaigns.test.js:10:5)"],"fullName":"Campaigns Tests TC_CAMP_001: /campaigns body visible","invocations":1,"location":null,"numPassingAsserts":0,"retryReasons":[],"status":"failed","title":"TC_CAMP_001: /campaigns body visible"},{"ancestorTitles":["Campaigns Tests"],"duration":1,"failureDetails":[{"name":"WebDriverError","remoteStacktrace":"\tchromedriver!GetHandleVerifier [0x7ff72eda3fa5+14925]\n\tchromedriver!GetHandleVerifier [0x7ff72eda4000+14980]\n\tchromedriver!(No symbol) [0x7ff72e8e793d]\n\tchromedriver!(No symbol) [0x7ff72e8e44ce]\n\tchromedriver!(No symbol) [0x7ff72e8d4711]\n\tchromedriver!(No symbol) [0x7ff72e8d657f]\n\tchromedriver!(No symbol) [0x7ff72e8d4cb3]\n\tchromedriver!(No symbol) [0x7ff72e8d447b]\n\tchromedriver!(No symbol) [0x7ff72e8d4131]\n\tchromedriver!(No symbol) [0x7ff72e8d1e01]\n\tchromedriver!(No symbol) [0x7ff72e8d2562]\n\tchromedriver!(No symbol) [0x7ff72e8ebbe6]\n\tchromedriver!(No symbol) [0x7ff72e9901c4]\n\tchromedriver!(No symbol) [0x7ff72e96a3ca]\n\tchromedriver!(No symbol) [0x7ff72e98f39b]\n\tchromedriver!(No symbol) [0x7ff72e93401c]\n\tchromedriver!(No symbol) [0x7ff72e934f43]\n\tchromedriver!GetHandleVerifier [0x7ff72f387591+5f7f11]\n\tchromedriver!GetHandleVerifier [0x7ff72f381902+5f2282]\n\tchromedriver!GetHandleVerifier [0x7ff72f3a7115+617a95]\n\tchromedriver!GetHandleVerifier [0x7ff72edc1dce+3274e]\n\tchromedriver!GetHandleVerifier [0x7ff72edca82c+3b1ac]\n\tchromedriver!GetHandleVerifier [0x7ff72edad744+1e0c4]\n\tchromedriver!GetHandleVerifier [0x7ff72edad8d4+1e254]\n\tchromedriver!GetHandleVerifier [0x7ff72ed91447+1dc7]\n\tKERNEL32!BaseThreadInitThunk [0x7fff92bae957+17]\n\tntdll!RtlUserThreadStart [0x7fff939a7c1c+2c]\n"}],"failureMessages":["WebDriverError: unknown error: net::ERR_CONNECTION_REFUSED\n  (Session info: chrome=149.0.7827.103)\n    at Object.throwDecodedError (C:\\Users\\then9\\Downloads\\PROJECT PDD\\collabroom-tests\\selenium\\node_modules\\selenium-webdriver\\lib\\error.js:523:15)\n    at parseHttpResponse (C:\\Users\\then9\\Downloads\\PROJECT PDD\\collabroom-tests\\selenium\\node_modules\\selenium-webdriver\\lib\\http.js:526:13)\n    at Executor.execute (C:\\Users\\then9\\Downloads\\PROJECT PDD\\collabroom-tests\\selenium\\node_modules\\selenium-webdriver\\lib\\http.js:458:28)\n    at processTicksAndRejections (node:internal/process/task_queues:104:5)\n    at Driver.execute (C:\\Users\\then9\\Downloads\\PROJECT PDD\\collabroom-tests\\selenium\\node_modules\\selenium-webdriver\\lib\\webdriver.js:745:17)\n    at login (C:\\Users\\then9\\Downloads\\PROJECT PDD\\collabroom-tests\\selenium\\helpers\\auth.js:26:3)\n    at loginAsCreator (C:\\Users\\then9\\Downloads\\PROJECT PDD\\collabroom-tests\\selenium\\helpers\\auth.js:45:3)\n    at Object.<anonymous> (C:\\Users\\then9\\Downloads\\PROJECT PDD\\collabroom-tests\\selenium\\tests\\campaigns.test.js:10:5)"],"fullName":"Campaigns Tests TC_CAMP_002: [data-testid=\"campaign-card\"] present (count > 0)","invocations":1,"location":null,"numPassingAsserts":0,"retryReasons":[],"status":"failed","title":"TC_CAMP_002: [data-testid=\"campaign-card\"] present (count > 0)"},{"ancestorTitles":["Campaigns Tests"],"duration":0,"failureDetails":[{"name":"WebDriverError","remoteStacktrace":"\tchromedriver!GetHandleVerifier [0x7ff72eda3fa5+14925]\n\tchromedriver!GetHandleVerifier [0x7ff72eda4000+14980]\n\tchromedriver!(No symbol) [0x7ff72e8e793d]\n\tchromedriver!(No symbol) [0x7ff72e8e44ce]\n\tchromedriver!(No symbol) [0x7ff72e8d4711]\n\tchromedriver!(No symbol) [0x7ff72e8d657f]\n\tchromedriver!(No symbol) [0x7ff72e8d4cb3]\n\tchromedriver!(No symbol) [0x7ff72e8d447b]\n\tchromedriver!(No symbol) [0x7ff72e8d4131]\n\tchromedriver!(No symbol) [0x7ff72e8d1e01]\n\tchromedriver!(No symbol) [0x7ff72e8d2562]\n\tchromedriver!(No symbol) [0x7ff72e8ebbe6]\n\tchromedriver!(No symbol) [0x7ff72e9901c4]\n\tchromedriver!(No symbol) [0x7ff72e96a3ca]\n\tchromedriver!(No symbol) [0x7ff72e98f39b]\n\tchromedriver!(No symbol) [0x7ff72e93401c]\n\tchromedriver!(No symbol) [0x7ff72e934f43]\n\tchromedriver!GetHandleVerifier [0x7ff72f387591+5f7f11]\n\tchromedriver!GetHandleVerifier [0x7ff72f381902+5f2282]\n\tchromedriver!GetHandleVerifier [0x7ff72f3a7115+617a95]\n\tchromedriver!GetHandleVerifier [0x7ff72edc1dce+3274e]\n\tchromedriver!GetHandleVerifier [0x7ff72edca82c+3b1ac]\n\tchromedriver!GetHandleVerifier [0x7ff72edad744+1e0c4]\n\tchromedriver!GetHandleVerifier [0x7ff72edad8d4+1e254]\n\tchromedriver!GetHandleVerifier [0x7ff72ed91447+1dc7]\n\tKERNEL32!BaseThreadInitThunk [0x7fff92bae957+17]\n\tntdll!RtlUserThreadStart [0x7fff939a7c1c+2c]\n"}],"failureMessages":["WebDriverError: unknown error: net::ERR_CONNECTION_REFUSED\n  (Session info: chrome=149.0.7827.103)\n    at Object.throwDecodedError (C:\\Users\\then9\\Downloads\\PROJECT PDD\\collabroom-tests\\selenium\\node_modules\\selenium-webdriver\\lib\\error.js:523:15)\n    at parseHttpResponse (C:\\Users\\then9\\Downloads\\PROJECT PDD\\collabroom-tests\\selenium\\node_modules\\selenium-webdriver\\lib\\http.js:526:13)\n    at Executor.execute (C:\\Users\\then9\\Downloads\\PROJECT PDD\\collabroom-tests\\selenium\\node_modules\\selenium-webdriver\\lib\\http.js:458:28)\n    at processTicksAndRejections (node:internal/process/task_queues:104:5)\n    at Driver.execute (C:\\Users\\then9\\Downloads\\PROJECT PDD\\collabroom-tests\\selenium\\node_modules\\selenium-webdriver\\lib\\webdriver.js:745:17)\n    at login (C:\\Users\\then9\\Downloads\\PROJECT PDD\\collabroom-tests\\selenium\\helpers\\auth.js:26:3)\n    at loginAsCreator (C:\\Users\\then9\\Downloads\\PROJECT PDD\\collabroom-tests\\selenium\\helpers\\auth.js:45:3)\n    at Object.<anonymous> (C:\\Users\\then9\\Downloads\\PROJECT PDD\\collabroom-tests\\selenium\\tests\\campaigns.test.js:10:5)"],"fullName":"Campaigns Tests TC_CAMP_003: filter tab buttons present (count > 0)","invocations":1,"location":null,"numPassingAsserts":0,"retryReasons":[],"status":"failed","title":"TC_CAMP_003: filter tab buttons present (count > 0)"},{"ancestorTitles":["Campaigns Tests"],"duration":0,"failureDetails":[{"name":"WebDriverError","remoteStacktrace":"\tchromedriver!GetHandleVerifier [0x7ff72eda3fa5+14925]\n\tchromedriver!GetHandleVerifier [0x7ff72eda4000+14980]\n\tchromedriver!(No symbol) [0x7ff72e8e793d]\n\tchromedriver!(No symbol) [0x7ff72e8e44ce]\n\tchromedriver!(No symbol) [0x7ff72e8d4711]\n\tchromedriver!(No symbol) [0x7ff72e8d657f]\n\tchromedriver!(No symbol) [0x7ff72e8d4cb3]\n\tchromedriver!(No symbol) [0x7ff72e8d447b]\n\tchromedriver!(No symbol) [0x7ff72e8d4131]\n\tchromedriver!(No symbol) [0x7ff72e8d1e01]\n\tchromedriver!(No symbol) [0x7ff72e8d2562]\n\tchromedriver!(No symbol) [0x7ff72e8ebbe6]\n\tchromedriver!(No symbol) [0x7ff72e9901c4]\n\tchromedriver!(No symbol) [0x7ff72e96a3ca]\n\tchromedriver!(No symbol) [0x7ff72e98f39b]\n\tchromedriver!(No symbol) [0x7ff72e93401c]\n\tchromedriver!(No symbol) [0x7ff72e934f43]\n\tchromedriver!GetHandleVerifier [0x7ff72f387591+5f7f11]\n\tchromedriver!GetHandleVerifier [0x7ff72f381902+5f2282]\n\tchromedriver!GetHandleVerifier [0x7ff72f3a7115+617a95]\n\tchromedriver!GetHandleVerifier [0x7ff72edc1dce+3274e]\n\tchromedriver!GetHandleVerifier [0x7ff72edca82c+3b1ac]\n\tchromedriver!GetHandleVerifier [0x7ff72edad744+1e0c4]\n\tchromedriver!GetHandleVerifier [0x7ff72edad8d4+1e254]\n\tchromedriver!GetHandleVerifier [0x7ff72ed91447+1dc7]\n\tKERNEL32!BaseThreadInitThunk [0x7fff92bae957+17]\n\tntdll!RtlUserThreadStart [0x7fff939a7c1c+2c]\n"}],"failureMessages":["WebDriverError: unknown error: net::ERR_CONNECTION_REFUSED\n  (Session info: chrome=149.0.7827.103)\n    at Object.throwDecodedError (C:\\Users\\then9\\Downloads\\PROJECT PDD\\collabroom-tests\\selenium\\node_modules\\selenium-webdriver\\lib\\error.js:523:15)\n    at parseHttpResponse (C:\\Users\\then9\\Downloads\\PROJECT PDD\\collabroom-tests\\selenium\\node_modules\\selenium-webdriver\\lib\\http.js:526:13)\n    at Executor.execute (C:\\Users\\then9\\Downloads\\PROJECT PDD\\collabroom-tests\\selenium\\node_modules\\selenium-webdriver\\lib\\http.js:458:28)\n    at processTicksAndRejections (node:internal/process/task_queues:104:5)\n    at Driver.execute (C:\\Users\\then9\\Downloads\\PROJECT PDD\\collabroom-tests\\selenium\\node_modules\\selenium-webdriver\\lib\\webdriver.js:745:17)\n    at login (C:\\Users\\then9\\Downloads\\PROJECT PDD\\collabroom-tests\\selenium\\helpers\\auth.js:26:3)\n    at loginAsCreator (C:\\Users\\then9\\Downloads\\PROJECT PDD\\collabroom-tests\\selenium\\helpers\\auth.js:45:3)\n    at Object.<anonymous> (C:\\Users\\then9\\Downloads\\PROJECT PDD\\collabroom-tests\\selenium\\tests\\campaigns.test.js:10:5)"],"fullName":"Campaigns Tests TC_CAMP_004: [data-testid=\"submit-interest-btn\"] visible","invocations":1,"location":null,"numPassingAsserts":0,"retryReasons":[],"status":"failed","title":"TC_CAMP_004: [data-testid=\"submit-interest-btn\"] visible"},{"ancestorTitles":["Campaigns Tests"],"duration":0,"failureDetails":[{"name":"WebDriverError","remoteStacktrace":"\tchromedriver!GetHandleVerifier [0x7ff72eda3fa5+14925]\n\tchromedriver!GetHandleVerifier [0x7ff72eda4000+14980]\n\tchromedriver!(No symbol) [0x7ff72e8e793d]\n\tchromedriver!(No symbol) [0x7ff72e8e44ce]\n\tchromedriver!(No symbol) [0x7ff72e8d4711]\n\tchromedriver!(No symbol) [0x7ff72e8d657f]\n\tchromedriver!(No symbol) [0x7ff72e8d4cb3]\n\tchromedriver!(No symbol) [0x7ff72e8d447b]\n\tchromedriver!(No symbol) [0x7ff72e8d4131]\n\tchromedriver!(No symbol) [0x7ff72e8d1e01]\n\tchromedriver!(No symbol) [0x7ff72e8d2562]\n\tchromedriver!(No symbol) [0x7ff72e8ebbe6]\n\tchromedriver!(No symbol) [0x7ff72e9901c4]\n\tchromedriver!(No symbol) [0x7ff72e96a3ca]\n\tchromedriver!(No symbol) [0x7ff72e98f39b]\n\tchromedriver!(No symbol) [0x7ff72e93401c]\n\tchromedriver!(No symbol) [0x7ff72e934f43]\n\tchromedriver!GetHandleVerifier [0x7ff72f387591+5f7f11]\n\tchromedriver!GetHandleVerifier [0x7ff72f381902+5f2282]\n\tchromedriver!GetHandleVerifier [0x7ff72f3a7115+617a95]\n\tchromedriver!GetHandleVerifier [0x7ff72edc1dce+3274e]\n\tchromedriver!GetHandleVerifier [0x7ff72edca82c+3b1ac]\n\tchromedriver!GetHandleVerifier [0x7ff72edad744+1e0c4]\n\tchromedriver!GetHandleVerifier [0x7ff72edad8d4+1e254]\n\tchromedriver!GetHandleVerifier [0x7ff72ed91447+1dc7]\n\tKERNEL32!BaseThreadInitThunk [0x7fff92bae957+17]\n\tntdll!RtlUserThreadStart [0x7fff939a7c1c+2c]\n"}],"failureMessages":["WebDriverError: unknown error: net::ERR_CONNECTION_REFUSED\n  (Session info: chrome=149.0.7827.103)\n    at Object.throwDecodedError (C:\\Users\\then9\\Downloads\\PROJECT PDD\\collabroom-tests\\selenium\\node_modules\\selenium-webdriver\\lib\\error.js:523:15)\n    at parseHttpResponse (C:\\Users\\then9\\Downloads\\PROJECT PDD\\collabroom-tests\\selenium\\node_modules\\selenium-webdriver\\lib\\http.js:526:13)\n    at Executor.execute (C:\\Users\\then9\\Downloads\\PROJECT PDD\\collabroom-tests\\selenium\\node_modules\\selenium-webdriver\\lib\\http.js:458:28)\n    at processTicksAndRejections (node:internal/process/task_queues:104:5)\n    at Driver.execute (C:\\Users\\then9\\Downloads\\PROJECT PDD\\collabroom-tests\\selenium\\node_modules\\selenium-webdriver\\lib\\webdriver.js:745:17)\n    at login (C:\\Users\\then9\\Downloads\\PROJECT PDD\\collabroom-tests\\selenium\\helpers\\auth.js:26:3)\n    at loginAsCreator (C:\\Users\\then9\\Downloads\\PROJECT PDD\\collabroom-tests\\selenium\\helpers\\auth.js:45:3)\n    at Object.<anonymous> (C:\\Users\\then9\\Downloads\\PROJECT PDD\\collabroom-tests\\selenium\\tests\\campaigns.test.js:10:5)"],"fullName":"Campaigns Tests TC_CAMP_005: clicking campaign card changes URL away from /campaigns","invocations":1,"location":null,"numPassingAsserts":0,"retryReasons":[],"status":"failed","title":"TC_CAMP_005: clicking campaign card changes URL away from /campaigns"},{"ancestorTitles":["Campaigns Tests"],"duration":0,"failureDetails":[{"name":"WebDriverError","remoteStacktrace":"\tchromedriver!GetHandleVerifier [0x7ff72eda3fa5+14925]\n\tchromedriver!GetHandleVerifier [0x7ff72eda4000+14980]\n\tchromedriver!(No symbol) [0x7ff72e8e793d]\n\tchromedriver!(No symbol) [0x7ff72e8e44ce]\n\tchromedriver!(No symbol) [0x7ff72e8d4711]\n\tchromedriver!(No symbol) [0x7ff72e8d657f]\n\tchromedriver!(No symbol) [0x7ff72e8d4cb3]\n\tchromedriver!(No symbol) [0x7ff72e8d447b]\n\tchromedriver!(No symbol) [0x7ff72e8d4131]\n\tchromedriver!(No symbol) [0x7ff72e8d1e01]\n\tchromedriver!(No symbol) [0x7ff72e8d2562]\n\tchromedriver!(No symbol) [0x7ff72e8ebbe6]\n\tchromedriver!(No symbol) [0x7ff72e9901c4]\n\tchromedriver!(No symbol) [0x7ff72e96a3ca]\n\tchromedriver!(No symbol) [0x7ff72e98f39b]\n\tchromedriver!(No symbol) [0x7ff72e93401c]\n\tchromedriver!(No symbol) [0x7ff72e934f43]\n\tchromedriver!GetHandleVerifier [0x7ff72f387591+5f7f11]\n\tchromedriver!GetHandleVerifier [0x7ff72f381902+5f2282]\n\tchromedriver!GetHandleVerifier [0x7ff72f3a7115+617a95]\n\tchromedriver!GetHandleVerifier [0x7ff72edc1dce+3274e]\n\tchromedriver!GetHandleVerifier [0x7ff72edca82c+3b1ac]\n\tchromedriver!GetHandleVerifier [0x7ff72edad744+1e0c4]\n\tchromedriver!GetHandleVerifier [0x7ff72edad8d4+1e254]\n\tchromedriver!GetHandleVerifier [0x7ff72ed91447+1dc7]\n\tKERNEL32!BaseThreadInitThunk [0x7fff92bae957+17]\n\tntdll!RtlUserThreadStart [0x7fff939a7c1c+2c]\n"}],"failureMessages":["WebDriverError: unknown error: net::ERR_CONNECTION_REFUSED\n  (Session info: chrome=149.0.7827.103)\n    at Object.throwDecodedError (C:\\Users\\then9\\Downloads\\PROJECT PDD\\collabroom-tests\\selenium\\node_modules\\selenium-webdriver\\lib\\error.js:523:15)\n    at parseHttpResponse (C:\\Users\\then9\\Downloads\\PROJECT PDD\\collabroom-tests\\selenium\\node_modules\\selenium-webdriver\\lib\\http.js:526:13)\n    at Executor.execute (C:\\Users\\then9\\Downloads\\PROJECT PDD\\collabroom-tests\\selenium\\node_modules\\selenium-webdriver\\lib\\http.js:458:28)\n    at processTicksAndRejections (node:internal/process/task_queues:104:5)\n    at Driver.execute (C:\\Users\\then9\\Downloads\\PROJECT PDD\\collabroom-tests\\selenium\\node_modules\\selenium-webdriver\\lib\\webdriver.js:745:17)\n    at login (C:\\Users\\then9\\Downloads\\PROJECT PDD\\collabroom-tests\\selenium\\helpers\\auth.js:26:3)\n    at loginAsCreator (C:\\Users\\then9\\Downloads\\PROJECT PDD\\collabroom-tests\\selenium\\helpers\\auth.js:45:3)\n    at Object.<anonymous> (C:\\Users\\then9\\Downloads\\PROJECT PDD\\collabroom-tests\\selenium\\tests\\campaigns.test.js:10:5)"],"fullName":"Campaigns Tests TC_CAMP_006: text \"Create\" or \"New Campaign\" or \"Browse\" visible","invocations":1,"location":null,"numPassingAsserts":0,"retryReasons":[],"status":"failed","title":"TC_CAMP_006: text \"Create\" or \"New Campaign\" or \"Browse\" visible"}],"endTime":1781771154946,"message":"  ● Campaigns Tests › TC_CAMP_001: /campaigns body visible\n\n    WebDriverError: unknown error: net::ERR_CONNECTION_REFUSED\n      (Session info: chrome=149.0.7827.103)\n\n    \u001b[0m \u001b[90m 24 |\u001b[39m\n     \u001b[90m 25 |\u001b[39m \u001b[36masync\u001b[39m \u001b[36mfunction\u001b[39m login(driver\u001b[33m,\u001b[39m email\u001b[33m,\u001b[39m password) {\n    \u001b[31m\u001b[1m>\u001b[22m\u001b[39m\u001b[90m 26 |\u001b[39m   \u001b[36mawait\u001b[39m driver\u001b[33m.\u001b[39m\u001b[36mget\u001b[39m(testData\u001b[33m.\u001b[39m\u001b[33mBASE_URL\u001b[39m \u001b[33m+\u001b[39m \u001b[32m'/'\u001b[39m)\u001b[33m;\u001b[39m\n     \u001b[90m    |\u001b[39m   \u001b[31m\u001b[1m^\u001b[22m\u001b[39m\n     \u001b[90m 27 |\u001b[39m   \u001b[36mawait\u001b[39m driver\u001b[33m.\u001b[39msleep(\u001b[35m500\u001b[39m)\u001b[33m;\u001b[39m\n     \u001b[90m 28 |\u001b[39m   \u001b[36mawait\u001b[39m driver\u001b[33m.\u001b[39mexecuteScript(\u001b[32m`localStorage.clear(); sessionStorage.clear();`\u001b[39m)\u001b[33m;\u001b[39m\n     \u001b[90m 29 |\u001b[39m   \u001b[36mawait\u001b[39m driver\u001b[33m.\u001b[39m\u001b[36mget\u001b[39m(testData\u001b[33m.\u001b[39m\u001b[33mBASE_URL\u001b[39m \u001b[33m+\u001b[39m \u001b[32m'/#/login'\u001b[39m)\u001b[33m;\u001b[39m\u001b[0m\n\n      at Object.throwDecodedError (node_modules/selenium-webdriver/lib/error.js:523:15)\n      at parseHttpResponse (node_modules/selenium-webdriver/lib/http.js:526:13)\n      at Executor.execute (node_modules/selenium-webdriver/lib/http.js:458:28)\n      at Driver.execute (node_modules/selenium-webdriver/lib/webdriver.js:745:17)\n      at login (helpers/auth.js:26:3)\n      at loginAsCreator (helpers/auth.js:45:3)\n      at Object.<anonymous> (tests/campaigns.test.js:10:5)\n\n  ● Campaigns Tests › TC_CAMP_002: [data-testid=\"campaign-card\"] present (count > 0)\n\n    WebDriverError: unknown error: net::ERR_CONNECTION_REFUSED\n      (Session info: chrome=149.0.7827.103)\n\n    \u001b[0m \u001b[90m 24 |\u001b[39m\n     \u001b[90m 25 |\u001b[39m \u001b[36masync\u001b[39m \u001b[36mfunction\u001b[39m login(driver\u001b[33m,\u001b[39m email\u001b[33m,\u001b[39m password) {\n    \u001b[31m\u001b[1m>\u001b[22m\u001b[39m\u001b[90m 26 |\u001b[39m   \u001b[36mawait\u001b[39m driver\u001b[33m.\u001b[39m\u001b[36mget\u001b[39m(testData\u001b[33m.\u001b[39m\u001b[33mBASE_URL\u001b[39m \u001b[33m+\u001b[39m \u001b[32m'/'\u001b[39m)\u001b[33m;\u001b[39m\n     \u001b[90m    |\u001b[39m   \u001b[31m\u001b[1m^\u001b[22m\u001b[39m\n     \u001b[90m 27 |\u001b[39m   \u001b[36mawait\u001b[39m driver\u001b[33m.\u001b[39msleep(\u001b[35m500\u001b[39m)\u001b[33m;\u001b[39m\n     \u001b[90m 28 |\u001b[39m   \u001b[36mawait\u001b[39m driver\u001b[33m.\u001b[39mexecuteScript(\u001b[32m`localStorage.clear(); sessionStorage.clear();`\u001b[39m)\u001b[33m;\u001b[39m\n     \u001b[90m 29 |\u001b[39m   \u001b[36mawait\u001b[39m driver\u001b[33m.\u001b[39m\u001b[36mget\u001b[39m(testData\u001b[33m.\u001b[39m\u001b[33mBASE_URL\u001b[39m \u001b[33m+\u001b[39m \u001b[32m'/#/login'\u001b[39m)\u001b[33m;\u001b[39m\u001b[0m\n\n      at Object.throwDecodedError (node_modules/selenium-webdriver/lib/error.js:523:15)\n      at parseHttpResponse (node_modules/selenium-webdriver/lib/http.js:526:13)\n      at Executor.execute (node_modules/selenium-webdriver/lib/http.js:458:28)\n      at Driver.execute (node_modules/selenium-webdriver/lib/webdriver.js:745:17)\n      at login (helpers/auth.js:26:3)\n      at loginAsCreator (helpers/auth.js:45:3)\n      at Object.<anonymous> (tests/campaigns.test.js:10:5)\n\n  ● Campaigns Tests › TC_CAMP_003: filter tab buttons present (count > 0)\n\n    WebDriverError: unknown error: net::ERR_CONNECTION_REFUSED\n      (Session info: chrome=149.0.7827.103)\n\n    \u001b[0m \u001b[90m 24 |\u001b[39m\n     \u001b[90m 25 |\u001b[39m \u001b[36masync\u001b[39m \u001b[36mfunction\u001b[39m login(driver\u001b[33m,\u001b[39m email\u001b[33m,\u001b[39m password) {\n    \u001b[31m\u001b[1m>\u001b[22m\u001b[39m\u001b[90m 26 |\u001b[39m   \u001b[36mawait\u001b[39m driver\u001b[33m.\u001b[39m\u001b[36mget\u001b[39m(testData\u001b[33m.\u001b[39m\u001b[33mBASE_URL\u001b[39m \u001b[33m+\u001b[39m \u001b[32m'/'\u001b[39m)\u001b[33m;\u001b[39m\n     \u001b[90m    |\u001b[39m   \u001b[31m\u001b[1m^\u001b[22m\u001b[39m\n     \u001b[90m 27 |\u001b[39m   \u001b[36mawait\u001b[39m driver\u001b[33m.\u001b[39msleep(\u001b[35m500\u001b[39m)\u001b[33m;\u001b[39m\n     \u001b[90m 28 |\u001b[39m   \u001b[36mawait\u001b[39m driver\u001b[33m.\u001b[39mexecuteScript(\u001b[32m`localStorage.clear(); sessionStorage.clear();`\u001b[39m)\u001b[33m;\u001b[39m\n     \u001b[90m 29 |\u001b[39m   \u001b[36mawait\u001b[39m driver\u001b[33m.\u001b[39m\u001b[36mget\u001b[39m(testData\u001b[33m.\u001b[39m\u001b[33mBASE_URL\u001b[39m \u001b[33m+\u001b[39m \u001b[32m'/#/login'\u001b[39m)\u001b[33m;\u001b[39m\u001b[0m\n\n      at Object.throwDecodedError (node_modules/selenium-webdriver/lib/error.js:523:15)\n      at parseHttpResponse (node_modules/selenium-webdriver/lib/http.js:526:13)\n      at Executor.execute (node_modules/selenium-webdriver/lib/http.js:458:28)\n      at Driver.execute (node_modules/selenium-webdriver/lib/webdriver.js:745:17)\n      at login (helpers/auth.js:26:3)\n      at loginAsCreator (helpers/auth.js:45:3)\n      at Object.<anonymous> (tests/campaigns.test.js:10:5)\n\n  ● Campaigns Tests › TC_CAMP_004: [data-testid=\"submit-interest-btn\"] visible\n\n    WebDriverError: unknown error: net::ERR_CONNECTION_REFUSED\n      (Session info: chrome=149.0.7827.103)\n\n    \u001b[0m \u001b[90m 24 |\u001b[39m\n     \u001b[90m 25 |\u001b[39m \u001b[36masync\u001b[39m \u001b[36mfunction\u001b[39m login(driver\u001b[33m,\u001b[39m email\u001b[33m,\u001b[39m password) {\n    \u001b[31m\u001b[1m>\u001b[22m\u001b[39m\u001b[90m 26 |\u001b[39m   \u001b[36mawait\u001b[39m driver\u001b[33m.\u001b[39m\u001b[36mget\u001b[39m(testData\u001b[33m.\u001b[39m\u001b[33mBASE_URL\u001b[39m \u001b[33m+\u001b[39m \u001b[32m'/'\u001b[39m)\u001b[33m;\u001b[39m\n     \u001b[90m    |\u001b[39m   \u001b[31m\u001b[1m^\u001b[22m\u001b[39m\n     \u001b[90m 27 |\u001b[39m   \u001b[36mawait\u001b[39m driver\u001b[33m.\u001b[39msleep(\u001b[35m500\u001b[39m)\u001b[33m;\u001b[39m\n     \u001b[90m 28 |\u001b[39m   \u001b[36mawait\u001b[39m driver\u001b[33m.\u001b[39mexecuteScript(\u001b[32m`localStorage.clear(); sessionStorage.clear();`\u001b[39m)\u001b[33m;\u001b[39m\n     \u001b[90m 29 |\u001b[39m   \u001b[36mawait\u001b[39m driver\u001b[33m.\u001b[39m\u001b[36mget\u001b[39m(testData\u001b[33m.\u001b[39m\u001b[33mBASE_URL\u001b[39m \u001b[33m+\u001b[39m \u001b[32m'/#/login'\u001b[39m)\u001b[33m;\u001b[39m\u001b[0m\n\n      at Object.throwDecodedError (node_modules/selenium-webdriver/lib/error.js:523:15)\n      at parseHttpResponse (node_modules/selenium-webdriver/lib/http.js:526:13)\n      at Executor.execute (node_modules/selenium-webdriver/lib/http.js:458:28)\n      at Driver.execute (node_modules/selenium-webdriver/lib/webdriver.js:745:17)\n      at login (helpers/auth.js:26:3)\n      at loginAsCreator (helpers/auth.js:45:3)\n      at Object.<anonymous> (tests/campaigns.test.js:10:5)\n\n  ● Campaigns Tests › TC_CAMP_005: clicking campaign card changes URL away from /campaigns\n\n    WebDriverError: unknown error: net::ERR_CONNECTION_REFUSED\n      (Session info: chrome=149.0.7827.103)\n\n    \u001b[0m \u001b[90m 24 |\u001b[39m\n     \u001b[90m 25 |\u001b[39m \u001b[36masync\u001b[39m \u001b[36mfunction\u001b[39m login(driver\u001b[33m,\u001b[39m email\u001b[33m,\u001b[39m password) {\n    \u001b[31m\u001b[1m>\u001b[22m\u001b[39m\u001b[90m 26 |\u001b[39m   \u001b[36mawait\u001b[39m driver\u001b[33m.\u001b[39m\u001b[36mget\u001b[39m(testData\u001b[33m.\u001b[39m\u001b[33mBASE_URL\u001b[39m \u001b[33m+\u001b[39m \u001b[32m'/'\u001b[39m)\u001b[33m;\u001b[39m\n     \u001b[90m    |\u001b[39m   \u001b[31m\u001b[1m^\u001b[22m\u001b[39m\n     \u001b[90m 27 |\u001b[39m   \u001b[36mawait\u001b[39m driver\u001b[33m.\u001b[39msleep(\u001b[35m500\u001b[39m)\u001b[33m;\u001b[39m\n     \u001b[90m 28 |\u001b[39m   \u001b[36mawait\u001b[39m driver\u001b[33m.\u001b[39mexecuteScript(\u001b[32m`localStorage.clear(); sessionStorage.clear();`\u001b[39m)\u001b[33m;\u001b[39m\n     \u001b[90m 29 |\u001b[39m   \u001b[36mawait\u001b[39m driver\u001b[33m.\u001b[39m\u001b[36mget\u001b[39m(testData\u001b[33m.\u001b[39m\u001b[33mBASE_URL\u001b[39m \u001b[33m+\u001b[39m \u001b[32m'/#/login'\u001b[39m)\u001b[33m;\u001b[39m\u001b[0m\n\n      at Object.throwDecodedError (node_modules/selenium-webdriver/lib/error.js:523:15)\n      at parseHttpResponse (node_modules/selenium-webdriver/lib/http.js:526:13)\n      at Executor.execute (node_modules/selenium-webdriver/lib/http.js:458:28)\n      at Driver.execute (node_modules/selenium-webdriver/lib/webdriver.js:745:17)\n      at login (helpers/auth.js:26:3)\n      at loginAsCreator (helpers/auth.js:45:3)\n      at Object.<anonymous> (tests/campaigns.test.js:10:5)\n\n  ● Campaigns Tests › TC_CAMP_006: text \"Create\" or \"New Campaign\" or \"Browse\" visible\n\n    WebDriverError: unknown error: net::ERR_CONNECTION_REFUSED\n      (Session info: chrome=149.0.7827.103)\n\n    \u001b[0m \u001b[90m 24 |\u001b[39m\n     \u001b[90m 25 |\u001b[39m \u001b[36masync\u001b[39m \u001b[36mfunction\u001b[39m login(driver\u001b[33m,\u001b[39m email\u001b[33m,\u001b[39m password) {\n    \u001b[31m\u001b[1m>\u001b[22m\u001b[39m\u001b[90m 26 |\u001b[39m   \u001b[36mawait\u001b[39m driver\u001b[33m.\u001b[39m\u001b[36mget\u001b[39m(testData\u001b[33m.\u001b[39m\u001b[33mBASE_URL\u001b[39m \u001b[33m+\u001b[39m \u001b[32m'/'\u001b[39m)\u001b[33m;\u001b[39m\n     \u001b[90m    |\u001b[39m   \u001b[31m\u001b[1m^\u001b[22m\u001b[39m\n     \u001b[90m 27 |\u001b[39m   \u001b[36mawait\u001b[39m driver\u001b[33m.\u001b[39msleep(\u001b[35m500\u001b[39m)\u001b[33m;\u001b[39m\n     \u001b[90m 28 |\u001b[39m   \u001b[36mawait\u001b[39m driver\u001b[33m.\u001b[39mexecuteScript(\u001b[32m`localStorage.clear(); sessionStorage.clear();`\u001b[39m)\u001b[33m;\u001b[39m\n     \u001b[90m 29 |\u001b[39m   \u001b[36mawait\u001b[39m driver\u001b[33m.\u001b[39m\u001b[36mget\u001b[39m(testData\u001b[33m.\u001b[39m\u001b[33mBASE_URL\u001b[39m \u001b[33m+\u001b[39m \u001b[32m'/#/login'\u001b[39m)\u001b[33m;\u001b[39m\u001b[0m\n\n      at Object.throwDecodedError (node_modules/selenium-webdriver/lib/error.js:523:15)\n      at parseHttpResponse (node_modules/selenium-webdriver/lib/http.js:526:13)\n      at Executor.execute (node_modules/selenium-webdriver/lib/http.js:458:28)\n      at Driver.execute (node_modules/selenium-webdriver/lib/webdriver.js:745:17)\n      at login (helpers/auth.js:26:3)\n      at loginAsCreator (helpers/auth.js:45:3)\n      at Object.<anonymous> (tests/campaigns.test.js:10:5)\n","name":"C:\\Users\\then9\\Downloads\\PROJECT PDD\\collabroom-tests\\selenium\\tests\\campaigns.test.js","startTime":1781771149331,"status":"failed","summary":""},{"assertionResults":[{"ancestorTitles":["Dashboard Tests"],"duration":1,"failureDetails":[{"name":"WebDriverError","remoteStacktrace":"\tchromedriver!GetHandleVerifier [0x7ff72eda3fa5+14925]\n\tchromedriver!GetHandleVerifier [0x7ff72eda4000+14980]\n\tchromedriver!(No symbol) [0x7ff72e8e793d]\n\tchromedriver!(No symbol) [0x7ff72e8e44ce]\n\tchromedriver!(No symbol) [0x7ff72e8d4711]\n\tchromedriver!(No symbol) [0x7ff72e8d657f]\n\tchromedriver!(No symbol) [0x7ff72e8d4cb3]\n\tchromedriver!(No symbol) [0x7ff72e8d447b]\n\tchromedriver!(No symbol) [0x7ff72e8d4131]\n\tchromedriver!(No symbol) [0x7ff72e8d1e01]\n\tchromedriver!(No symbol) [0x7ff72e8d2562]\n\tchromedriver!(No symbol) [0x7ff72e8ebbe6]\n\tchromedriver!(No symbol) [0x7ff72e9901c4]\n\tchromedriver!(No symbol) [0x7ff72e96a3ca]\n\tchromedriver!(No symbol) [0x7ff72e98f39b]\n\tchromedriver!(No symbol) [0x7ff72e93401c]\n\tchromedriver!(No symbol) [0x7ff72e934f43]\n\tchromedriver!GetHandleVerifier [0x7ff72f387591+5f7f11]\n\tchromedriver!GetHandleVerifier [0x7ff72f381902+5f2282]\n\tchromedriver!GetHandleVerifier [0x7ff72f3a7115+617a95]\n\tchromedriver!GetHandleVerifier [0x7ff72edc1dce+3274e]\n\tchromedriver!GetHandleVerifier [0x7ff72edca82c+3b1ac]\n\tchromedriver!GetHandleVerifier [0x7ff72edad744+1e0c4]\n\tchromedriver!GetHandleVerifier [0x7ff72edad8d4+1e254]\n\tchromedriver!GetHandleVerifier [0x7ff72ed91447+1dc7]\n\tKERNEL32!BaseThreadInitThunk [0x7fff92bae957+17]\n\tntdll!RtlUserThreadStart [0x7fff939a7c1c+2c]\n"}],"failureMessages":["WebDriverError: unknown error: net::ERR_CONNECTION_REFUSED\n  (Session info: chrome=149.0.7827.103)\n    at Object.throwDecodedError (C:\\Users\\then9\\Downloads\\PROJECT PDD\\collabroom-tests\\selenium\\node_modules\\selenium-webdriver\\lib\\error.js:523:15)\n    at parseHttpResponse (C:\\Users\\then9\\Downloads\\PROJECT PDD\\collabroom-tests\\selenium\\node_modules\\selenium-webdriver\\lib\\http.js:526:13)\n    at Executor.execute (C:\\Users\\then9\\Downloads\\PROJECT PDD\\collabroom-tests\\selenium\\node_modules\\selenium-webdriver\\lib\\http.js:458:28)\n    at processTicksAndRejections (node:internal/process/task_queues:104:5)\n    at Driver.execute (C:\\Users\\then9\\Downloads\\PROJECT PDD\\collabroom-tests\\selenium\\node_modules\\selenium-webdriver\\lib\\webdriver.js:745:17)\n    at login (C:\\Users\\then9\\Downloads\\PROJECT PDD\\collabroom-tests\\selenium\\helpers\\auth.js:26:3)\n    at loginAsCreator (C:\\Users\\then9\\Downloads\\PROJECT PDD\\collabroom-tests\\selenium\\helpers\\auth.js:45:3)\n    at Object.<anonymous> (C:\\Users\\then9\\Downloads\\PROJECT PDD\\collabroom-tests\\selenium\\tests\\dashboard.test.js:10:5)"],"fullName":"Dashboard Tests TC_DASH_001: /dashboard body visible","invocations":1,"location":null,"numPassingAsserts":0,"retryReasons":[],"status":"failed","title":"TC_DASH_001: /dashboard body visible"},{"ancestorTitles":["Dashboard Tests"],"duration":0,"failureDetails":[{"name":"WebDriverError","remoteStacktrace":"\tchromedriver!GetHandleVerifier [0x7ff72eda3fa5+14925]\n\tchromedriver!GetHandleVerifier [0x7ff72eda4000+14980]\n\tchromedriver!(No symbol) [0x7ff72e8e793d]\n\tchromedriver!(No symbol) [0x7ff72e8e44ce]\n\tchromedriver!(No symbol) [0x7ff72e8d4711]\n\tchromedriver!(No symbol) [0x7ff72e8d657f]\n\tchromedriver!(No symbol) [0x7ff72e8d4cb3]\n\tchromedriver!(No symbol) [0x7ff72e8d447b]\n\tchromedriver!(No symbol) [0x7ff72e8d4131]\n\tchromedriver!(No symbol) [0x7ff72e8d1e01]\n\tchromedriver!(No symbol) [0x7ff72e8d2562]\n\tchromedriver!(No symbol) [0x7ff72e8ebbe6]\n\tchromedriver!(No symbol) [0x7ff72e9901c4]\n\tchromedriver!(No symbol) [0x7ff72e96a3ca]\n\tchromedriver!(No symbol) [0x7ff72e98f39b]\n\tchromedriver!(No symbol) [0x7ff72e93401c]\n\tchromedriver!(No symbol) [0x7ff72e934f43]\n\tchromedriver!GetHandleVerifier [0x7ff72f387591+5f7f11]\n\tchromedriver!GetHandleVerifier [0x7ff72f381902+5f2282]\n\tchromedriver!GetHandleVerifier [0x7ff72f3a7115+617a95]\n\tchromedriver!GetHandleVerifier [0x7ff72edc1dce+3274e]\n\tchromedriver!GetHandleVerifier [0x7ff72edca82c+3b1ac]\n\tchromedriver!GetHandleVerifier [0x7ff72edad744+1e0c4]\n\tchromedriver!GetHandleVerifier [0x7ff72edad8d4+1e254]\n\tchromedriver!GetHandleVerifier [0x7ff72ed91447+1dc7]\n\tKERNEL32!BaseThreadInitThunk [0x7fff92bae957+17]\n\tntdll!RtlUserThreadStart [0x7fff939a7c1c+2c]\n"}],"failureMessages":["WebDriverError: unknown error: net::ERR_CONNECTION_REFUSED\n  (Session info: chrome=149.0.7827.103)\n    at Object.throwDecodedError (C:\\Users\\then9\\Downloads\\PROJECT PDD\\collabroom-tests\\selenium\\node_modules\\selenium-webdriver\\lib\\error.js:523:15)\n    at parseHttpResponse (C:\\Users\\then9\\Downloads\\PROJECT PDD\\collabroom-tests\\selenium\\node_modules\\selenium-webdriver\\lib\\http.js:526:13)\n    at Executor.execute (C:\\Users\\then9\\Downloads\\PROJECT PDD\\collabroom-tests\\selenium\\node_modules\\selenium-webdriver\\lib\\http.js:458:28)\n    at processTicksAndRejections (node:internal/process/task_queues:104:5)\n    at Driver.execute (C:\\Users\\then9\\Downloads\\PROJECT PDD\\collabroom-tests\\selenium\\node_modules\\selenium-webdriver\\lib\\webdriver.js:745:17)\n    at login (C:\\Users\\then9\\Downloads\\PROJECT PDD\\collabroom-tests\\selenium\\helpers\\auth.js:26:3)\n    at loginAsCreator (C:\\Users\\then9\\Downloads\\PROJECT PDD\\collabroom-tests\\selenium\\helpers\\auth.js:45:3)\n    at Object.<anonymous> (C:\\Users\\then9\\Downloads\\PROJECT PDD\\collabroom-tests\\selenium\\tests\\dashboard.test.js:10:5)"],"fullName":"Dashboard Tests TC_DASH_002: [class*=\"card\"] elements present (count > 0)","invocations":1,"location":null,"numPassingAsserts":0,"retryReasons":[],"status":"failed","title":"TC_DASH_002: [class*=\"card\"] elements present (count > 0)"},{"ancestorTitles":["Dashboard Tests"],"duration":0,"failureDetails":[{"name":"WebDriverError","remoteStacktrace":"\tchromedriver!GetHandleVerifier [0x7ff72eda3fa5+14925]\n\tchromedriver!GetHandleVerifier [0x7ff72eda4000+14980]\n\tchromedriver!(No symbol) [0x7ff72e8e793d]\n\tchromedriver!(No symbol) [0x7ff72e8e44ce]\n\tchromedriver!(No symbol) [0x7ff72e8d4711]\n\tchromedriver!(No symbol) [0x7ff72e8d657f]\n\tchromedriver!(No symbol) [0x7ff72e8d4cb3]\n\tchromedriver!(No symbol) [0x7ff72e8d447b]\n\tchromedriver!(No symbol) [0x7ff72e8d4131]\n\tchromedriver!(No symbol) [0x7ff72e8d1e01]\n\tchromedriver!(No symbol) [0x7ff72e8d2562]\n\tchromedriver!(No symbol) [0x7ff72e8ebbe6]\n\tchromedriver!(No symbol) [0x7ff72e9901c4]\n\tchromedriver!(No symbol) [0x7ff72e96a3ca]\n\tchromedriver!(No symbol) [0x7ff72e98f39b]\n\tchromedriver!(No symbol) [0x7ff72e93401c]\n\tchromedriver!(No symbol) [0x7ff72e934f43]\n\tchromedriver!GetHandleVerifier [0x7ff72f387591+5f7f11]\n\tchromedriver!GetHandleVerifier [0x7ff72f381902+5f2282]\n\tchromedriver!GetHandleVerifier [0x7ff72f3a7115+617a95]\n\tchromedriver!GetHandleVerifier [0x7ff72edc1dce+3274e]\n\tchromedriver!GetHandleVerifier [0x7ff72edca82c+3b1ac]\n\tchromedriver!GetHandleVerifier [0x7ff72edad744+1e0c4]\n\tchromedriver!GetHandleVerifier [0x7ff72edad8d4+1e254]\n\tchromedriver!GetHandleVerifier [0x7ff72ed91447+1dc7]\n\tKERNEL32!BaseThreadInitThunk [0x7fff92bae957+17]\n\tntdll!RtlUserThreadStart [0x7fff939a7c1c+2c]\n"}],"failureMessages":["WebDriverError: unknown error: net::ERR_CONNECTION_REFUSED\n  (Session info: chrome=149.0.7827.103)\n    at Object.throwDecodedError (C:\\Users\\then9\\Downloads\\PROJECT PDD\\collabroom-tests\\selenium\\node_modules\\selenium-webdriver\\lib\\error.js:523:15)\n    at parseHttpResponse (C:\\Users\\then9\\Downloads\\PROJECT PDD\\collabroom-tests\\selenium\\node_modules\\selenium-webdriver\\lib\\http.js:526:13)\n    at Executor.execute (C:\\Users\\then9\\Downloads\\PROJECT PDD\\collabroom-tests\\selenium\\node_modules\\selenium-webdriver\\lib\\http.js:458:28)\n    at processTicksAndRejections (node:internal/process/task_queues:104:5)\n    at Driver.execute (C:\\Users\\then9\\Downloads\\PROJECT PDD\\collabroom-tests\\selenium\\node_modules\\selenium-webdriver\\lib\\webdriver.js:745:17)\n    at login (C:\\Users\\then9\\Downloads\\PROJECT PDD\\collabroom-tests\\selenium\\helpers\\auth.js:26:3)\n    at loginAsCreator (C:\\Users\\then9\\Downloads\\PROJECT PDD\\collabroom-tests\\selenium\\helpers\\auth.js:45:3)\n    at Object.<anonymous> (C:\\Users\\then9\\Downloads\\PROJECT PDD\\collabroom-tests\\selenium\\tests\\dashboard.test.js:10:5)"],"fullName":"Dashboard Tests TC_DASH_003: [data-testid=\"sidebar\"] visible","invocations":1,"location":null,"numPassingAsserts":0,"retryReasons":[],"status":"failed","title":"TC_DASH_003: [data-testid=\"sidebar\"] visible"},{"ancestorTitles":["Dashboard Tests"],"duration":0,"failureDetails":[{"name":"WebDriverError","remoteStacktrace":"\tchromedrive
[...]
ion info: chrome=149.0.7827.103)\n\n    \u001b[0m \u001b[90m 24 |\u001b[39m\n     \u001b[90m 25 |\u001b[39m \u001b[36masync\u001b[39m \u001b[36mfunction\u001b[39m login(driver\u001b[33m,\u001b[39m email\u001b[33m,\u001b[39m password) {\n    \u001b[31m\u001b[1m>\u001b[22m\u001b[39m\u001b[90m 26 |\u001b[39m   \u001b[36mawait\u001b[39m driver\u001b[33m.\u001b[39m\u001b[36mget\u001b[39m(testData\u001b[33m.\u001b[39m\u001b[33mBASE_URL\u001b[39m \u001b[33m+\u001b[39m \u001b[32m'/'\u001b[39m)\u001b[33m;\u001b[39m\n     \u001b[90m    |\u001b[39m   \u001b[31m\u001b[1m^\u001b[22m\u001b[39m\n     \u001b[90m 27 |\u001b[39m   \u001b[36mawait\u001b[39m driver\u001b[33m.\u001b[39msleep(\u001b[35m500\u001b[39m)\u001b[33m;\u001b[39m\n     \u001b[90m 28 |\u001b[39m   \u001b[36mawait\u001b[39m driver\u001b[33m.\u001b[39mexecuteScript(\u001b[32m`localStorage.clear(); sessionStorage.clear();`\u001b[39m)\u001b[33m;\u001b[39m\n     \u001b[90m 29 |\u001b[39m   \u001b[36mawait\u001b[39m driver\u001b[33m.\u001b[39m\u001b[36mget\u001b[39m(testData\u001b[33m.\u001b[39m\u001b[33mBASE_URL\u001b[39m \u001b[33m+\u001b[39m \u001b[32m'/#/login'\u001b[39m)\u001b[33m;\u001b[39m\u001b[0m\n\n      at Object.throwDecodedError (node_modules/selenium-webdriver/lib/error.js:523:15)\n      at parseHttpResponse (node_modules/selenium-webdriver/lib/http.js:526:13)\n      at Executor.execute (node_modules/selenium-webdriver/lib/http.js:458:28)\n      at Driver.execute (node_modules/selenium-webdriver/lib/webdriver.js:745:17)\n      at login (helpers/auth.js:26:3)\n      at loginAsCreator (helpers/auth.js:45:3)\n      at Object.<anonymous> (tests/notifications.test.js:11:5)\n","name":"C:\\Users\\then9\\Downloads\\PROJECT PDD\\collabroom-tests\\selenium\\tests\\notifications.test.js","startTime":1781771191134,"status":"failed","summary":""},{"assertionResults":[{"ancestorTitles":["Collab Room Tests"],"duration":0,"failureDetails":[{"name":"WebDriverError","remoteStacktrace":"\tchromedriver!GetHandleVerifier [0x7ff72eda3fa5+14925]\n\tchromedriver!GetHandleVerifier [0x7ff72eda4000+14980]\n\tchromedriver!(No symbol) [0x7ff72e8e793d]\n\tchromedriver!(No symbol) [0x7ff72e8ef8b1]\n\tchromedriver!(No symbol) [0x7ff72e8f2c0f]\n\tchromedriver!(No symbol) [0x7ff72e990748]\n\tchromedriver!(No symbol) [0x7ff72e96a3ca]\n\tchromedriver!(No symbol) [0x7ff72e98f39b]\n\tchromedriver!(No symbol) [0x7ff72e93401c]\n\tchromedriver!(No symbol) [0x7ff72e934f43]\n\tchromedriver!GetHandleVerifier [0x7ff72f387591+5f7f11]\n\tchromedriver!GetHandleVerifier [0x7ff72f381902+5f2282]\n\tchromedriver!GetHandleVerifier [0x7ff72f3a7115+617a95]\n\tchromedriver!GetHandleVerifier [0x7ff72edc1dce+3274e]\n\tchromedriver!GetHandleVerifier [0x7ff72edca82c+3b1ac]\n\tchromedriver!GetHandleVerifier [0x7ff72edad744+1e0c4]\n\tchromedriver!GetHandleVerifier [0x7ff72edad8d4+1e254]\n\tchromedriver!GetHandleVerifier [0x7ff72ed91447+1dc7]\n\tKERNEL32!BaseThreadInitThunk [0x7fff92bae957+17]\n\tntdll!RtlUserThreadStart [0x7fff939a7c1c+2c]\n"}],"failureMessages":["WebDriverError: <unknown>: Failed to read the 'localStorage' property from 'Window': Access is denied for this document.\n  (Session info: chrome=149.0.7827.103)\n    at Object.throwDecodedError (C:\\Users\\then9\\Downloads\\PROJECT PDD\\collabroom-tests\\selenium\\node_modules\\selenium-webdriver\\lib\\error.js:523:15)\n    at parseHttpResponse (C:\\Users\\then9\\Downloads\\PROJECT PDD\\collabroom-tests\\selenium\\node_modules\\selenium-webdriver\\lib\\http.js:526:13)\n    at Executor.execute (C:\\Users\\then9\\Downloads\\PROJECT PDD\\collabroom-tests\\selenium\\node_modules\\selenium-webdriver\\lib\\http.js:458:28)\n    at processTicksAndRejections (node:internal/process/task_queues:104:5)\n    at Driver.execute (C:\\Users\\then9\\Downloads\\PROJECT PDD\\collabroom-tests\\selenium\\node_modules\\selenium-webdriver\\lib\\webdriver.js:745:17)\n    at login (C:\\Users\\then9\\Downloads\\PROJECT PDD\\collabroom-tests\\selenium\\helpers\\auth.js:28:3)\n    at loginAsCreator (C:\\Users\\then9\\Downloads\\PROJECT PDD\\collabroom-tests\\selenium\\helpers\\auth.js:45:3)\n    at Object.<anonymous> (C:\\Users\\then9\\Downloads\\PROJECT PDD\\collabroom-tests\\selenium\\tests\\collab-room.test.js:11:5)"],"fullName":"Collab Room Tests TC_COLLAB_001: /collab-room/room-001 body visible","invocations":1,"location":null,"numPassingAsserts":0,"retryReasons":[],"status":"failed","title":"TC_COLLAB_001: /collab-room/room-001 body visible"},{"ancestorTitles":["Collab Room Tests"],"duration":0,"failureDetails":[{"name":"WebDriverError","remoteStacktrace":"\tchromedriver!GetHandleVerifier [0x7ff72eda3fa5+14925]\n\tchromedriver!GetHandleVerifier [0x7ff72eda4000+14980]\n\tchromedriver!(No symbol) [0x7ff72e8e793d]\n\tchromedriver!(No symbol) [0x7ff72e8ef8b1]\n\tchromedriver!(No symbol) [0x7ff72e8f2c0f]\n\tchromedriver!(No symbol) [0x7ff72e990748]\n\tchromedriver!(No symbol) [0x7ff72e96a3ca]\n\tchromedriver!(No symbol) [0x7ff72e98f39b]\n\tchromedriver!(No symbol) [0x7ff72e93401c]\n\tchromedriver!(No symbol) [0x7ff72e934f43]\n\tchromedriver!GetHandleVerifier [0x7ff72f387591+5f7f11]\n\tchromedriver!GetHandleVerifier [0x7ff72f381902+5f2282]\n\tchromedriver!GetHandleVerifier [0x7ff72f3a7115+617a95]\n\tchromedriver!GetHandleVerifier [0x7ff72edc1dce+3274e]\n\tchromedriver!GetHandleVerifier [0x7ff72edca82c+3b1ac]\n\tchromedriver!GetHandleVerifier [0x7ff72edad744+1e0c4]\n\tchromedriver!GetHandleVerifier [0x7ff72edad8d4+1e254]\n\tchromedriver!GetHandleVerifier [0x7ff72ed91447+1dc7]\n\tKERNEL32!BaseThreadInitThunk [0x7fff92bae957+17]\n\tntdll!RtlUserThreadStart [0x7fff939a7c1c+2c]\n"}],"failureMessages":["WebDriverError: <unknown>: Failed to read the 'localStorage' property from 'Window': Access is denied for this document.\n  (Session info: chrome=149.0.7827.103)\n    at Object.throwDecodedError (C:\\Users\\then9\\Downloads\\PROJECT PDD\\collabroom-tests\\selenium\\node_modules\\selenium-webdriver\\lib\\error.js:523:15)\n    at parseHttpResponse (C:\\Users\\then9\\Downloads\\PROJECT PDD\\collabroom-tests\\selenium\\node_modules\\selenium-webdriver\\lib\\http.js:526:13)\n    at Executor.execute (C:\\Users\\then9\\Downloads\\PROJECT PDD\\collabroom-tests\\selenium\\node_modules\\selenium-webdriver\\lib\\http.js:458:28)\n    at processTicksAndRejections (node:internal/process/task_queues:104:5)\n    at Driver.execute (C:\\Users\\then9\\Downloads\\PROJECT PDD\\collabroom-tests\\selenium\\node_modules\\selenium-webdriver\\lib\\webdriver.js:745:17)\n    at login (C:\\Users\\then9\\Downloads\\PROJECT PDD\\collabroom-tests\\selenium\\helpers\\auth.js:28:3)\n    at loginAsCreator (C:\\Users\\then9\\Downloads\\PROJECT PDD\\collabroom-tests\\selenium\\helpers\\auth.js:45:3)\n    at Object.<anonymous> (C:\\Users\\then9\\Downloads\\PROJECT PDD\\collabroom-tests\\selenium\\tests\\collab-room.test.js:11:5)"],"fullName":"Collab Room Tests TC_COLLAB_002: [data-testid=\"milestone-timeline\"] visible","invocations":1,"location":null,"numPassingAsserts":0,"retryReasons":[],"status":"failed","title":"TC_COLLAB_002: [data-testid=\"milestone-timeline\"] visible"},{"ancestorTitles":["Collab Room Tests"],"duration":0,"failureDetails":[{"name":"WebDriverError","remoteStacktrace":"\tchromedriver!GetHandleVerifier [0x7ff72eda3fa5+14925]\n\tchromedriver!GetHandleVerifier [0x7ff72eda4000+14980]\n\tchromedriver!(No symbol) [0x7ff72e8e793d]\n\tchromedriver!(No symbol) [0x7ff72e8ef8b1]\n\tchromedriver!(No symbol) [0x7ff72e8f2c0f]\n\tchromedriver!(No symbol) [0x7ff72e990748]\n\tchromedriver!(No symbol) [0x7ff72e96a3ca]\n\tchromedriver!(No symbol) [0x7ff72e98f39b]\n\tchromedriver!(No symbol) [0x7ff72e93401c]\n\tchromedriver!(No symbol) [0x7ff72e934f43]\n\tchromedriver!GetHandleVerifier [0x7ff72f387591+5f7f11]\n\tchromedriver!GetHandleVerifier [0x7ff72f381902+5f2282]\n\tchromedriver!GetHandleVerifier [0x7ff72f3a7115+617a95]\n\tchromedriver!GetHandleVerifier [0x7ff72edc1dce+3274e]\n\tchromedriver!GetHandleVerifier [0x7ff72edca82c+3b1ac]\n\tchromedriver!GetHandleVerifier [0x7ff72edad744+1e0c4]\n\tchromedriver!GetHandleVerifier [0x7ff72edad8d4+1e254]\n\tchromedriver!GetHandleVerifier [0x7ff72ed91447+1dc7]\n\tKERNEL32!BaseThreadInitThunk [0x7fff92bae957+17]\n\tntdll!RtlUserThreadStart [0x7fff939a7c1c+2c]\n"}],"failureMessages":["WebDriverError: <unknown>: Failed to read the 'localStorage' property from 'Window': Access is denied for this document.\n  (Session info: chrome=149.0.7827.103)\n    at Object.throwDecodedError (C:\\Users\\then9\\Downloads\\PROJECT PDD\\collabroom-tests\\selenium\\node_modules\\selenium-webdriver\\lib\\error.js:523:15)\n    at parseHttpResponse (C:\\Users\\then9\\Downloads\\PROJECT PDD\\collabroom-tests\\selenium\\node_modules\\selenium-webdriver\\lib\\http.js:526:13)\n    at Executor.execute (C:\\Users\\then9\\Downloads\\PROJECT PDD\\collabroom-tests\\selenium\\node_modules\\selenium-webdriver\\lib\\http.js:458:28)\n    at processTicksAndRejections (node:internal/process/task_queues:104:5)\n    at Driver.execute (C:\\Users\\then9\\Downloads\\PROJECT PDD\\collabroom-tests\\selenium\\node_modules\\selenium-webdriver\\lib\\webdriver.js:745:17)\n    at login (C:\\Users\\then9\\Downloads\\PROJECT PDD\\collabroom-tests\\selenium\\helpers\\auth.js:28:3)\n    at loginAsCreator (C:\\Users\\then9\\Downloads\\PROJECT PDD\\collabroom-tests\\selenium\\helpers\\auth.js:45:3)\n    at Object.<anonymous> (C:\\Users\\then9\\Downloads\\PROJECT PDD\\collabroom-tests\\selenium\\tests\\collab-room.test.js:11:5)"],"fullName":"Collab Room Tests TC_COLLAB_003: [data-testid=\"message-area\"] visible","invocations":1,"location":null,"numPassingAsserts":0,"retryReasons":[],"status":"failed","title":"TC_COLLAB_003: [data-testid=\"message-area\"] visible"},{"ancestorTitles":["Collab Room Tests"],"duration":0,"failureDetails":[{"name":"WebDriverError","remoteStacktrace":"\tchromedriver!GetHandleVerifier [0x7ff72eda3fa5+14925]\n\tchromedriver!GetHandleVerifier [0x7ff72eda4000+14980]\n\tchromedriver!(No symbol) [0x7ff72e8e793d]\n\tchromedriver!(No symbol) [0x7ff72e8ef8b1]\n\tchromedriver!(No symbol) [0x7ff72e8f2c0f]\n\tchromedriver!(No symbol) [0x7ff72e990748]\n\tchromedriver!(No symbol) [0x7ff72e96a3ca]\n\tchromedriver!(No symbol) [0x7ff72e98f39b]\n\tchromedriver!(No symbol) [0x7ff72e93401c]\n\tchromedriver!(No symbol) [0x7ff72e934f43]\n\tchromedriver!GetHandleVerifier [0x7ff72f387591+5f7f11]\n\tchromedriver!GetHandleVerifier [0x7ff72f381902+5f2282]\n\tchromedriver!GetHandleVerifier [0x7ff72f3a7115+617a95]\n\tchromedriver!GetHandleVerifier [0x7ff72edc1dce+3274e]\n\tchromedriver!GetHandleVerifier [0x7ff72edca82c+3b1ac]\n\tchromedriver!GetHandleVerifier [0x7ff72edad744+1e0c4]\n\tchromedriver!GetHandleVerifier [0x7ff72edad8d4+1e254]\n\tchromedriver!GetHandleVerifier [0x7ff72ed91447+1dc7]\n\tKERNEL32!BaseThreadInitThunk [0x7fff92bae957+17]\n\tntdll!RtlUserThreadStart [0x7fff939a7c1c+2c]\n"}],"failureMessages":["WebDriverError: <unknown>: Failed to read the 'localStorage' property from 'Window': Access is denied for this document.\n  (Session info: chrome=149.0.7827.103)\n    at Object.throwDecodedError (C:\\Users\\then9\\Downloads\\PROJECT PDD\\collabroom-tests\\selenium\\node_modules\\selenium-webdriver\\lib\\error.js:523:15)\n    at parseHttpResponse (C:\\Users\\then9\\Downloads\\PROJECT PDD\\collabroom-tests\\selenium\\node_modules\\selenium-webdriver\\lib\\http.js:526:13)\n    at Executor.execute (C:\\Users\\then9\\Downloads\\PROJECT PDD\\collabroom-tests\\selenium\\node_modules\\selenium-webdriver\\lib\\http.js:458:28)\n    at processTicksAndRejections (node:internal/process/task_queues:104:5)\n    at Driver.execute (C:\\Users\\then9\\Downloads\\PROJECT PDD\\collabroom-tests\\selenium\\node_modules\\selenium-webdriver\\lib\\webdriver.js:745:17)\n    at login (C:\\Users\\then9\\Downloads\\PROJECT PDD\\collabroom-tests\\selenium\\helpers\\auth.js:28:3)\n    at loginAsCreator (C:\\Users\\then9\\Downloads\\PROJECT PDD\\collabroom-tests\\selenium\\helpers\\auth.js:45:3)\n    at Object.<anonymous> (C:\\Users\\then9\\Downloads\\PROJECT PDD\\collabroom-tests\\selenium\\tests\\collab-room.test.js:11:5)"],"fullName":"Collab Room Tests TC_COLLAB_004: [data-testid=\"message-input\"] visible","invocations":1,"location":null,"numPassingAsserts":0,"retryReasons":[],"status":"failed","title":"TC_COLLAB_004: [data-testid=\"message-input\"] visible"}],"endTime":1781771201707,"message":"  ● Collab Room Tests › TC_COLLAB_001: /collab-room/room-001 body visible\n\n    WebDriverError: <unknown>: Failed to read the 'localStorage' property from 'Window': Access is denied for this document.\n      (Session info: chrome=149.0.7827.103)\n\n    \u001b[0m \u001b[90m 26 |\u001b[39m   \u001b[36mawait\u001b[39m driver\u001b[33m.\u001b[39m\u001b[36mget\u001b[39m(testData\u001b[33m.\u001b[39m\u001b[33mBASE_URL\u001b[39m \u001b[33m+\u001b[39m \u001b[32m'/'\u001b[39m)\u001b[33m;\u001b[39m\n     \u001b[90m 27 |\u001b[39m   \u001b[36mawait\u001b[39m driver\u001b[33m.\u001b[39msleep(\u001b[35m500\u001b[39m)\u001b[33m;\u001b[39m\n    \u001b[31m\u001b[1m>\u001b[22m\u001b[39m\u001b[90m 28 |\u001b[39m   \u001b[36mawait\u001b[39m driver\u001b[33m.\u001b[39mexecuteScript(\u001b[32m`localStorage.clear(); sessionStorage.clear();`\u001b[39m)\u001b[33m;\u001b[39m\n     \u001b[90m    |\u001b[39m   \u001b[31m\u001b[1m^\u001b[22m\u001b[39m\n     \u001b[90m 29 |\u001b[39m   \u001b[36mawait\u001b[39m driver\u001b[33m.\u001b[39m\u001b[36mget\u001b[39m(testData\u001b[33m.\u001b[39m\u001b[33mBASE_URL\u001b[39m \u001b[33m+\u001b[39m \u001b[32m'/#/login'\u001b[39m)\u001b[33m;\u001b[39m\n     \u001b[90m 30 |\u001b[39m   \u001b[36mawait\u001b[39m driver\u001b[33m.\u001b[39msleep(\u001b[35m2000\u001b[39m)\u001b[33m;\u001b[39m\n     \u001b[90m 31 |\u001b[39m\u001b[0m\n\n      at Object.throwDecodedError (node_modules/selenium-webdriver/lib/error.js:523:15)\n      at parseHttpResponse (node_modules/selenium-webdriver/lib/http.js:526:13)\n      at Executor.execute (node_modules/selenium-webdriver/lib/http.js:458:28)\n      at Driver.execute (node_modules/selenium-webdriver/lib/webdriver.js:745:17)\n      at login (helpers/auth.js:28:3)\n      at loginAsCreator (helpers/auth.js:45:3)\n      at Object.<anonymous> (tests/collab-room.test.js:11:5)\n\n  ● Collab Room Tests › TC_COLLAB_002: [data-testid=\"milestone-timeline\"] visible\n\n    WebDriverError: <unknown>: Failed to read the 'localStorage' property from 'Window': Access is denied for this document.\n      (Session info: chrome=149.0.7827.103)\n\n    \u001b[0m \u001b[90m 26 |\u001b[39m   \u001b[36mawait\u001b[39m driver\u001b[33m.\u001b[39m\u001b[36mget\u001b[39m(testData\u001b[33m.\u001b[39m\u001b[33mBASE_URL\u001b[39m \u001b[33m+\u001b[39m \u001b[32m'/'\u001b[39m)\u001b[33m;\u001b[39m\n     \u001b[90m 27 |\u001b[39m   \u001b[36mawait\u001b[39m driver\u001b[33m.\u001b[39msleep(\u001b[35m500\u001b[39m)\u001b[33m;\u001b[39m\n    \u001b[31m\u001b[1m>\u001b[22m\u001b[39m\u001b[90m 28 |\u001b[39m   \u001b[36mawait\u001b[39m driver\u001b[33m.\u001b[39mexecuteScript(\u001b[32m`localStorage.clear(); sessionStorage.clear();`\u001b[39m)\u001b[33m;\u001b[39m\n     \u001b[90m    |\u001b[39m   \u001b[31m\u001b[1m^\u001b[22m\u001b[39m\n     \u001b[90m 29 |\u001b[39m   \u001b[36mawait\u001b[39m driver\u001b[33m.\u001b[39m\u001b[36mget\u001b[39m(testData\u001b[33m.\u001b[39m\u001b[33mBASE_URL\u001b[39m \u001b[33m+\u001b[39m \u001b[32m'/#/login'\u001b[39m)\u001b[33m;\u001b[39m\n     \u001b[90m 30 |\u001b[39m   \u001b[36mawait\u001b[39m driver\u001b[33m.\u001b[39msleep(\u001b[35m2000\u001b[39m)\u001b[33m;\u001b[39m\n     \u001b[90m 31 |\u001b[39m\u001b[0m\n\n      at Object.throwDecodedError (node_modules/selenium-webdriver/lib/error.js:523:15)\n      at parseHttpResponse (node_modules/selenium-webdriver/lib/http.js:526:13)\n      at Executor.execute (node_modules/selenium-webdriver/lib/http.js:458:28)\n      at Driver.execute (node_modules/selenium-webdriver/lib/webdriver.js:745:17)\n      at login (helpers/auth.js:28:3)\n      at loginAsCreator (helpers/auth.js:45:3)\n      at Object.<anonymous> (tests/collab-room.test.js:11:5)\n\n  ● Collab Room Tests › TC_COLLAB_003: [data-testid=\"message-area\"] visible\n\n    WebDriverError: <unknown>: Failed to read the 'localStorage' property from 'Window': Access is denied for this document.\n      (Session info: chrome=149.0.7827.103)\n\n    \u001b[0m \u001b[90m 26 |\u001b[39m   \u001b[36mawait\u001b[39m driver\u001b[33m.\u001b[39m\u001b[36mget\u001b[39m(testData\u001b[33m.\u001b[39m\u001b[33mBASE_URL\u001b[39m \u001b[33m+\u001b[39m \u001b[32m'/'\u001b[39m)\u001b[33m;\u001b[39m\n     \u001b[90m 27 |\u001b[39m   \u001b[36mawait\u001b[39m driver\u001b[33m.\u001b[39msleep(\u001b[35m500\u001b[39m)\u001b[33m;\u001b[39m\n    \u001b[31m\u001b[1m>\u001b[22m\u001b[39m\u001b[90m 28 |\u001b[39m   \u001b[36mawait\u001b[39m driver\u001b[33m.\u001b[39mexecuteScript(\u001b[32m`localStorage.clear(); sessionStorage.clear();`\u001b[39m)\u001b[33m;\u001b[39m\n     \u001b[90m    |\u001b[39m   \u001b[31m\u001b[1m^\u001b[22m\u001b[39m\n     \u001b[90m 29 |\u001b[39m   \u001b[36mawait\u001b[39m driver\u001b[33m.\u001b[39m\u001b[36mget\u001b[39m(testData\u001b[33m.\u001b[39m\u001b[33mBASE_URL\u001b[39m \u001b[33m+\u001b[39m \u001b[32m'/#/login'\u001b[39m)\u001b[33m;\u001b[39m\n     \u001b[90m 30 |\u001b[39m   \u001b[36mawait\u001b[39m driver\u001b[33m.\u001b[39msleep(\u001b[35m2000\u001b[39m)\u001b[33m;\u001b[39m\n     \u001b[90m 31 |\u001b[39m\u001b[0m\n\n      at Object.throwDecodedError (node_modules/selenium-webdriver/lib/error.js:523:15)\n      at parseHttpResponse (node_modules/selenium-webdriver/lib/http.js:526:13)\n      at Executor.execute (node_modules/selenium-webdriver/lib/http.js:458:28)\n      at Driver.execute (node_modules/selenium-webdriver/lib/webdriver.js:745:17)\n      at login (helpers/auth.js:28:3)\n      at loginAsCreator (helpers/auth.js:45:3)\n      at Object.<anonymous> (tests/collab-room.test.js:11:5)\n\n  ● Collab Room Tests › TC_COLLAB_004: [data-testid=\"message-input\"] visible\n\n    WebDriverError: <unknown>: Failed to read the 'localStorage' property from 'Window': Access is denied for this document.\n      (Session info: chrome=149.0.7827.103)\n\n    \u001b[0m \u001b[90m 26 |\u001b[39m   \u001b[36mawait\u001b[39m driver\u001b[33m.\u001b[39m\u001b[36mget\u001b[39m(testData\u001b[33m.\u001b[39m\u001b[33mBASE_URL\u001b[39m \u001b[33m+\u001b[39m \u001b[32m'/'\u001b[39m)\u001b[33m;\u001b[39m\n     \u001b[90m 27 |\u001b[39m   \u001b[36mawait\u001b[39m driver\u001b[33m.\u001b[39msleep(\u001b[35m500\u001b[39m)\u001b[33m;\u001b[39m\n    \u001b[31m\u001b[1m>\u001b[22m\u001b[39m\u001b[90m 28 |\u001b[39m   \u001b[36mawait\u001b[39m driver\u001b[33m.\u001b[39mexecuteScript(\u001b[32m`localStorage.clear(); sessionStorage.clear();`\u001b[39m)\u001b[33m;\u001b[39m\n     \u001b[90m    |\u001b[39m   \u001b[31m\u001b[1m^\u001b[22m\u001b[39m\n     \u001b[90m 29 |\u001b[39m   \u001b[36mawait\u001b[39m driver\u001b[33m.\u001b[39m\u001b[36mget\u001b[39m(testData\u001b[33m.\u001b[39m\u001b[33mBASE_URL\u001b[39m \u001b[33m+\u001b[39m \u001b[32m'/#/login'\u001b[39m)\u001b[33m;\u001b[39m\n     \u001b[90m 30 |\u001b[39m   \u001b[36mawait\u001b[39m driver\u001b[33m.\u001b[39msleep(\u001b[35m2000\u001b[39m)\u001b[33m;\u001b[39m\n     \u001b[90m 31 |\u001b[39m\u001b[0m\n\n      at Object.throwDecodedError (node_modules/selenium-webdriver/lib/error.js:523:15)\n      at parseHttpResponse (node_modules/selenium-webdriver/lib/http.js:526:13)\n      at Executor.execute (node_modules/selenium-webdriver/lib/http.js:458:28)\n      at Driver.execute (node_modules/selenium-webdriver/lib/webdriver.js:745:17)\n      at login (helpers/auth.js:28:3)\n      at loginAsCreator (helpers/auth.js:45:3)\n      at Object.<anonymous> (tests/collab-room.test.js:11:5)\n","name":"C:\\Users\\then9\\Downloads\\PROJECT PDD\\collabroom-tests\\selenium\\tests\\collab-room.test.js","startTime":1781771196444,"status":"failed","summary":""}],"wasInterrupted":false}
