<?xml version="1.0" encoding="UTF-8"?>
<testsuites name="jest tests" tests="47" failures="47" errors="0" time="68.448">
  <testsuite name="Profile Tests" errors="0" failures="6" skipped="0" timestamp="2026-06-18T08:25:33" time="10.653" tests="6">
    <testcase classname="Profile Tests TC_PROF_001: /profile body visible" name="Profile Tests TC_PROF_001: /profile body visible" time="0.001">
      <failure>WebDriverError: unknown error: net::ERR_CONNECTION_REFUSED
  (Session info: chrome=149.0.7827.103)
    at Object.throwDecodedError (C:\Users\then9\Downloads\PROJECT PDD\collabroom-tests\selenium\node_modules\selenium-webdriver\lib\error.js:523:15)
    at parseHttpResponse (C:\Users\then9\Downloads\PROJECT PDD\collabroom-tests\selenium\node_modules\selenium-webdriver\lib\http.js:526:13)
    at Executor.execute (C:\Users\then9\Downloads\PROJECT PDD\collabroom-tests\selenium\node_modules\selenium-webdriver\lib\http.js:458:28)
    at processTicksAndRejections (node:internal/process/task_queues:104:5)
    at Driver.execute (C:\Users\then9\Downloads\PROJECT PDD\collabroom-tests\selenium\node_modules\selenium-webdriver\lib\webdriver.js:745:17)
    at login (C:\Users\then9\Downloads\PROJECT PDD\collabroom-tests\selenium\helpers\auth.js:26:3)
    at loginAsCreator (C:\Users\then9\Downloads\PROJECT PDD\collabroom-tests\selenium\helpers\auth.js:45:3)
    at Object.&lt;anonymous&gt; (C:\Users\then9\Downloads\PROJECT PDD\collabroom-tests\selenium\tests\profile.test.js:10:5)</failure>
    </testcase>
    <testcase classname="Profile Tests TC_PROF_002: [data-testid=&quot;avatar&quot;] visible" name="Profile Tests TC_PROF_002: [data-testid=&quot;avatar&quot;] visible" time="0">
      <failure>WebDriverError: unknown error: net::ERR_CONNECTION_REFUSED
  (Session info: chrome=149.0.7827.103)
    at Object.throwDecodedError (C:\Users\then9\Downloads\PROJECT PDD\collabroom-tests\selenium\node_modules\selenium-webdriver\lib\error.js:523:15)
    at parseHttpResponse (C:\Users\then9\Downloads\PROJECT PDD\collabroom-tests\selenium\node_modules\selenium-webdriver\lib\http.js:526:13)
    at Executor.execute (C:\Users\then9\Downloads\PROJECT PDD\collabroom-tests\selenium\node_modules\selenium-webdriver\lib\http.js:458:28)
    at processTicksAndRejections (node:internal/process/task_queues:104:5)
    at Driver.execute (C:\Users\then9\Downloads\PROJECT PDD\collabroom-tests\selenium\node_modules\selenium-webdriver\lib\webdriver.js:745:17)
    at login (C:\Users\then9\Downloads\PROJECT PDD\collabroom-tests\selenium\helpers\auth.js:26:3)
    at loginAsCreator (C:\Users\then9\Downloads\PROJECT PDD\collabroom-tests\selenium\helpers\auth.js:45:3)
    at Object.&lt;anonymous&gt; (C:\Users\then9\Downloads\PROJECT PDD\collabroom-tests\selenium\tests\profile.test.js:10:5)</failure>
    </testcase>
    <testcase classname="Profile Tests TC_PROF_003: profile name or &quot;@&quot; handle visible" name="Profile Tests TC_PROF_003: profile name or &quot;@&quot; handle visible" time="0">
      <failure>WebDriverError: unknown error: net::ERR_CONNECTION_REFUSED
  (Session info: chrome=149.0.7827.103)
    at Object.throwDecodedError (C:\Users\then9\Downloads\PROJECT PDD\collabroom-tests\selenium\node_modules\selenium-webdriver\lib\error.js:523:15)
    at parseHttpResponse (C:\Users\then9\Downloads\PROJECT PDD\collabroom-tests\selenium\node_modules\selenium-webdriver\lib\http.js:526:13)
    at Executor.execute (C:\Users\then9\Downloads\PROJECT PDD\collabroom-tests\selenium\node_modules\selenium-webdriver\lib\http.js:458:28)
    at processTicksAndRejections (node:internal/process/task_queues:104:5)
    at Driver.execute (C:\Users\then9\Downloads\PROJECT PDD\collabroom-tests\selenium\node_modules\selenium-webdriver\lib\webdriver.js:745:17)
    at login (C:\Users\then9\Downloads\PROJECT PDD\collabroom-tests\selenium\helpers\auth.js:26:3)
    at loginAsCreator (C:\Users\then9\Downloads\PROJECT PDD\collabroom-tests\selenium\helpers\auth.js:45:3)
    at Object.&lt;anonymous&gt; (C:\Users\then9\Downloads\PROJECT PDD\collabroom-tests\selenium\tests\profile.test.js:10:5)</failure>
    </testcase>
    <testcase classname="Profile Tests TC_PROF_004: text &quot;Edit&quot; visible" name="Profile Tests TC_PROF_004: text &quot;Edit&quot; visible" time="0">
      <failure>WebDriverError: unknown error: net::ERR_CONNECTION_REFUSED
  (Session info: chrome=149.0.7827.103)
    at Object.throwDecodedError (C:\Users\then9\Downloads\PROJECT PDD\collabroom-tests\selenium\node_modules\selenium-webdriver\lib\error.js:523:15)
    at parseHttpResponse (C:\Users\then9\Downloads\PROJECT PDD\collabroom-tests\selenium\node_modules\selenium-webdriver\lib\http.js:526:13)
    at Executor.execute (C:\Users\then9\Downloads\PROJECT PDD\collabroom-tests\selenium\node_modules\selenium-webdriver\lib\http.js:458:28)
    at processTicksAndRejections (node:internal/process/task_queues:104:5)
    at Driver.execute (C:\Users\then9\Downloads\PROJECT PDD\collabroom-tests\selenium\node_modules\selenium-webdriver\lib\webdriver.js:745:17)
    at login (C:\Users\then9\Downloads\PROJECT PDD\collabroom-tests\selenium\helpers\auth.js:26:3)
    at loginAsCreator (C:\Users\then9\Downloads\PROJECT PDD\collabroom-tests\selenium\helpers\auth.js:45:3)
    at Object.&lt;anonymous&gt; (C:\Users\then9\Downloads\PROJECT PDD\collabroom-tests\selenium\tests\profile.test.js:10:5)</failure>
    </testcase>
    <testcase classname="Profile Tests TC_PROF_005: text &quot;Instagram&quot; or &quot;YouTube&quot; or &quot;Social&quot; visible" name="Profile Tests TC_PROF_005: text &quot;Instagram&quot; or &quot;YouTube&quot; or &quot;Social&quot; visible" time="0">
      <failure>WebDriverError: unknown error: net::ERR_CONNECTION_REFUSED
  (Session info: chrome=149.0.7827.103)
    at Object.throwDecodedError (C:\Users\then9\Downloads\PROJECT PDD\collabroom-tests\selenium\node_modules\selenium-webdriver\lib\error.js:523:15)
    at parseHttpResponse (C:\Users\then9\Downloads\PROJECT PDD\collabroom-tests\selenium\node_modules\selenium-webdriver\lib\http.js:526:13)
    at Executor.execute (C:\Users\then9\Downloads\PROJECT PDD\collabroom-tests\selenium\node_modules\selenium-webdriver\lib\http.js:458:28)
    at processTicksAndRejections (node:internal/process/task_queues:104:5)
    at Driver.execute (C:\Users\then9\Downloads\PROJECT PDD\collabroom-tests\selenium\node_modules\selenium-webdriver\lib\webdriver.js:745:17)
    at login (C:\Users\then9\Downloads\PROJECT PDD\collabroom-tests\selenium\helpers\auth.js:26:3)
    at loginAsCreator (C:\Users\then9\Downloads\PROJECT PDD\collabroom-tests\selenium\helpers\auth.js:45:3)
    at Object.&lt;anonymous&gt; (C:\Users\then9\Downloads\PROJECT PDD\collabroom-tests\selenium\tests\profile.test.js:10:5)</failure>
    </testcase>
    <testcase classname="Profile Tests TC_PROF_006: [data-testid=&quot;completeness-bar&quot;] visible" name="Profile Tests TC_PROF_006: [data-testid=&quot;completeness-bar&quot;] visible" time="0">
      <failure>WebDriverError: unknown error: net::ERR_CONNECTION_REFUSED
  (Session info: chrome=149.0.7827.103)
    at Object.throwDecodedError (C:\Users\then9\Downloads\PROJECT PDD\collabroom-tests\selenium\node_modules\selenium-webdriver\lib\error.js:523:15)
    at parseHttpResponse (C:\Users\then9\Downloads\PROJECT PDD\collabroom-tests\selenium\node_modules\selenium-webdriver\lib\http.js:526:13)
    at Executor.execute (C:\Users\then9\Downloads\PROJECT PDD\collabroom-tests\selenium\node_modules\selenium-webdriver\lib\http.js:458:28)
    at processTicksAndRejections (node:internal/process/task_queues:104:5)
    at Driver.execute (C:\Users\then9\Downloads\PROJECT PDD\collabroom-tests\selenium\node_modules\selenium-webdriver\lib\webdriver.js:745:17)
    at login (C:\Users\then9\Downloads\PROJECT PDD\collabroom-tests\selenium\helpers\auth.js:26:3)
    at loginAsCreator (C:\Users\then9\Downloads\PROJECT PDD\collabroom-tests\selenium\helpers\auth.js:45:3)
    at Object.&lt;anonymous&gt; (C:\Users\then9\Downloads\PROJECT PDD\collabroom-tests\selenium\tests\profile.test.js:10:5)</failure>
    </testcase>
  </testsuite>
  <testsuite name="Inbox Tests" errors="0" failures="3" skipped="0" timestamp="2026-06-18T08:25:44" time="5.325" tests="3">
    <testcase classname="Inbox Tests TC_INBX_001: /inbox body visible" name="Inbox Tests TC_INBX_001: /inbox body visible" time="0">
      <failure>WebDriverError: unknown error: net::ERR_CONNECTION_REFUSED
  (Session info: chrome=149.0.7827.103)
    at Object.throwDecodedError (C:\Users\then9\Downloads\PROJECT PDD\collabroom-tests\selenium\node_modules\selenium-webdriver\lib\error.js:523:15)
    at parseHttpResponse (C:\Users\then9\Downloads\PROJECT PDD\collabroom-tests\selenium\node_modules\selenium-webdriver\lib\http.js:526:13)
    at Executor.execute (C:\Users\then9\Downloads\PROJECT PDD\collabroom-tests\selenium\node_modules\selenium-webdriver\lib\http.js:458:28)
    at processTicksAndRejections (node:internal/process/task_queues:104:5)
    at Driver.execute (C:\Users\then9\Downloads\PROJECT PDD\collabroom-tests\selenium\node_modules\selenium-webdriver\lib\webdriver.js:745:17)
    at login (C:\Users\then9\Downloads\PROJECT PDD\collabroom-tests\selenium\helpers\auth.js:26:3)
    at loginAsCreator (C:\Users\then9\Downloads\PROJECT PDD\collabroom-tests\selenium\helpers\auth.js:45:3)
    at Object.&lt;anonymous&gt; (C:\Users\then9\Downloads\PROJECT PDD\collabroom-tests\selenium\tests\inbox.test.js:11:5)</failure>
    </testcase>
    <testcase classname="Inbox Tests TC_INBX_002: conversation list items visible (count &gt; 0)" name="Inbox Tests TC_INBX_002: conversation list items visible (count &gt; 0)" time="0">
      <failure>WebDriverError: unknown error: net::ERR_CONNECTION_REFUSED
  (Session info: chrome=149.0.7827.103)
    at Object.throwDecodedError (C:\Users\then9\Downloads\PROJECT PDD\collabroom-tests\selenium\node_modules\selenium-webdriver\lib\error.js:523:15)
    at parseHttpResponse (C:\Users\then9\Downloads\PROJECT PDD\collabroom-tests\selenium\node_modules\selenium-webdriver\lib\http.js:526:13)
    at Executor.execute (C:\Users\then9\Downloads\PROJECT PDD\collabroom-tests\selenium\node_modules\selenium-webdriver\lib\http.js:458:28)
    at processTicksAndRejections (node:internal/process/task_queues:104:5)
    at Driver.execute (C:\Users\then9\Downloads\PROJECT PDD\collabroom-tests\selenium\node_modules\selenium-webdriver\lib\webdriver.js:745:17)
    at login (C:\Users\then9\Downloads\PROJECT PDD\collabroom-tests\selenium\helpers\auth.js:26:3)
    at loginAsCreator (C:\Users\then9\Downloads\PROJECT PDD\collabroom-tests\selenium\helpers\auth.js:45:3)
    at Object.&lt;anonymous&gt; (C:\Users\then9\Downloads\PROJECT PDD\collabroom-tests\selenium\tests\inbox.test.js:11:5)</failure>
    </testcase>
    <testcase classname="Inbox Tests TC_INBX_003: clicking first conversation → message input/textarea appears" name="Inbox Tests TC_INBX_003: clicking first conversation → message input/textarea appears" time="0">
      <failure>WebDriverError: unknown error: net::ERR_CONNECTION_REFUSED
  (Session info: chrome=149.0.7827.103)
    at Object.throwDecodedError (C:\Users\then9\Downloads\PROJECT PDD\collabroom-tests\selenium\node_modules\selenium-webdriver\lib\error.js:523:15)
    at parseHttpResponse (C:\Users\then9\Downloads\PROJECT PDD\collabroom-tests\selenium\node_modules\selenium-webdriver\lib\http.js:526:13)
    at Executor.execute (C:\Users\then9\Downloads\PROJECT PDD\collabroom-tests\selenium\node_modules\selenium-webdriver\lib\http.js:458:28)
    at processTicksAndRejections (node:internal/process/task_queues:104:5)
    at Driver.execute (C:\Users\then9\Downloads\PROJECT PDD\collabroom-tests\selenium\node_modules\selenium-webdriver\lib\webdriver.js:745:17)
    at login (C:\Users\then9\Downloads\PROJECT PDD\collabroom-tests\selenium\helpers\auth.js:26:3)
    at loginAsCreator (C:\Users\then9\Downloads\PROJECT PDD\collabroom-tests\selenium\helpers\auth.js:45:3)
    at Object.&lt;anonymous&gt; (C:\Users\then9\Downloads\PROJECT PDD\collabroom-tests\selenium\tests\inbox.test.js:11:5)</failure>
    </testcase>
  </testsuite>
  <testsuite name="Campaigns Tests" errors="0" failures="6" skipped="0" timestamp="2026-06-18T08:25:49" time="5.615" tests="6">
    <testcase classname="Campaigns Tests TC_CAMP_001: /campaigns body visible" name="Campaigns Tests TC_CAMP_001: /campaigns body visible" time="0">
      <failure>WebDriverError: unknown error: net::ERR_CONNECTION_REFUSED
  (Session info: chrome=149.0.7827.103)
    at Object.throwDecodedError (C:\Users\then9\Downloads\PROJECT PDD\collabroom-tests\selenium\node_modules\selenium-webdriver\lib\error.js:523:15)
    at parseHttpResponse (C:\Users\then9\Downloads\PROJECT PDD\collabroom-tests\selenium\node_modules\selenium-webdriver\lib\http.js:526:13)
    at Executor.execute (C:\Users\then9\Downloads\PROJECT PDD\collabroom-tests\selenium\node_modules\selenium-webdriver\lib\http.js:458:28)
    at processTicksAndRejections (node:internal/process/task_queues:104:5)
    at Driver.execute (C:\Users\then9\Downloads\PROJECT PDD\collabroom-tests\selenium\node_modules\selenium-webdriver\lib\webdriver.js:745:17)
    at login (C:\Users\then9\Downloads\PROJECT PDD\collabroom-tests\selenium\helpers\auth.js:26:3)
    at loginAsCreator (C:\Users\then9\Downloads\PROJECT PDD\collabroom-tests\selenium\helpers\auth.js:45:3)
    at Object.&lt;anonymous&gt; (C:\Users\then9\Downloads\PROJECT PDD\collabroom-tests\selenium\tests\campaigns.test.js:10:5)</failure>
    </testcase>
    <testcase classname="Campaigns Tests TC_CAMP_002: [data-testid=&quot;campaign-card&quot;] present (count &gt; 0)" name="Campaigns Tests TC_CAMP_002: [data-testid=&quot;campaign-card&quot;] present (count &gt; 0)" time="0.001">
      <failure>WebDriverError: unknown error: net::ERR_CONNECTION_REFUSED
  (Session info: chrome=149.0.7827.103)
    at Object.throwDecodedError (C:\Users\then9\Downloads\PROJECT PDD\collabroom-tests\selenium\node_modules\selenium-webdriver\lib\error.js:523:15)
    at parseHttpResponse (C:\Users\then9\Downloads\PROJECT PDD\collabroom-tests\selenium\node_modules\selenium-webdriver\lib\http.js:526:13)
    at Executor.execute (C:\Users\then9\Downloads\PROJECT PDD\collabroom-tests\selenium\node_modules\selenium-webdriver\lib\http.js:458:28)
    at processTicksAndRejections (node:internal/process/task_queues:104:5)
    at Driver.execute (C:\Users\then9\Downloads\PROJECT PDD\collabroom-tests\selenium\node_modules\selenium-webdriver\lib\webdriver.js:745:17)
    at login (C:\Users\then9\Downloads\PROJECT PDD\collabroom-tests\selenium\helpers\auth.js:26:3)
    at loginAsCreator (C:\Users\then9\Downloads\PROJECT PDD\collabroom-tests\selenium\helpers\auth.js:45:3)
    at Object.&lt;anonymous&gt; (C:\Users\then9\Downloads\PROJECT PDD\collabroom-tests\selenium\tests\campaigns.test.js:10:5)</failure>
    </testcase>
    <testcase classname="Campaigns Tests TC_CAMP_003: filter tab buttons present (count &gt; 0)" name="Campaigns Tests TC_CAMP_003: filter tab buttons present (count &gt; 0)" time="0">
      <failure>WebDriverError: unknown error: net::ERR_CONNECTION_REFUSED
  (Session info: chrome=149.0.7827.103)
    at Object.throwDecodedError (C:\Users\then9\Downloads\PROJECT PDD\collabroom-tests\selenium\node_modules\selenium-webdriver\lib\error.js:523:15)
    at parseHttpResponse (C:\Users\then9\Downloads\PROJECT PDD\collabroom-tests\selenium\node_modules\selenium-webdriver\lib\http.js:526:13)
    at Executor.execute (C:\Users\then9\Downloads\PROJECT PDD\collabroom-tests\selenium\node_modules\selenium-webdriver\lib\http.js:458:28)
    at processTicksAndRejections (node:internal/process/task_queues:104:5)
    at Driver.execute (C:\Users\then9\Downloads\PROJECT PDD\collabroom-tests\selenium\node_modules\selenium-webdriver\lib\webdriver.js:745:17)
    at login (C:\Users\then9\Downloads\PROJECT PDD\collabroom-tests\selenium\helpers\auth.js:26:3)
    at loginAsCreator (C:\Users\then9\Downloads\PROJECT PDD\collabroom-tests\selenium\helpers\auth.js:45:3)
    at Object.&lt;anonymous&gt; (C:\Users\then9\Downloads\PROJECT PDD\collabroom-tests\selenium\tests\campaigns.test.js:10:5)</failure>
    </testcase>
    <testcase classname="Campaigns Tests TC_CAMP_004: [data-testid=&quot;submit-interest-btn&quot;] visible" name="Campaigns Tests TC_CAMP_004: [data-testid=&quot;submit-interest-btn&quot;] visible" time="0">
      <failure>WebDriverError: unknown error: net::ERR_CONNECTION_REFUSED
  (Session info: chrome=149.0.7827.103)
    at Object.throwDecodedError (C:\Users\then9\Downloads\PROJECT PDD\collabroom-tests\selenium\node_modules\selenium-webdriver\lib\error.js:523:15)
    at parseHttpResponse (C:\Users\then9\Downloads\PROJECT PDD\collabroom-tests\selenium\node_modules\selenium-webdriver\lib\http.js:526:13)
    at Executor.execute (C:\Users\then9\Downloads\PROJECT PDD\collabroom-tests\selenium\node_modules\selenium-webdriver\lib\http.js:458:28)
    at processTicksAndRejections (node:internal/process/task_queues:104:5)
    at Driver.execute (C:\Users\then9\Downloads\PROJECT PDD\collabroom-tests\selenium\node_modules\selenium-webdriver\lib\webdriver.js:745:17)
    at login (C:\Users\then9\Downloads\PROJECT PDD\collabroom-tests\selenium\helpers\auth.js:26:3)
    at loginAsCreator (C:\Users\then9\Downloads\PROJECT PDD\collabroom-tests\selenium\helpers\auth.js:45:3)
    at Object.&lt;anonymous&gt; (C:\Users\then9\Downloads\PROJECT PDD\collabroom-tests\selenium\tests\campaigns.test.js:10:5)</failure>
    </testcase>
    <testcase classname="Campaigns Tests TC_CAMP_005: clicking campaign card changes URL away from /campaigns" name="Campaigns Tests TC_CAMP_005: clicking campaign card changes URL away from /campaigns" time="0">
      <failure>WebDriverError: unknown error: net::ERR_CONNECTION_REFUSED
  (Session info: chrome=149.0.7827.103)
    at Object.throwDecodedError (C:\Users\then9\Downloads\PROJECT PDD\collabroom-tests\selenium\node_modules\selenium-webdriver\lib\error.js:523:15)
    at parseHttpResponse (C:\Users\then9\Downloads\PROJECT PDD\collabroom-tests\selenium\node_modules\selenium-webdriver\lib\http.js:526:13)
    at Executor.execute (C:\Users\then9\Downloads\PROJECT PDD\collabroom-tests\selenium\node_modules\selenium-webdriver\lib\http.js:458:28)
    at processTicksAndRejections (node:internal/process/task_queues:104:5)
    at Driver.execute (C:\Users\then9\Downloads\PROJECT PDD\collabroom-tests\selenium\node_modules\selenium-webdriver\lib\webdriver.js:745:17)
    at login (C:\Users\then9\Downloads\PROJECT PDD\collabroom-tests\selenium\helpers\auth.js:26:3)
    at loginAsCreator (C:\Users\then9\Downloads\PROJECT PDD\collabroom-tests\selenium\helpers\auth.js:45:3)
    at Object.&lt;anonymous&gt; (C:\Users\then9\Downloads\PROJECT PDD\collabroom-tests\selenium\tests\campaigns.test.js:10:5)</failure>
    </testcase>
    <testcase classname="Campaigns Tests TC_CAMP_006: text &quot;Create&quot; or &quot;New Campaign&quot; or &quot;Browse&quot; visible" name="Campaigns Tests TC_CAMP_006: text &quot;Create&quot; or &quot;New Campaign&quot; or &quot;Browse&quot; visible" time="0">
      <failure>WebDriverError: unknown error: net::ERR_CONNECTION_REFUSED
  (Session info: chrome=149.0.7827.103)
    at Object.throwDecodedError (C:\Users\then9\Downloads\PROJECT PDD\collabroom-tests\selenium\node_modules\selenium-webdriver\lib\error.js:523:15)
    at parseHttpResponse (C:\Users\then9\Downloads\PROJECT PDD\collabroom-tests\selenium\node_modules\selenium-webdriver\lib\http.js:526:13)
    at Executor.execute (C:\Users\then9\Downloads\PROJECT PDD\collabroom-tests\selenium\node_modules\selenium-webdriver\lib\http.js:458:28)
    at processTicksAndRejections (node:internal/process/task_queues:104:5)
    at Driver.execute (C:\Users\then9\Downloads\PROJECT PDD\collabroom-tests\selenium\node_modules\selenium-webdriver\lib\webdriver.js:745:17)
    at login (C:\Users\then9\Downloads\PROJECT PDD\collabroom-tests\selenium\helpers\auth.js:26:3)
    at loginAsCreator (C:\Users\then9\Downloads\PROJECT PDD\collabroom-tests\selenium\helpers\auth.js:45:3)
    at Object.&lt;anonymous&gt; (C:\Users\then9\Downloads\PROJECT PDD\collabroom-tests\selenium\tests\campaigns.test.js:10:5)</failure>
    </testcase>
  </testsuite>
  <testsuite name="Dashboard Tests" errors="0" failures="5" skipped="0" timestamp="2026-06-18T08:25:54" time="5.314" tests="5">
    <testcase classname="Dashboard Tests TC_DASH_001: /dashboard body visible" name="Dashboard Tests TC_DASH_001: /dashboard body visible" time="0.001">
      <failure>WebDriverError: unknown error: net::ERR_CONNECTION_REFUSED
  (Session info: chrome=149.0.7827.103)
    at Object.throwDecodedError (C:\Users\then9\Downloads\PROJECT PDD\collabroom-tests\selenium\node_modules\selenium-webdriver\lib\error.js:523:15)
    at parseHttpResponse (C:\Users\then9\Downloads\PROJECT PDD\collabroom-tests\selenium\node_modules\selenium-webdriver\lib\http.js:526:13)
    at Executor.execute (C:\Users\then9\Downloads\PROJECT PDD\collabroom-tests\selenium\node_modules\selenium-webdriver\lib\http.js:458:28)
    at processTicksAndRejections (node:internal/process/task_queues:104:5)
    at Driver.execute (C:\Users\then9\Downloads\PROJECT PDD\collabroom-tests\selenium\node_modules\selenium-webdriver\lib\webdriver.js:745:17)
    at login (C:\Users\then9\Downloads\PROJECT PDD\collabroom-tests\selenium\helpers\auth.js:26:3)
    at loginAsCreator (C:\Users\then9\Downloads\PROJECT PDD\collabroom-tests\selenium\helpers\auth.js:45:3)
    at Object.&lt;anonymous&gt; (C:\Users\then9\Downloads\PROJECT PDD\collabroom-tests\selenium\tests\dashboard.test.js:10:5)</failure>
    </testcase>
    <testcase classname="Dashboard Tests TC_DASH_002: [class*=&quot;card&quot;] elements present (count &gt; 0)" name="Dashboard Tests TC_DASH_002: [class*=&quot;card&quot;] elements present (count &gt; 0)" time="0">
      <failure>WebDriverError: unknown error: net::ERR_CONNECTION_REFUSED
  (Session info: chrome=149.0.7827.103)
    at Object.throwDecodedError (C:\Users\then9\Downloads\PROJECT PDD\collabroom-tests\selenium\node_modules\selenium-webdriver\lib\error.js:523:15)
    at parseHttpResponse (C:\Users\then9\Downloads\PROJECT PDD\collabroom-tests\selenium\node_modules\selenium-webdriver\lib\http.js:526:13)
    at Executor.execute (C:\Users\then9\Downloads\PROJECT PDD\collabroom-tests\selenium\node_modules\selenium-webdriver\lib\http.js:458:28)
    at processTicksAndRejections (node:internal/process/task_queues:104:5)
    at Driver.execute (C:\Users\then9\Downloads\PROJECT PDD\collabroom-tests\selenium\node_modules\selenium-webdriver\lib\webdriver.js:745:17)
    at login (C:\Users\then9\Downloads\PROJECT PDD\collabroom-tests\selenium\helpers\auth.js:26:3)
    at loginAsCreator (C:\Users\then9\Downloads\PROJECT PDD\collabroom-tests\selenium\helpers\auth.js:45:3)
    at Object.&lt;anonymous&gt; (C:\Users\then9\Downloads\PROJECT PDD\collabroom-tests\selenium\tests\dashboard.test.js:10:5)</failure>
    </testcase>
    <testcase classname="Dashboard Tests TC_DASH_003: [data-testid=&quot;sidebar&quot;] visible" name="Dashboard Tests TC_DASH_003: [data-testid=&quot;sidebar&quot;] visible" time="0">
      <failure>WebDriverError: unknown error: net::ERR_CONNECTION_REFUSED
  (Session info: chrome=149.0.7827.103)
    at Object.throwDecodedError (C:\Users\then9\Downloads\PROJECT PDD\collabroom-tests\selenium\node_modules\selenium-webdriver\lib\error.js:523:15)
    at parseHttpResponse (C:\Users\then9\Downloads\PROJECT PDD\collabroom-tests\selenium\node_modules\selenium-webdriver\lib\http.js:526:13)
    at Executor.execute (C:\Users\then9\Downloads\PROJECT PDD\collabroom-tests\selenium\node_modules\selenium-webdriver\lib\http.js:458:28)
    at processTicksAndRejections (node:internal/process/task_queues:104:5)
    at Driver.execute (C:\Users\then9\Downloads\PROJECT PDD\collabroom-tests\selenium\node_modules\selenium-webdriver\lib\webdriver.js:745:17)
    at login (C:\Users\then9\Downloads\PROJECT PDD\collabroom-tests\selenium\helpers\auth.js:26:3)
    at loginAsCreator (C:\Users\then9\Downloads\PROJECT PDD\collabroom-tests\selenium\helpers\auth.js:45:3)
    at Object.&lt;anonymous&gt; (C:\Users\then9\Downloads\PROJECT PDD\collabroom-tests\selenium\tests\dashboard.test.js:10:5)</failure>
    </testcase>
    <testcase classname="Dashboard Tests TC_DASH_004: h1 or h2 visible" name="Dashboard Tests TC_DASH_004: h1 or h2 visible" time="0">
      <failure>WebDriverError: unknown error: net::ERR_CONNECTION_REFUSED
  (Session info: chrome=149.0.7827.103)
    at Object.throwDecodedError (C:\Users\then9\Downloads\PROJECT PDD\collabroom-tests\selenium\node_modules\selenium-webdriver\lib\error.js:523:15)
    at parseHttpResponse (C:\Users\then9\Downloads\PROJECT PDD\collabroom-tests\selenium\node_modules\selenium-webdriver\lib\http.js:526:13)
    at Executor.execute (C:\Users\then9\Downloads\PROJECT PDD\collabroom-tests\selenium\node_modules\selenium-webdriver\lib\http.js:458:28)
    at processTicksAndRejections (node:internal/process/task_queues:104:5)
    at Driver.execute (C:\Users\then9\Downloads\PROJECT PDD\collabroom-tests\selenium\node_modules\selenium-webdriver\lib\webdriver.js:745:17)
    at login (C:\Users\then9\Downloads\PROJECT PDD\collabroom-tests\selenium\helpers\auth.js:26:3)
    at loginAsCreator (C:\Users\then9\Downloads\PROJECT PDD\collabroom-tests\selenium\helpers\auth.js:45:3)
    at Object.&lt;anonymous&gt; (C:\Users\then9\Downloads\PROJECT PDD\collabroom-tests\selenium\tests\dashboard.test.js:10:5)</failure>
    </testcase>
    <testcase classname="Dashboard Tests TC_DASH_005: [data-testid=&quot;wallet-balance&quot;] visible" name="Dashboard Tests TC_DASH_005: [data-testid=&quot;wallet-balance&quot;] visible" time="0">
      <failure>WebDriverError: unknown error: net::ERR_CONNECTION_REFUSED
  (Session info: chrome=149.0.7827.103)
    at Object.throwDecodedError (C:\Users\then9\Downloads\PROJECT PDD\collabroom-tests\selenium\node_modules\selenium-webdriver\lib\error.js:523:15)
    at parseHttpResponse (C:\Users\then9\Downloads\PROJECT PDD\collabroom-tests\selenium\node_modules\selenium-webdriver\lib\http.js:526:13)
    at Executor.execute (C:\Users\then9\Downloads\PROJECT PDD\collabroom-tests\selenium\node_modules\selenium-webdriver\lib\http.js:458:28)
    at processTicksAndRejections (node:internal/process/task_queues:104:5)
    at Driver.execute (C:\Users\then9\Downloads\PROJECT PDD\collabroom-tests\selenium\node_modules\selenium-webdriver\lib\webdriver.js:745:17)
    at login (C:\Users\then9\Downloads\PROJECT PDD\collabroom-tests\selenium\helpers\auth.js:26:3)
    at loginAsCreator (C:\Users\then9\Downloads\PROJECT PDD\collabroom-tests\selenium\helpers\auth.js:45:3)
    at Object.&lt;anonymous&gt; (C:\Users\then9\Downloads\PROJECT PDD\collabroom-tests\selenium\tests\dashboard.test.js:10:5)</failure>
    </testcase>
  </testsuite>
  <testsuite name="Wallet Tests" errors="0" failures="4" skipped="0" timestamp="2026-06-18T08:26:00" time="5.274" tests="4">
    <testcase classname="Wallet Tests TC_WALL_001: /wallet body visible" name="Wallet Tests TC_WALL_001: /wallet body visible" time="0.001">
      <failure>WebDriverError: unknown error: net::ERR_CONNECTION_REFUSED
  (Session info: chrome=149.0.7827.103)
    at Object.throwDecodedError (C:\Users\then9\Downloads\PROJECT PDD\collabroom-tests\selenium\node_modules\selenium-webdriver\lib\error.js:523:15)
    at parseHttpResponse (C:\Users\then9\Downloads\PROJECT PDD\collabroom-tests\selenium\node_modules\selenium-webdriver\lib\http.js:526:13)
    at Executor.execute (C:\Users\then9\Downloads\PROJECT PDD\collabroom-tests\selenium\node_modules\selenium-webdriver\lib\http.js:458:28)
    at processTicksAndRejections (node:internal/process/task_queues:104:5)
    at Driver.execute (C:\Users\then9\Downloads\PROJECT PDD\collabroom-tests\selenium\node_modules\selenium-webdriver\lib\webdriver.js:745:17)
    at login (C:\Users\then9\Downloads\PROJECT PDD\collabroom-tests\selenium\helpers\auth.js:26:3)
    at loginAsCreator (C:\Users\then9\Downloads\PROJECT PDD\collabroom-tests\selenium\helpers\auth.js:45:3)
    at Object.&lt;anonymous&gt; (C:\Users\then9\Downloads\PROJECT PDD\collabroom-tests\selenium\tests\wallet.test.js:10:5)</failure>
    </testcase>
    <testcase classname="Wallet Tests TC_WALL_002: [data-testid=&quot;available-balance&quot;] with ₹ or &quot;Balance&quot; text" name="Wallet Tests TC_WALL_002: [data-testid=&quot;available-balance&quot;] with ₹ or &quot;Balance&quot; text" time="0">
      <failure>WebDriverError: unknown error: net::ERR_CONNECTION_REFUSED
  (Session info: chrome=149.0.7827.103)
    at Object.throwDecodedError (C:\Users\then9\Downloads\PROJECT PDD\collabroom-tests\selenium\node_modules\selenium-webdriver\lib\error.js:523:15)
    at parseHttpResponse (C:\Users\then9\Downloads\PROJECT PDD\collabroom-tests\selenium\node_modules\selenium-webdriver\lib\http.js:526:13)
    at Executor.execute (C:\Users\then9\Downloads\PROJECT PDD\collabroom-tests\selenium\node_modules\selenium-webdriver\lib\http.js:458:28)
    at processTicksAndRejections (node:internal/process/task_queues:104:5)
    at Driver.execute (C:\Users\then9\Downloads\PROJECT PDD\collabroom-tests\selenium\node_modules\selenium-webdriver\lib\webdriver.js:745:17)
    at login (C:\Users\then9\Downloads\PROJECT PDD\collabroom-tests\selenium\helpers\auth.js:26:3)
    at loginAsCreator (C:\Users\then9\Downloads\PROJECT PDD\collabroom-tests\selenium\helpers\auth.js:45:3)
    at Object.&lt;anonymous&gt; (C:\Users\then9\Downloads\PROJECT PDD\collabroom-tests\selenium\tests\wallet.test.js:10:5)</failure>
    </testcase>
    <testcase classname="Wallet Tests TC_WALL_003: [data-testid=&quot;transaction-item&quot;] present (count &gt; 0)" name="Wallet Tests TC_WALL_003: [data-testid=&quot;transaction-item&quot;] present (count &gt; 0)" time="0">
      <failure>WebDriverError: unknown error: net::ERR_CONNECTION_REFUSED
  (Session info: chrome=149.0.7827.103)
    at Object.throwDecodedError (C:\Users\then9\Downloads\PROJECT PDD\collabroom-tests\selenium\node_modules\selenium-webdriver\lib\error.js:523:15)
    at parseHttpResponse (C:\Users\then9\Downloads\PROJECT PDD\collabroom-tests\selenium\node_modules\selenium-webdriver\lib\http.js:526:13)
    at Executor.execute (C:\Users\then9\Downloads\PROJECT PDD\collabroom-tests\selenium\node_modules\selenium-webdriver\lib\http.js:458:28)
    at processTicksAndRejections (node:internal/process/task_queues:104:5)
    at Driver.execute (C:\Users\then9\Downloads\PROJECT PDD\collabroom-tests\selenium\node_modules\selenium-webdriver\lib\webdriver.js:745:17)
    at login (C:\Users\then9\Downloads\PROJECT PDD\collabroom-tests\selenium\helpers\auth.js:26:3)
    at loginAsCreator (C:\Users\then9\Downloads\PROJECT PDD\collabroom-tests\selenium\helpers\auth.js:45:3)
    at Object.&lt;anonymous&gt; (C:\Users\then9\Downloads\PROJECT PDD\collabroom-tests\selenium\tests\wallet.test.js:10:5)</failure>
    </testcase>
    <testcase classname="Wallet Tests TC_WALL_004: &quot;Pending&quot; or &quot;Available&quot; or &quot;Locked&quot; text visible" name="Wallet Tests TC_WALL_004: &quot;Pending&quot; or &quot;Available&quot; or &quot;Locked&quot; text visible" time="0">
      <failure>WebDriverError: unknown error: net::ERR_CONNECTION_REFUSED
  (Session info: chrome=149.0.7827.103)
    at Object.throwDecodedError (C:\Users\then9\Downloads\PROJECT PDD\collabroom-tests\selenium\node_modules\selenium-webdriver\lib\error.js:523:15)
    at parseHttpResponse (C:\Users\then9\Downloads\PROJECT PDD\collabroom-tests\selenium\node_modules\selenium-webdriver\lib\http.js:526:13)
    at Executor.execute (C:\Users\then9\Downloads\PROJECT PDD\collabroom-tests\selenium\node_modules\selenium-webdriver\lib\http.js:458:28)
    at processTicksAndRejections (node:internal/process/task_queues:104:5)
    at Driver.execute (C:\Users\then9\Downloads\PROJECT PDD\collabroom-tests\selenium\node_modules\selenium-webdriver\lib\webdriver.js:745:17)
    at login (C:\Users\then9\Downloads\PROJECT PDD\collabroom-tests\selenium\helpers\auth.js:26:3)
    at loginAsCreator (C:\Users\then9\Downloads\PROJECT PDD\collabroom-tests\selenium\helpers\auth.js:45:3)
    at Object.&lt;anonymous&gt; (C:\Users\then9\Downloads\PROJECT PDD\collabroom-tests\selenium\tests\wallet.test.js:10:5)</failure>
    </testcase>
  </testsuite>
  <testsuite name="Search Tests" errors="0" failures="5" skipped="0" timestamp="2026-06-18T08:26:05" time="5.29" tests="5">
    <testcase classname="Search Tests TC_SRCH_001: /discover body visible" name="Search Tests TC_SRCH_001: /discover body visible" time="0">
      <failure>WebDriverError: unknown error: net::ERR_CONNECTION_REFUSED
  (Session info: chrome=149.0.7827.103)
    at Object.throwDecodedError (C:\Users\then9\Downloads\PROJECT PDD\collabroom-tests\selenium\node_modules\selenium-webdriver\lib\error.js:523:15)
    at parseHttpResponse (C:\Users\then9\Downloads\PROJECT PDD\collabroom-tests\selenium\node_modules\selenium-webdriver\lib\http.js:526:13)
    at Executor.execute (C:\Users\then9\Downloads\PROJECT PDD\collabroom-tests\selenium\node_modules\selenium-webdriver\lib\http.js:458:28)
    at processTicksAndRejections (node:internal/process/task_queues:104:5)
    at Driver.execute (C:\Users\then9\Downloads\PROJECT PDD\collabroom-tests\selenium\node_modules\selenium-webdriver\lib\webdriver.js:745:17)
    at login (C:\Users\then9\Downloads\PROJECT PDD\collabroom-tests\selenium\helpers\auth.js:26:3)
    at loginAsBrand (C:\Users\then9\Downloads\PROJECT PDD\collabroom-tests\selenium\helpers\auth.js:49:3)
    at Object.&lt;anonymous&gt; (C:\Users\then9\Downloads\PROJECT PDD\collabroom-tests\selenium\tests\search.test.js:10:5)</failure>
    </testcase>
    <testcase classname="Search Tests TC_SRCH_002: search input visible" name="Search Tests TC_SRCH_002: search input visible" time="0">
      <failure>WebDriverError: unknown error: net::ERR_CONNECTION_REFUSED
  (Session info: chrome=149.0.7827.103)
    at Object.throwDecodedError (C:\Users\then9\Downloads\PROJECT PDD\collabroom-tests\selenium\node_modules\selenium-webdriver\lib\error.js:523:15)
    at parseHttpResponse (C:\Users\then9\Downloads\PROJECT PDD\collabroom-tests\selenium\node_modules\selenium-webdriver\lib\http.js:526:13)
    at Executor.execute (C:\Users\then9\Downloads\PROJECT PDD\collabroom-tests\selenium\node_modules\selenium-webdriver\lib\http.js:458:28)
    at processTicksAndRejections (node:internal/process/task_queues:104:5)
    at Driver.execute (C:\Users\then9\Downloads\PROJECT PDD\collabroom-tests\selenium\node_modules\selenium-webdriver\lib\webdriver.js:745:17)
    at login (C:\Users\then9\Downloads\PROJECT PDD\collabroom-tests\selenium\helpers\auth.js:26:3)
    at loginAsBrand (C:\Users\then9\Downloads\PROJECT PDD\collabroom-tests\selenium\helpers\auth.js:49:3)
    at Object.&lt;anonymous&gt; (C:\Users\then9\Downloads\PROJECT PDD\collabroom-tests\selenium\tests\search.test.js:10:5)</failure>
    </testcase>
    <testcase classname="Search Tests TC_SRCH_003: sendKeys(&quot;fashion&quot;) → card results appear" name="Search Tests TC_SRCH_003: sendKeys(&quot;fashion&quot;) → card results appear" time="0">
      <failure>WebDriverError: unknown error: net::ERR_CONNECTION_REFUSED
  (Session info: chrome=149.0.7827.103)
    at Object.throwDecodedError (C:\Users\then9\Downloads\PROJECT PDD\collabroom-tests\selenium\node_modules\selenium-webdriver\lib\error.js:523:15)
    at parseHttpResponse (C:\Users\then9\Downloads\PROJECT PDD\collabroom-tests\selenium\node_modules\selenium-webdriver\lib\http.js:526:13)
    at Executor.execute (C:\Users\then9\Downloads\PROJECT PDD\collabroom-tests\selenium\node_modules\selenium-webdriver\lib\http.js:458:28)
    at processTicksAndRejections (node:internal/process/task_queues:104:5)
    at Driver.execute (C:\Users\then9\Downloads\PROJECT PDD\collabroom-tests\selenium\node_modules\selenium-webdriver\lib\webdriver.js:745:17)
    at login (C:\Users\then9\Downloads\PROJECT PDD\collabroom-tests\selenium\helpers\auth.js:26:3)
    at loginAsBrand (C:\Users\then9\Downloads\PROJECT PDD\collabroom-tests\selenium\helpers\auth.js:49:3)
    at Object.&lt;anonymous&gt; (C:\Users\then9\Downloads\PROJECT PDD\collabroom-tests\selenium\tests\search.test.js:10:5)</failure>
    </testcase>
    <testcase classname="Search Tests TC_SRCH_004: &quot;Filter&quot; text or button visible" name="Search Tests TC_SRCH_004: &quot;Filter&quot; text or button visible" time="0">
      <failure>WebDriverError: unknown error: net::ERR_CONNECTION_REFUSED
  (Session info: chrome=149.0.7827.103)
    at Object.throwDecodedError (C:\Users\then9\Downloads\PROJECT PDD\collabroom-tests\selenium\node_modules\selenium-webdriver\lib\error.js:523:15)
    at parseHttpResponse (C:\Users\then9\Downloads\PROJECT PDD\collabroom-tests\selenium\node_modules\selenium-webdriver\lib\http.js:526:13)
    at Executor.execute (C:\Users\then9\Downloads\PROJECT PDD\collabroom-tests\selenium\node_modules\selenium-webdriver\lib\http.js:458:28)
    at processTicksAndRejections (node:internal/process/task_queues:104:5)
    at Driver.execute (C:\Users\then9\Downloads\PROJECT PDD\collabroom-tests\selenium\node_modules\selenium-webdriver\lib\webdriver.js:745:17)
    at login (C:\Users\then9\Downloads\PROJECT PDD\collabroom-tests\selenium\helpers\auth.js:26:3)
    at loginAsBrand (C:\Users\then9\Downloads\PROJECT PDD\collabroom-tests\selenium\helpers\auth.js:49:3)
    at Object.&lt;anonymous&gt; (C:\Users\then9\Downloads\PROJECT PDD\collabroom-tests\selenium\tests\search.test.js:10:5)</failure>
    </testcase>
    <testcase classname="Search Tests TC_SRCH_005: &quot;K&quot; or &quot;M&quot; or &quot;followers&quot; text visible" name="Search Tests TC_SRCH_005: &quot;K&quot; or &quot;M&quot; or &quot;followers&quot; text visible" time="0">
      <failure>WebDriverError: unknown error: net::ERR_CONNECTION_REFUSED
  (Session info: chrome=149.0.7827.103)
    at Object.throwDecodedError (C:\Users\then9\Downloads\PROJECT PDD\collabroom-tests\selenium\node_modules\selenium-webdriver\lib\error.js:523:15)
    at parseHttpResponse (C:\Users\then9\Downloads\PROJECT PDD\collabroom-tests\selenium\node_modules\selenium-webdriver\lib\http.js:526:13)
    at Executor.execute (C:\Users\then9\Downloads\PROJECT PDD\collabroom-tests\selenium\node_modules\selenium-webdriver\lib\http.js:458:28)
    at processTicksAndRejections (node:internal/process/task_queues:104:5)
    at Driver.execute (C:\Users\then9\Downloads\PROJECT PDD\collabroom-tests\selenium\node_modules\selenium-webdriver\lib\webdriver.js:745:17)
    at login (C:\Users\then9\Downloads\PROJECT PDD\collabroom-tests\selenium\helpers\auth.js:26:3)
    at loginAsBrand (C:\Users\then9\Downloads\PROJECT PDD\collabroom-tests\selenium\helpers\auth.js:49:3)
    at Object.&lt;anonymous&gt; (C:\Users\then9\Downloads\PROJECT PDD\collabroom-tests\selenium\tests\search.test.js:10:5)</failure>
    </testcase>
  </testsuite>
  <testsuite name="Auth Tests" errors="0" failures="6" skipped="0" timestamp="2026-06-18T08:26:10" time="15.005" tests="6">
    <testcase classname="Auth Tests TC_AUTH_001: / loads, title truthy, [data-testid=&quot;logo&quot;] visible" name="Auth Tests TC_AUTH_001: / loads, title truthy, [data-testid=&quot;logo&quot;] visible" time="4.763">
      <failure>WebDriverError: unknown error: net::ERR_CONNECTION_REFUSED
  (Session info: chrome=149.0.7827.103)
    at Object.throwDecodedError (C:\Users\then9\Downloads\PROJECT PDD\collabroom-tests\selenium\node_modules\selenium-webdriver\lib\error.js:523:15)
    at parseHttpResponse (C:\Users\then9\Downloads\PROJECT PDD\collabroom-tests\selenium\node_modules\selenium-webdriver\lib\http.js:526:13)
    at Executor.execute (C:\Users\then9\Downloads\PROJECT PDD\collabroom-tests\selenium\node_modules\selenium-webdriver\lib\http.js:458:28)
    at processTicksAndRejections (node:internal/process/task_queues:104:5)
    at Driver.execute (C:\Users\then9\Downloads\PROJECT PDD\collabroom-tests\selenium\node_modules\selenium-webdriver\lib\webdriver.js:745:17)
    at Object.&lt;anonymous&gt; (C:\Users\then9\Downloads\PROJECT PDD\collabroom-tests\selenium\tests\auth.test.js:17:5)</failure>
    </testcase>
    <testcase classname="Auth Tests TC_AUTH_002: /, Creator and Brand role cards visible" name="Auth Tests TC_AUTH_002: /, Creator and Brand role cards visible" time="2.619">
      <failure>WebDriverError: unknown error: net::ERR_CONNECTION_REFUSED
  (Session info: chrome=149.0.7827.103)
    at Object.throwDecodedError (C:\Users\then9\Downloads\PROJECT PDD\collabroom-tests\selenium\node_modules\selenium-webdriver\lib\error.js:523:15)
    at parseHttpResponse (C:\Users\then9\Downloads\PROJECT PDD\collabroom-tests\selenium\node_modules\selenium-webdriver\lib\http.js:526:13)
    at Executor.execute (C:\Users\then9\Downloads\PROJECT PDD\collabroom-tests\selenium\node_modules\selenium-webdriver\lib\http.js:458:28)
    at processTicksAndRejections (node:internal/process/task_queues:104:5)
    at Driver.execute (C:\Users\then9\Downloads\PROJECT PDD\collabroom-tests\selenium\node_modules\selenium-webdriver\lib\webdriver.js:745:17)
    at Object.&lt;anonymous&gt; (C:\Users\then9\Downloads\PROJECT PDD\collabroom-tests\selenium\tests\auth.test.js:26:5)</failure>
    </testcase>
    <testcase classname="Auth Tests TC_AUTH_003: /#/login, [data-testid=&quot;email-input&quot;] visible" name="Auth Tests TC_AUTH_003: /#/login, [data-testid=&quot;email-input&quot;] visible" time="2.127">
      <failure>WebDriverError: unknown error: net::ERR_CONNECTION_REFUSED
  (Session info: chrome=149.0.7827.103)
    at Object.throwDecodedError (C:\Users\then9\Downloads\PROJECT PDD\collabroom-tests\selenium\node_modules\selenium-webdriver\lib\error.js:523:15)
    at parseHttpResponse (C:\Users\then9\Downloads\PROJECT PDD\collabroom-tests\selenium\node_modules\selenium-webdriver\lib\http.js:526:13)
    at Executor.execute (C:\Users\then9\Downloads\PROJECT PDD\collabroom-tests\selenium\node_modules\selenium-webdriver\lib\http.js:458:28)
    at processTicksAndRejections (node:internal/process/task_queues:104:5)
    at Driver.execute (C:\Users\then9\Downloads\PROJECT PDD\collabroom-tests\selenium\node_modules\selenium-webdriver\lib\webdriver.js:745:17)
    at Object.&lt;anonymous&gt; (C:\Users\then9\Downloads\PROJECT PDD\collabroom-tests\selenium\tests\auth.test.js:33:5)</failure>
    </testcase>
    <testcase classname="Auth Tests TC_AUTH_004: /dashboard URL contains &quot;dashboard&quot;" name="Auth Tests TC_AUTH_004: /dashboard URL contains &quot;dashboard&quot;" time="0.234">
      <failure>WebDriverError: unknown error: net::ERR_CONNECTION_REFUSED
  (Session info: chrome=149.0.7827.103)
    at Object.throwDecodedError (C:\Users\then9\Downloads\PROJECT PDD\collabroom-tests\selenium\node_modules\selenium-webdriver\lib\error.js:523:15)
    at parseHttpResponse (C:\Users\then9\Downloads\PROJECT PDD\collabroom-tests\selenium\node_modules\selenium-webdriver\lib\http.js:526:13)
    at Executor.execute (C:\Users\then9\Downloads\PROJECT PDD\collabroom-tests\selenium\node_modules\selenium-webdriver\lib\http.js:458:28)
    at processTicksAndRejections (node:internal/process/task_queues:104:5)
    at Driver.execute (C:\Users\then9\Downloads\PROJECT PDD\collabroom-tests\selenium\node_modules\selenium-webdriver\lib\webdriver.js:745:17)
    at login (C:\Users\then9\Downloads\PROJECT PDD\collabroom-tests\selenium\helpers\auth.js:26:3)
    at loginAsCreator (C:\Users\then9\Downloads\PROJECT PDD\collabroom-tests\selenium\helpers\auth.js:45:3)
    at Object.&lt;anonymous&gt; (C:\Users\then9\Downloads\PROJECT PDD\collabroom-tests\selenium\tests\auth.test.js:41:5)</failure>
    </testcase>
    <testcase classname="Auth Tests TC_AUTH_005: /dashboard unauthenticated → redirects to /auth or /" name="Auth Tests TC_AUTH_005: /dashboard unauthenticated → redirects to /auth or /" time="4.511">
      <failure>WebDriverError: unknown error: net::ERR_CONNECTION_REFUSED
  (Session info: chrome=149.0.7827.103)
    at Object.throwDecodedError (C:\Users\then9\Downloads\PROJECT PDD\collabroom-tests\selenium\node_modules\selenium-webdriver\lib\error.js:523:15)
    at parseHttpResponse (C:\Users\then9\Downloads\PROJECT PDD\collabroom-tests\selenium\node_modules\selenium-webdriver\lib\http.js:526:13)
    at Executor.execute (C:\Users\then9\Downloads\PROJECT PDD\collabroom-tests\selenium\node_modules\selenium-webdriver\lib\http.js:458:28)
    at processTicksAndRejections (node:internal/process/task_queues:104:5)
    at Driver.execute (C:\Users\then9\Downloads\PROJECT PDD\collabroom-tests\selenium\node_modules\selenium-webdriver\lib\webdriver.js:745:17)
    at Object.&lt;anonymous&gt; (C:\Users\then9\Downloads\PROJECT PDD\collabroom-tests\selenium\tests\auth.test.js:50:5)</failure>
    </testcase>
    <testcase classname="Auth Tests TC_AUTH_006: /auth, [data-testid=&quot;google-signin&quot;] visible" name="Auth Tests TC_AUTH_006: /auth, [data-testid=&quot;google-signin&quot;] visible" time="0.218">
      <failure>WebDriverError: unknown error: net::ERR_CONNECTION_REFUSED
  (Session info: chrome=149.0.7827.103)
    at Object.throwDecodedError (C:\Users\then9\Downloads\PROJECT PDD\collabroom-tests\selenium\node_modules\selenium-webdriver\lib\error.js:523:15)
    at parseHttpResponse (C:\Users\then9\Downloads\PROJECT PDD\collabroom-tests\selenium\node_modules\selenium-webdriver\lib\http.js:526:13)
    at Executor.execute (C:\Users\then9\Downloads\PROJECT PDD\collabroom-tests\selenium\node_modules\selenium-webdriver\lib\http.js:458:28)
    at processTicksAndRejections (node:internal/process/task_queues:104:5)
    at Driver.execute (C:\Users\then9\Downloads\PROJECT PDD\collabroom-tests\selenium\node_modules\selenium-webdriver\lib\webdriver.js:745:17)
    at Object.&lt;anonymous&gt; (C:\Users\then9\Downloads\PROJECT PDD\collabroom-tests\selenium\tests\auth.test.js:70:5)</failure>
    </testcase>
  </testsuite>
  <testsuite name="Contracts Tests" errors="0" failures="4" skipped="0" timestamp="2026-06-18T08:26:25" time="5.273" tests="4">
    <testcase classname="Contracts Tests TC_CONT_001: /contracts body visible" name="Contracts Tests TC_CONT_001: /contracts body visible" time="0">
      <failure>WebDriverError: unknown error: net::ERR_CONNECTION_REFUSED
  (Session info: chrome=149.0.7827.103)
    at Object.throwDecodedError (C:\Users\then9\Downloads\PROJECT PDD\collabroom-tests\selenium\node_modules\selenium-webdriver\lib\error.js:523:15)
    at parseHttpResponse (C:\Users\then9\Downloads\PROJECT PDD\collabroom-tests\selenium\node_modules\selenium-webdriver\lib\http.js:526:13)
    at Executor.execute (C:\Users\then9\Downloads\PROJECT PDD\collabroom-tests\selenium\node_modules\selenium-webdriver\lib\http.js:458:28)
    at processTicksAndRejections (node:internal/process/task_queues:104:5)
    at Driver.execute (C:\Users\then9\Downloads\PROJECT PDD\collabroom-tests\selenium\node_modules\selenium-webdriver\lib\webdriver.js:745:17)
    at login (C:\Users\then9\Downloads\PROJECT PDD\collabroom-tests\selenium\helpers\auth.js:26:3)
    at loginAsCreator (C:\Users\then9\Downloads\PROJECT PDD\collabroom-tests\selenium\helpers\auth.js:45:3)
    at Object.&lt;anonymous&gt; (C:\Users\then9\Downloads\PROJECT PDD\collabroom-tests\selenium\tests\contracts.test.js:11:5)</failure>
    </testcase>
    <testcase classname="Contracts Tests TC_CONT_002: [data-testid=&quot;contract-card&quot;] present (count &gt; 0)" name="Contracts Tests TC_CONT_002: [data-testid=&quot;contract-card&quot;] present (count &gt; 0)" time="0.001">
      <failure>WebDriverError: unknown error: net::ERR_CONNECTION_REFUSED
  (Session info: chrome=149.0.7827.103)
    at Object.throwDecodedError (C:\Users\then9\Downloads\PROJECT PDD\collabroom-tests\selenium\node_modules\selenium-webdriver\lib\error.js:523:15)
    at parseHttpResponse (C:\Users\then9\Downloads\PROJECT PDD\collabroom-tests\selenium\node_modules\selenium-webdriver\lib\http.js:526:13)
    at Executor.execute (C:\Users\then9\Downloads\PROJECT PDD\collabroom-tests\selenium\node_modules\selenium-webdriver\lib\http.js:458:28)
    at processTicksAndRejections (node:internal/process/task_queues:104:5)
    at Driver.execute (C:\Users\then9\Downloads\PROJECT PDD\collabroom-tests\selenium\node_modules\selenium-webdriver\lib\webdriver.js:745:17)
    at login (C:\Users\then9\Downloads\PROJECT PDD\collabroom-tests\selenium\helpers\auth.js:26:3)
    at loginAsCreator (C:\Users\then9\Downloads\PROJECT PDD\collabroom-tests\selenium\helpers\auth.js:45:3)
    at Object.&lt;anonymous&gt; (C:\Users\then9\Downloads\PROJECT PDD\collabroom-tests\selenium\tests\contracts.test.js:11:5)</failure>
    </testcase>
    <testcase classname="Contracts Tests TC_CONT_003: [data-testid=&quot;contract-status&quot;] with status text" name="Contracts Tests TC_CONT_003: [data-testid=&quot;contract-status&quot;] with status text" time="0">
      <failure>WebDriverError: unknown error: net::ERR_CONNECTION_REFUSED
  (Session info: chrome=149.0.7827.103)
    at Object.throwDecodedError (C:\Users\then9\Downloads\PROJECT PDD\collabroom-tests\selenium\node_modules\selenium-webdriver\lib\error.js:523:15)
    at parseHttpResponse (C:\Users\then9\Downloads\PROJECT PDD\collabroom-tests\selenium\node_modules\selenium-webdriver\lib\http.js:526:13)
    at Executor.execute (C:\Users\then9\Downloads\PROJECT PDD\collabroom-tests\selenium\node_modules\selenium-webdriver\lib\http.js:458:28)
    at processTicksAndRejections (node:internal/process/task_queues:104:5)
    at Driver.execute (C:\Users\then9\Downloads\PROJECT PDD\collabroom-tests\selenium\node_modules\selenium-webdriver\lib\webdriver.js:745:17)
    at login (C:\Users\then9\Downloads\PROJECT PDD\collabroom-tests\selenium\helpers\auth.js:26:3)
    at loginAsCreator (C:\Users\then9\Downloads\PROJECT PDD\collabroom-tests\selenium\helpers\auth.js:45:3)
    at Object.&lt;anonymous&gt; (C:\Users\then9\Downloads\PROJECT PDD\collabroom-tests\selenium\tests\contracts.test.js:11:5)</failure>
    </testcase>
    <testcase classname="Contracts Tests TC_CONT_004: clicking contract card changes URL" name="Contracts Tests TC_CONT_004: clicking contract card changes URL" time="0">
      <failure>WebDriverError: unknown error: net::ERR_CONNECTION_REFUSED
  (Session info: chrome=149.0.7827.103)
    at Object.throwDecodedError (C:\Users\then9\Downloads\PROJECT PDD\collabroom-tests\selenium\node_modules\selenium-webdriver\lib\error.js:523:15)
    at parseHttpResponse (C:\Users\then9\Downloads\PROJECT PDD\collabroom-tests\selenium\node_modules\selenium-webdriver\lib\http.js:526:13)
    at Executor.execute (C:\Users\then9\Downloads\PROJECT PDD\collabroom-tests\selenium\node_modules\selenium-webdriver\lib\http.js:458:28)
    at processTicksAndRejections (node:internal/process/task_queues:104:5)
    at Driver.execute (C:\Users\then9\Downloads\PROJECT PDD\collabroom-tests\selenium\node_modules\selenium-webdriver\lib\webdriver.js:745:17)
    at login (C:\Users\then9\Downloads\PROJECT PDD\collabroom-tests\selenium\helpers\auth.js:26:3)
    at loginAsCreator (C:\Users\then9\Downloads\PROJECT PDD\collabroom-tests\selenium\helpers\auth.js:45:3)
    at Object.&lt;anonymous&gt; (C:\Users\then9\Downloads\PROJECT PDD\collabroom-tests\selenium\tests\contracts.test.js:11:5)</failure>
    </testcase>
  </testsuite>
  <testsuite name="Notifications Tests" errors="0" failures="4" skipped="0" timestamp="2026-06-18T08:26:31" time="5.306" tests="4">
    <testcase classname="Notifications Tests TC_NOTIF_001: /notifications body visible" name="Notifications Tests TC_NOTIF_001: /notifications body visible" time="0">
      <failure>WebDriverError: unknown error: net::ERR_CONNECTION_REFUSED
  (Session info: chrome=149.0.7827.103)
    at Object.throwDecodedError (C:\Users\then9\Downloads\PROJECT PDD\collabroom-tests\selenium\node_modules\selenium-webdriver\lib\error.js:523:15)
    at parseHttpResponse (C:\Users\then9\Downloads\PROJECT PDD\collabroom-tests\selenium\node_modules\selenium-webdriver\lib\http.js:526:13)
    at Executor.execute (C:\Users\then9\Downloads\PROJECT PDD\collabroom-tests\selenium\node_modules\selenium-webdriver\lib\http.js:458:28)
    at processTicksAndRejections (node:internal/process/task_queues:104:5)
    at Driver.execute (C:\Users\then9\Downloads\PROJECT PDD\collabroom-tests\selenium\node_modules\selenium-webdriver\lib\webdriver.js:745:17)
    at login (C:\Users\then9\Downloads\PROJECT PDD\collabroom-tests\selenium\helpers\auth.js:26:3)
    at loginAsCreator (C:\Users\then9\Downloads\PROJECT PDD\collabroom-tests\selenium\helpers\auth.js:45:3)
    at Object.&lt;anonymous&gt; (C:\Users\then9\Downloads\PROJECT PDD\collabroom-tests\selenium\tests\notifications.test.js:11:5)</failure>
    </testcase>
    <testcase classname="Notifications Tests TC_NOTIF_002: [data-testid=&quot;notification-item&quot;] present (count &gt; 0)" name="Notifications Tests TC_NOTIF_002: [data-testid=&quot;notification-item&quot;] present (count &gt; 0)" time="0">
      <failure>WebDriverError: unknown error: net::ERR_CONNECTION_REFUSED
  (Session info: chrome=149.0.7827.103)
    at Object.throwDecodedError (C:\Users\then9\Downloads\PROJECT PDD\collabroom-tests\selenium\node_modules\selenium-webdriver\lib\error.js:523:15)
    at parseHttpResponse (C:\Users\then9\Downloads\PROJECT PDD\collabroom-tests\selenium\node_modules\selenium-webdriver\lib\http.js:526:13)
    at Executor.execute (C:\Users\then9\Downloads\PROJECT PDD\collabroom-tests\selenium\node_modules\selenium-webdriver\lib\http.js:458:28)
    at processTicksAndRejections (node:internal/process/task_queues:104:5)
    at Driver.execute (C:\Users\then9\Downloads\PROJECT PDD\collabroom-tests\selenium\node_modules\selenium-webdriver\lib\webdriver.js:745:17)
    at login (C:\Users\then9\Downloads\PROJECT PDD\collabroom-tests\selenium\helpers\auth.js:26:3)
    at loginAsCreator (C:\Users\then9\Downloads\PROJECT PDD\collabroom-tests\selenium\helpers\auth.js:45:3)
    at Object.&lt;anonymous&gt; (C:\Users\then9\Downloads\PROJECT PDD\collabroom-tests\selenium\tests\notifications.test.js:11:5)</failure>
    </testcase>
    <testcase classname="Notifications Tests TC_NOTIF_003: [data-testid=&quot;mark-all-read&quot;] visible" name="Notifications Tests TC_NOTIF_003: [data-testid=&quot;mark-all-read&quot;] visible" time="0">
      <failure>WebDriverError: unknown error: net::ERR_CONNECTION_REFUSED
  (Session info: chrome=149.0.7827.103)
    at Object.throwDecodedError (C:\Users\then9\Downloads\PROJECT PDD\collabroom-tests\selenium\node_modules\selenium-webdriver\lib\error.js:523:15)
    at parseHttpResponse (C:\Users\then9\Downloads\PROJECT PDD\collabroom-tests\selenium\node_modules\selenium-webdriver\lib\http.js:526:13)
    at Executor.execute (C:\Users\then9\Downloads\PROJECT PDD\collabroom-tests\selenium\node_modules\selenium-webdriver\lib\http.js:458:28)
    at processTicksAndRejections (node:internal/process/task_queues:104:5)
    at Driver.execute (C:\Users\then9\Downloads\PROJECT PDD\collabroom-tests\selenium\node_modules\selenium-webdriver\lib\webdriver.js:745:17)
    at login (C:\Users\then9\Downloads\PROJECT PDD\collabroom-tests\selenium\helpers\auth.js:26:3)
    at loginAsCreator (C:\Users\then9\Downloads\PROJECT PDD\collabroom-tests\selenium\helpers\auth.js:45:3)
    at Object.&lt;anonymous&gt; (C:\Users\then9\Downloads\PROJECT PDD\collabroom-tests\selenium\tests\notifications.test.js:11:5)</failure>
    </testcase>
    <testcase classname="Notifications Tests TC_NOTIF_004: multiple filter buttons present (count &gt; 1)" name="Notifications Tests TC_NOTIF_004: multiple filter buttons present (count &gt; 1)" time="0">
      <failure>WebDriverError: unknown error: net::ERR_CONNECTION_REFUSED
  (Session info: chrome=149.0.7827.103)
    at Object.throwDecodedError (C:\Users\then9\Downloads\PROJECT PDD\collabroom-tests\selenium\node_modules\selenium-webdriver\lib\error.js:523:15)
    at parseHttpResponse (C:\Users\then9\Downloads\PROJECT PDD\collabroom-tests\selenium\node_modules\selenium-webdriver\lib\http.js:526:13)
    at Executor.execute (C:\Users\then9\Downloads\PROJECT PDD\collabroom-tests\selenium\node_modules\selenium-webdriver\lib\http.js:458:28)
    at processTicksAndRejections (node:internal/process/task_queues:104:5)
    at Driver.execute (C:\Users\then9\Downloads\PROJECT PDD\collabroom-tests\selenium\node_modules\selenium-webdriver\lib\webdriver.js:745:17)
    at login (C:\Users\then9\Downloads\PROJECT PDD\collabroom-tests\selenium\helpers\auth.js:26:3)
    at loginAsCreator (C:\Users\then9\Downloads\PROJECT PDD\collabroom-tests\selenium\helpers\auth.js:45:3)
    at Object.&lt;anonymous&gt; (C:\Users\then9\Downloads\PROJECT PDD\collabroom-tests\selenium\tests\notifications.test.js:11:5)</failure>
    </testcase>
  </testsuite>
  <testsuite name="Collab Room Tests" errors="0" failures="4" skipped="0" timestamp="2026-06-18T08:26:36" time="5.263" tests="4">
    <testcase classname="Collab Room Tests TC_COLLAB_001: /collab-room/room-001 body visible" name="Collab Room Tests TC_COLLAB_001: /collab-room/room-001 body visible" time="0">
      <failure>WebDriverError: &lt;unknown&gt;: Failed to read the &apos;localStorage&apos; property from &apos;Window&apos;: Access is denied for this document.
  (Session info: chrome=149.0.7827.103)
    at Object.throwDecodedError (C:\Users\then9\Downloads\PROJECT PDD\collabroom-tests\selenium\node_modules\selenium-webdriver\lib\error.js:523:15)
    at parseHttpResponse (C:\Users\then9\Downloads\PROJECT PDD\collabroom-tests\selenium\node_modules\selenium-webdriver\lib\http.js:526:13)
    at Executor.execute (C:\Users\then9\Downloads\PROJECT PDD\collabroom-tests\selenium\node_modules\selenium-webdriver\lib\http.js:458:28)
    at processTicksAndRejections (node:internal/process/task_queues:104:5)
    at Driver.execute (C:\Users\then9\Downloads\PROJECT PDD\collabroom-tests\selenium\node_modules\selenium-webdriver\lib\webdriver.js:745:17)
    at login (C:\Users\then9\Downloads\PROJECT PDD\collabroom-tests\selenium\helpers\auth.js:28:3)
    at loginAsCreator (C:\Users\then9\Downloads\PROJECT PDD\collabroom-tests\selenium\helpers\auth.js:45:3)
    at Object.&lt;anonymous&gt; (C:\Users\then9\Downloads\PROJECT PDD\collabroom-tests\selenium\tests\collab-room.test.js:11:5)</failure>
    </testcase>
    <testcase classname="Collab Room Tests TC_COLLAB_002: [data-testid=&quot;milestone-timeline&quot;] visible" name="Collab Room Tests TC_COLLAB_002: [data-testid=&quot;milestone-timeline&quot;] visible" time="0">
      <failure>WebDriverError: &lt;unknown&gt;: Failed to read the &apos;localStorage&apos; property from &apos;Window&apos;: Access is denied for this document.
  (Session info: chrome=149.0.7827.103)
    at Object.throwDecodedError (C:\Users\then9\Downloads\PROJECT PDD\collabroom-tests\selenium\node_modules\selenium-webdriver\lib\error.js:523:15)
    at parseHttpResponse (C:\Users\then9\Downloads\PROJECT PDD\collabroom-tests\selenium\node_modules\selenium-webdriver\lib\http.js:526:13)
    at Executor.execute (C:\Users\then9\Downloads\PROJECT PDD\collabroom-tests\selenium\node_modules\selenium-webdriver\lib\http.js:458:28)
    at processTicksAndRejections (node:internal/process/task_queues:104:5)
    at Driver.execute (C:\Users\then9\Downloads\PROJECT PDD\collabroom-tests\selenium\node_modules\selenium-webdriver\lib\webdriver.js:745:17)
    at login (C:\Users\then9\Downloads\PROJECT PDD\collabroom-tests\selenium\helpers\auth.js:28:3)
    at loginAsCreator (C:\Users\then9\Downloads\PROJECT PDD\collabroom-tests\selenium\helpers\auth.js:45:3)
    at Object.&lt;anonymous&gt; (C:\Users\then9\Downloads\PROJECT PDD\collabroom-tests\selenium\tests\collab-room.test.js:11:5)</failure>
    </testcase>
    <testcase classname="Collab Room Tests TC_COLLAB_003: [data-testid=&quot;message-area&quot;] visible" name="Collab Room Tests TC_COLLAB_003: [data-testid=&quot;message-area&quot;] visible" time="0">
      <failure>WebDriverError: &lt;unknown&gt;: Failed to read the &apos;localStorage&apos; property from &apos;Window&apos;: Access is denied for this document.
  (Session info: chrome=149.0.7827.103)
    at Object.throwDecodedError (C:\Users\then9\Downloads\PROJECT PDD\collabroom-tests\selenium\node_modules\selenium-webdriver\lib\error.js:523:15)
    at parseHttpResponse (C:\Users\then9\Downloads\PROJECT PDD\collabroom-tests\selenium\node_modules\selenium-webdriver\lib\http.js:526:13)
    at Executor.execute (C:\Users\then9\Downloads\PROJECT PDD\collabroom-tests\selenium\node_modules\selenium-webdriver\lib\http.js:458:28)
    at processTicksAndRejections (node:internal/process/task_queues:104:5)
    at Driver.execute (C:\Users\then9\Downloads\PROJECT PDD\collabroom-tests\selenium\node_modules\selenium-webdriver\lib\webdriver.js:745:17)
    at login (C:\Users\then9\Downloads\PROJECT PDD\collabroom-tests\selenium\helpers\auth.js:28:3)
    at loginAsCreator (C:\Users\then9\Downloads\PROJECT PDD\collabroom-tests\selenium\helpers\auth.js:45:3)
    at Object.&lt;anonymous&gt; (C:\Users\then9\Downloads\PROJECT PDD\collabroom-tests\selenium\tests\collab-room.test.js:11:5)</failure>
    </testcase>
    <testcase classname="Collab Room Tests TC_COLLAB_004: [data-testid=&quot;message-input&quot;] visible" name="Collab Room Tests TC_COLLAB_004: [data-testid=&quot;message-input&quot;] visible" time="0">
      <failure>WebDriverError: &lt;unknown&gt;: Failed to read the &apos;localStorage&apos; property from &apos;Window&apos;: Access is denied for this document.
  (Session info: chrome=149.0.7827.103)
    at Object.throwDecodedError (C:\Users\then9\Downloads\PROJECT PDD\collabroom-tests\selenium\node_modules\selenium-webdriver\lib\error.js:523:15)
    at parseHttpResponse (C:\Users\then9\Downloads\PROJECT PDD\collabroom-tests\selenium\node_modules\selenium-webdriver\lib\http.js:526:13)
    at Executor.execute (C:\Users\then9\Downloads\PROJECT PDD\collabroom-tests\selenium\node_modules\selenium-webdriver\lib\http.js:458:28)
    at processTicksAndRejections (node:internal/process/task_queues:104:5)
    at Driver.execute (C:\Users\then9\Downloads\PROJECT PDD\collabroom-tests\selenium\node_modules\selenium-webdriver\lib\webdriver.js:745:17)
    at login (C:\Users\then9\Downloads\PROJECT PDD\collabroom-tests\selenium\helpers\auth.js:28:3)
    at loginAsCreator (C:\Users\then9\Downloads\PROJECT PDD\collabroom-tests\selenium\helpers\auth.js:45:3)
    at Object.&lt;anonymous&gt; (C:\Users\then9\Downloads\PROJECT PDD\collabroom-tests\selenium\tests\collab-room.test.js:11:5)</failure>
    </testcase>
  </testsuite>
</testsuites>